

Microchip Technology PIC LITE Macro Assembler V1.35 build -356382666 
                                                                                               Fri Apr 22 11:10:04 2016

Microchip Technology Omniscient Code Generator v1.35 (Free mode) build 201507080246
     1                           	processor	16F1939
     2                           	opt	pw 120
     3                           	opt	lm
     4                           	psect	idataBANK0,global,class=CODE,delta=2
     5                           	psect	cinit,global,class=CODE,merge=1,delta=2
     6                           	psect	bssCOMMON,global,class=COMMON,space=1,delta=1
     7                           	psect	dataBANK0,global,class=BANK0,space=1,delta=1
     8                           	psect	cstackCOMMON,global,class=COMMON,space=1,delta=1
     9                           	psect	cstackBANK0,global,class=BANK0,space=1,delta=1
    10                           	psect	maintext,global,class=CODE,merge=1,split=1,delta=2
    11                           	psect	text1,local,class=CODE,merge=1,delta=2
    12                           	psect	text2,local,class=CODE,merge=1,delta=2
    13                           	psect	text3,local,class=CODE,merge=1,delta=2
    14                           	psect	intentry,global,class=CODE,delta=2
    15                           	psect	text5,local,class=CODE,merge=1,delta=2
    16                           	psect	text6,local,class=CODE,merge=1,delta=2
    17                           	dabs	1,0x7E,2
    18  0000                     	;# 
    19  0001                     	;# 
    20  0002                     	;# 
    21  0003                     	;# 
    22  0004                     	;# 
    23  0005                     	;# 
    24  0006                     	;# 
    25  0007                     	;# 
    26  0008                     	;# 
    27  0009                     	;# 
    28  000A                     	;# 
    29  000B                     	;# 
    30  000C                     	;# 
    31  000D                     	;# 
    32  000E                     	;# 
    33  000F                     	;# 
    34  0010                     	;# 
    35  0011                     	;# 
    36  0012                     	;# 
    37  0013                     	;# 
    38  0015                     	;# 
    39  0016                     	;# 
    40  0016                     	;# 
    41  0017                     	;# 
    42  0018                     	;# 
    43  0019                     	;# 
    44  001A                     	;# 
    45  001B                     	;# 
    46  001C                     	;# 
    47  001E                     	;# 
    48  001F                     	;# 
    49  008C                     	;# 
    50  008D                     	;# 
    51  008E                     	;# 
    52  008F                     	;# 
    53  0090                     	;# 
    54  0091                     	;# 
    55  0092                     	;# 
    56  0093                     	;# 
    57  0095                     	;# 
    58  0096                     	;# 
    59  0097                     	;# 
    60  0098                     	;# 
    61  0099                     	;# 
    62  009A                     	;# 
    63  009B                     	;# 
    64  009B                     	;# 
    65  009C                     	;# 
    66  009D                     	;# 
    67  009E                     	;# 
    68  010C                     	;# 
    69  010D                     	;# 
    70  010E                     	;# 
    71  010F                     	;# 
    72  0110                     	;# 
    73  0111                     	;# 
    74  0112                     	;# 
    75  0113                     	;# 
    76  0114                     	;# 
    77  0115                     	;# 
    78  0116                     	;# 
    79  0117                     	;# 
    80  0118                     	;# 
    81  0119                     	;# 
    82  011A                     	;# 
    83  011B                     	;# 
    84  011D                     	;# 
    85  018C                     	;# 
    86  018D                     	;# 
    87  018F                     	;# 
    88  0190                     	;# 
    89  0191                     	;# 
    90  0191                     	;# 
    91  0192                     	;# 
    92  0193                     	;# 
    93  0193                     	;# 
    94  0193                     	;# 
    95  0194                     	;# 
    96  0195                     	;# 
    97  0196                     	;# 
    98  0199                     	;# 
    99  019A                     	;# 
   100  019B                     	;# 
   101  019B                     	;# 
   102  019B                     	;# 
   103  019B                     	;# 
   104  019C                     	;# 
   105  019C                     	;# 
   106  019D                     	;# 
   107  019E                     	;# 
   108  019F                     	;# 
   109  020D                     	;# 
   110  0210                     	;# 
   111  0211                     	;# 
   112  0212                     	;# 
   113  0213                     	;# 
   114  0214                     	;# 
   115  0215                     	;# 
   116  0215                     	;# 
   117  0216                     	;# 
   118  0217                     	;# 
   119  0291                     	;# 
   120  0291                     	;# 
   121  0292                     	;# 
   122  0293                     	;# 
   123  0294                     	;# 
   124  0295                     	;# 
   125  0295                     	;# 
   126  0296                     	;# 
   127  0298                     	;# 
   128  0298                     	;# 
   129  0299                     	;# 
   130  029A                     	;# 
   131  029B                     	;# 
   132  029C                     	;# 
   133  029C                     	;# 
   134  029D                     	;# 
   135  029E                     	;# 
   136  029F                     	;# 
   137  0311                     	;# 
   138  0311                     	;# 
   139  0312                     	;# 
   140  0313                     	;# 
   141  0314                     	;# 
   142  0315                     	;# 
   143  0315                     	;# 
   144  0316                     	;# 
   145  0318                     	;# 
   146  0318                     	;# 
   147  0319                     	;# 
   148  031A                     	;# 
   149  031C                     	;# 
   150  031C                     	;# 
   151  031D                     	;# 
   152  031E                     	;# 
   153  0394                     	;# 
   154  0395                     	;# 
   155  0396                     	;# 
   156  0415                     	;# 
   157  0416                     	;# 
   158  0417                     	;# 
   159  041C                     	;# 
   160  041D                     	;# 
   161  041E                     	;# 
   162  0791                     	;# 
   163  0792                     	;# 
   164  0793                     	;# 
   165  0794                     	;# 
   166  0795                     	;# 
   167  0798                     	;# 
   168  0799                     	;# 
   169  079A                     	;# 
   170  07A0                     	;# 
   171  07A1                     	;# 
   172  07A2                     	;# 
   173  07A3                     	;# 
   174  07A4                     	;# 
   175  07A5                     	;# 
   176  07A6                     	;# 
   177  07A7                     	;# 
   178  07A8                     	;# 
   179  07A9                     	;# 
   180  07AA                     	;# 
   181  07AB                     	;# 
   182  0FE4                     	;# 
   183  0FE5                     	;# 
   184  0FE6                     	;# 
   185  0FE7                     	;# 
   186  0FE8                     	;# 
   187  0FE9                     	;# 
   188  0FEA                     	;# 
   189  0FEB                     	;# 
   190  0FED                     	;# 
   191  0FEE                     	;# 
   192  0FEF                     	;# 
   193                           
   194                           	psect	idataBANK0
   195  01F1                     __pidataBANK0:	
   196                           
   197                           ;initializer for _pod
   198  01F1  3441               	retlw	65
   199  0015                     _TMR0	set	21
   200  0072                     _RC2	set	114
   201  005D                     _TMR0IE	set	93
   202  005A                     _TMR0IF	set	90
   203  008E                     _TRISCbits	set	142
   204  008F                     _TRISDbits	set	143
   205  04A8                     _PS0	set	1192
   206  04A9                     _PS1	set	1193
   207  04AA                     _PS2	set	1194
   208  04AB                     _PSA	set	1195
   209  04AD                     _T0CS	set	1197
   210  04AC                     _T0SE	set	1196
   211  019C                     _SPBRGH	set	412
   212  019B                     _SPBRGL	set	411
   213  0CFB                     _BRG16	set	3323
   214  0CF2                     _BRGH	set	3314
   215  0CEC                     _CREN	set	3308
   216  0CEF                     _SPEN	set	3311
   217  0CED                     _SREN	set	3309
   218  0CF4                     _SYNC	set	3316
   219  0CF5                     _TXEN	set	3317
   220  10AD                     _SSPEN	set	4269
   221                           
   222                           ; #config settings
   223  0000                     
   224                           	psect	cinit
   225  0018                     start_initialization:	
   226  0018                     __initialization:	
   227                           
   228                           ; Clear objects allocated to COMMON
   229  0018  01FD               	clrf	__pbssCOMMON& (0+127)
   230                           
   231                           ; Initialize objects allocated to BANK0
   232  0019  3181  21F1         	fcall	__pidataBANK0	;fetch initializer
   233  001B  00A8               	movwf	__pdataBANK0& (0+127)
   234  001C                     end_of_initialization:	
   235                           ;End of C runtime variable initialization code
   236                           
   237  001C                     __end_of__initialization:	
   238  001C  107E               	bcf	int$flags,0	;clear compiler interrupt flag (level 1)
   239  001D  0020               	movlb	0
   240  001E  3180  2820         	ljmp	_main	;jump to C main() function
   241                           
   242                           	psect	bssCOMMON
   243  007D                     __pbssCOMMON:	
   244  007D                     _t:	
   245  007D                     	ds	1
   246                           
   247                           	psect	dataBANK0
   248  0028                     __pdataBANK0:	
   249  0028                     _pod:	
   250  0028                     	ds	1
   251                           
   252                           	psect	cstackCOMMON
   253  0070                     __pcstackCOMMON:	
   254  0070                     ?_init:	
   255  0070                     ?_init_serial:	
   256                           ; 0 bytes @ 0x0
   257                           
   258  0070                     ?_rf_send2:	
   259                           ; 0 bytes @ 0x0
   260                           
   261  0070                     ?_rf_send:	
   262                           ; 0 bytes @ 0x0
   263                           
   264  0070                     ?_main:	
   265                           ; 0 bytes @ 0x0
   266                           
   267  0070                     ?_prekidna_rutina:	
   268                           ; 0 bytes @ 0x0
   269                           
   270  0070                     ?___awdiv:	
   271                           ; 0 bytes @ 0x0
   272                           
   273  0070                     ___awdiv@divisor:	
   274                           ; 2 bytes @ 0x0
   275                           
   276                           
   277                           ; 2 bytes @ 0x0
   278  0070                     	ds	2
   279  0072                     ___awdiv@dividend:	
   280                           
   281                           ; 2 bytes @ 0x2
   282  0072                     	ds	2
   283  0074                     ??___awdiv:	
   284                           
   285                           ; 0 bytes @ 0x4
   286  0074                     	ds	1
   287  0075                     ___awdiv@counter:	
   288                           
   289                           ; 1 bytes @ 0x5
   290  0075                     	ds	1
   291  0076                     ___awdiv@sign:	
   292                           
   293                           ; 1 bytes @ 0x6
   294  0076                     	ds	1
   295  0077                     ___awdiv@quotient:	
   296                           
   297                           ; 2 bytes @ 0x7
   298  0077                     	ds	2
   299  0079                     ??_rf_send:	
   300                           
   301                           ; 0 bytes @ 0x9
   302  0079                     	ds	3
   303  007C                     ??_prekidna_rutina:	
   304                           
   305                           ; 0 bytes @ 0xC
   306  007C                     	ds	1
   307                           
   308                           	psect	cstackBANK0
   309  0020                     __pcstackBANK0:	
   310  0020                     ??_init:	
   311  0020                     ??_init_serial:	
   312                           ; 0 bytes @ 0x0
   313                           
   314  0020                     ??_rf_send2:	
   315                           ; 0 bytes @ 0x0
   316                           
   317                           
   318                           ; 0 bytes @ 0x0
   319  0020                     	ds	2
   320  0022                     rf_send2@podatak:	
   321                           
   322                           ; 1 bytes @ 0x2
   323  0022                     	ds	1
   324  0023                     rf_send2@i:	
   325                           
   326                           ; 1 bytes @ 0x3
   327  0023                     	ds	1
   328  0024                     ??_main:	
   329                           
   330                           ; 0 bytes @ 0x4
   331  0024                     	ds	3
   332  0027                     main@k:	
   333                           
   334                           ; 1 bytes @ 0x7
   335  0027                     	ds	1
   336                           
   337                           	psect	maintext
   338  0020                     __pmaintext:	
   339 ;;
   340 ;;Main: autosize = 0, tempsize = 3, incstack = 0, save=0
   341 ;;
   342 ;; *************** function _main *****************
   343 ;; Defined at:
   344 ;;		line 58 in file "main.c"
   345 ;; Parameters:    Size  Location     Type
   346 ;;		None
   347 ;; Auto vars:     Size  Location     Type
   348 ;;  k               1    7[BANK0 ] unsigned char 
   349 ;; Return value:  Size  Location     Type
   350 ;;		None               void
   351 ;; Registers used:
   352 ;;		wreg, status,2, status,0, pclath, cstack
   353 ;; Tracked objects:
   354 ;;		On entry : B1F/0
   355 ;;		On exit  : 0/0
   356 ;;		Unchanged: 0/0
   357 ;; Data sizes:     COMMON   BANK0   BANK1   BANK2   BANK3   BANK4   BANK5   BANK6   BANK7   BANK8   BANK9  BANK10  BANK1
      +1  BANK12
   358 ;;      Params:         0       0       0       0       0       0       0       0       0       0       0       0       
      +0       0
   359 ;;      Locals:         0       1       0       0       0       0       0       0       0       0       0       0       
      +0       0
   360 ;;      Temps:          0       3       0       0       0       0       0       0       0       0       0       0       
      +0       0
   361 ;;      Totals:         0       4       0       0       0       0       0       0       0       0       0       0       
      +0       0
   362 ;;Total ram usage:        4 bytes
   363 ;; Hardware stack levels required when called:    4
   364 ;; This function calls:
   365 ;;		_init
   366 ;;		_init_serial
   367 ;;		_rf_send2
   368 ;; This function is called by:
   369 ;;		Startup code after reset
   370 ;; This function uses a non-reentrant model
   371 ;;
   372                           
   373                           
   374                           ;psect for function _main
   375  0020                     _main:	
   376                           
   377                           ;main.c: 59: init();
   378                           
   379                           ;incstack = 0
   380                           ; Regs used in _main: [wreg+status,2+status,0+pclath+cstack]
   381  0020  3181  21D4  3180   	fcall	_init
   382                           
   383                           ;main.c: 60: init_serial();
   384  0023  3181  21E5  3180   	fcall	_init_serial
   385  0026                     l892:	
   386                           ;main.c: 61: while(1) {
   387                           
   388                           
   389                           ;main.c: 62: char k = 0;
   390  0026  0020               	movlb	0	; select bank0
   391  0027  01A7               	clrf	main@k
   392                           
   393                           ;main.c: 63: for(k = 0; k<5; k++)
   394  0028  01A7               	clrf	main@k
   395  0029  3005               	movlw	5
   396  002A  0227               	subwf	main@k,w
   397  002B  1803               	btfsc	3,0
   398  002C  285A               	goto	l910
   399  002D                     l900:	
   400                           
   401                           ;main.c: 64: {
   402                           ;main.c: 65: rf_send2('*');
   403  002D  302A               	movlw	42
   404  002E  3180  20A8  3180   	fcall	_rf_send2
   405                           
   406                           ;main.c: 66: _delay((unsigned long)((1000)*(8000000/4000.0)));
   407  0031  300B               	movlw	11
   408  0032  0020               	movlb	0	; select bank0
   409  0033  00A6               	movwf	??_main+2
   410  0034  3026               	movlw	38
   411  0035  00A5               	movwf	??_main+1
   412  0036  3066               	movlw	102
   413  0037  00A4               	movwf	??_main
   414  0038                     u697:	
   415  0038  0BA4               	decfsz	??_main,f
   416  0039  2838               	goto	u697
   417  003A  0BA5               	decfsz	??_main+1,f
   418  003B  2838               	goto	u697
   419  003C  0BA6               	decfsz	??_main+2,f
   420  003D  2838               	goto	u697
   421  003E  3200               	nop2
   422                           
   423                           ;main.c: 67: rf_send2('K');
   424  003F  304B               	movlw	75
   425  0040  3180  20A8  3180   	fcall	_rf_send2
   426                           
   427                           ;main.c: 68: _delay((unsigned long)((1000)*(8000000/4000.0)));
   428  0043  300B               	movlw	11
   429  0044  0020               	movlb	0	; select bank0
   430  0045  00A6               	movwf	??_main+2
   431  0046  3026               	movlw	38
   432  0047  00A5               	movwf	??_main+1
   433  0048  3066               	movlw	102
   434  0049  00A4               	movwf	??_main
   435  004A                     u707:	
   436  004A  0BA4               	decfsz	??_main,f
   437  004B  284A               	goto	u707
   438  004C  0BA5               	decfsz	??_main+1,f
   439  004D  284A               	goto	u707
   440  004E  0BA6               	decfsz	??_main+2,f
   441  004F  284A               	goto	u707
   442  0050  3200               	nop2
   443  0051  3001               	movlw	1
   444  0052  0020               	movlb	0	; select bank0
   445  0053  00A4               	movwf	??_main
   446  0054  0824               	movf	??_main,w
   447  0055  07A7               	addwf	main@k,f
   448  0056  3005               	movlw	5
   449  0057  0227               	subwf	main@k,w
   450  0058  1C03               	skipc
   451  0059  282D               	goto	l900
   452  005A                     l910:	
   453                           
   454                           ;main.c: 69: }
   455                           ;main.c: 71: _delay((unsigned long)((1000)*(8000000/4000.0)));
   456  005A  300B               	movlw	11
   457  005B  00A6               	movwf	??_main+2
   458  005C  3026               	movlw	38
   459  005D  00A5               	movwf	??_main+1
   460  005E  3066               	movlw	102
   461  005F  00A4               	movwf	??_main
   462  0060                     u717:	
   463  0060  0BA4               	decfsz	??_main,f
   464  0061  2860               	goto	u717
   465  0062  0BA5               	decfsz	??_main+1,f
   466  0063  2860               	goto	u717
   467  0064  0BA6               	decfsz	??_main+2,f
   468  0065  2860               	goto	u717
   469  0066  3200               	nop2
   470                           
   471                           ;main.c: 72: for(k = 0; k<5; k++)
   472  0067  0020               	movlb	0	; select bank0
   473  0068  01A7               	clrf	main@k
   474  0069  3005               	movlw	5
   475  006A  0227               	subwf	main@k,w
   476  006B  1803               	btfsc	3,0
   477  006C  289A               	goto	l928
   478  006D                     l918:	
   479                           
   480                           ;main.c: 73: {
   481                           ;main.c: 74: rf_send2('#');
   482  006D  3023               	movlw	35
   483  006E  3180  20A8  3180   	fcall	_rf_send2
   484                           
   485                           ;main.c: 75: _delay((unsigned long)((1000)*(8000000/4000.0)));
   486  0071  300B               	movlw	11
   487  0072  0020               	movlb	0	; select bank0
   488  0073  00A6               	movwf	??_main+2
   489  0074  3026               	movlw	38
   490  0075  00A5               	movwf	??_main+1
   491  0076  3066               	movlw	102
   492  0077  00A4               	movwf	??_main
   493  0078                     u727:	
   494  0078  0BA4               	decfsz	??_main,f
   495  0079  2878               	goto	u727
   496  007A  0BA5               	decfsz	??_main+1,f
   497  007B  2878               	goto	u727
   498  007C  0BA6               	decfsz	??_main+2,f
   499  007D  2878               	goto	u727
   500  007E  3200               	nop2
   501                           
   502                           ;main.c: 76: rf_send2('K');
   503  007F  304B               	movlw	75
   504  0080  3180  20A8  3180   	fcall	_rf_send2
   505                           
   506                           ;main.c: 77: _delay((unsigned long)((1000)*(8000000/4000.0)));
   507  0083  300B               	movlw	11
   508  0084  0020               	movlb	0	; select bank0
   509  0085  00A6               	movwf	??_main+2
   510  0086  3026               	movlw	38
   511  0087  00A5               	movwf	??_main+1
   512  0088  3066               	movlw	102
   513  0089  00A4               	movwf	??_main
   514  008A                     u737:	
   515  008A  0BA4               	decfsz	??_main,f
   516  008B  288A               	goto	u737
   517  008C  0BA5               	decfsz	??_main+1,f
   518  008D  288A               	goto	u737
   519  008E  0BA6               	decfsz	??_main+2,f
   520  008F  288A               	goto	u737
   521  0090  3200               	nop2
   522  0091  3001               	movlw	1
   523  0092  0020               	movlb	0	; select bank0
   524  0093  00A4               	movwf	??_main
   525  0094  0824               	movf	??_main,w
   526  0095  07A7               	addwf	main@k,f
   527  0096  3005               	movlw	5
   528  0097  0227               	subwf	main@k,w
   529  0098  1C03               	skipc
   530  0099  286D               	goto	l918
   531  009A                     l928:	
   532                           
   533                           ;main.c: 78: }
   534                           ;main.c: 79: _delay((unsigned long)((1000)*(8000000/4000.0)));
   535  009A  300B               	movlw	11
   536  009B  00A6               	movwf	??_main+2
   537  009C  3026               	movlw	38
   538  009D  00A5               	movwf	??_main+1
   539  009E  3066               	movlw	102
   540  009F  00A4               	movwf	??_main
   541  00A0                     u747:	
   542  00A0  0BA4               	decfsz	??_main,f
   543  00A1  28A0               	goto	u747
   544  00A2  0BA5               	decfsz	??_main+1,f
   545  00A3  28A0               	goto	u747
   546  00A4  0BA6               	decfsz	??_main+2,f
   547  00A5  28A0               	goto	u747
   548  00A6  3200               	nop2
   549  00A7  2826               	goto	l892
   550  00A8                     __end_of_main:	
   551                           
   552                           	psect	text1
   553  00A8                     __ptext1:	
   554 ;; *************** function _rf_send2 *****************
   555 ;; Defined at:
   556 ;;		line 180 in file "main.c"
   557 ;; Parameters:    Size  Location     Type
   558 ;;  podatak         1    wreg     unsigned char 
   559 ;; Auto vars:     Size  Location     Type
   560 ;;  podatak         1    2[BANK0 ] unsigned char 
   561 ;;  i               1    3[BANK0 ] unsigned char 
   562 ;; Return value:  Size  Location     Type
   563 ;;		None               void
   564 ;; Registers used:
   565 ;;		wreg, status,2, status,0
   566 ;; Tracked objects:
   567 ;;		On entry : 0/0
   568 ;;		On exit  : 0/0
   569 ;;		Unchanged: 0/0
   570 ;; Data sizes:     COMMON   BANK0   BANK1   BANK2   BANK3   BANK4   BANK5   BANK6   BANK7   BANK8   BANK9  BANK10  BANK1
      +1  BANK12
   571 ;;      Params:         0       0       0       0       0       0       0       0       0       0       0       0       
      +0       0
   572 ;;      Locals:         0       2       0       0       0       0       0       0       0       0       0       0       
      +0       0
   573 ;;      Temps:          0       2       0       0       0       0       0       0       0       0       0       0       
      +0       0
   574 ;;      Totals:         0       4       0       0       0       0       0       0       0       0       0       0       
      +0       0
   575 ;;Total ram usage:        4 bytes
   576 ;; Hardware stack levels used:    1
   577 ;; Hardware stack levels required when called:    3
   578 ;; This function calls:
   579 ;;		Nothing
   580 ;; This function is called by:
   581 ;;		_main
   582 ;; This function uses a non-reentrant model
   583 ;;
   584                           
   585                           
   586                           ;psect for function _rf_send2
   587  00A8                     _rf_send2:	
   588                           
   589                           ;incstack = 0
   590                           ; Regs used in _rf_send2: [wreg+status,2+status,0]
   591                           ;rf_send2@podatak stored from wreg
   592  00A8  0020               	movlb	0	; select bank0
   593  00A9  00A2               	movwf	rf_send2@podatak
   594                           
   595                           ;main.c: 182: char i;
   596                           ;main.c: 183: for (i = 0; i < 5; i++)
   597  00AA  01A3               	clrf	rf_send2@i
   598  00AB  3005               	movlw	5
   599  00AC  0223               	subwf	rf_send2@i,w
   600  00AD  1803               	btfsc	3,0
   601  00AE  28C9               	goto	l103
   602  00AF                     l102:	
   603                           
   604                           ;main.c: 184: {
   605                           ;main.c: 185: RC2 = 1;
   606  00AF  150E               	bsf	14,2	;volatile
   607                           
   608                           ;main.c: 186: _delay((unsigned long)((500)*(8000000/4000000.0)));
   609  00B0  30F9               	movlw	249
   610  00B1  00A0               	movwf	??_rf_send2
   611  00B2                     u757:	
   612  00B2  0000               	nop
   613  00B3  0BA0               	decfsz	??_rf_send2,f
   614  00B4  28B2               	goto	u757
   615  00B5  3200               	nop2	;nop
   616  00B6  0000               	nop
   617                           
   618                           ;main.c: 187: RC2 = 0;
   619  00B7  0020               	movlb	0	; select bank0
   620  00B8  110E               	bcf	14,2	;volatile
   621                           
   622                           ;main.c: 188: _delay((unsigned long)((500)*(8000000/4000000.0)));
   623  00B9  30F9               	movlw	249
   624  00BA  00A0               	movwf	??_rf_send2
   625  00BB                     u767:	
   626  00BB  0000               	nop
   627  00BC  0BA0               	decfsz	??_rf_send2,f
   628  00BD  28BB               	goto	u767
   629  00BE  3200               	nop2	;nop
   630  00BF  0000               	nop
   631  00C0  3001               	movlw	1
   632  00C1  0020               	movlb	0	; select bank0
   633  00C2  00A0               	movwf	??_rf_send2
   634  00C3  0820               	movf	??_rf_send2,w
   635  00C4  07A3               	addwf	rf_send2@i,f
   636  00C5  3005               	movlw	5
   637  00C6  0223               	subwf	rf_send2@i,w
   638  00C7  1C03               	skipc
   639  00C8  28AF               	goto	l102
   640  00C9                     l103:	
   641                           
   642                           ;main.c: 189: }
   643                           ;main.c: 191: RC2 = 1;
   644  00C9  150E               	bsf	14,2	;volatile
   645                           
   646                           ;main.c: 192: _delay((unsigned long)((3000)*(8000000/4000000.0)));
   647  00CA  3008               	movlw	8
   648  00CB  00A1               	movwf	??_rf_send2+1
   649  00CC  30C9               	movlw	201
   650  00CD  00A0               	movwf	??_rf_send2
   651  00CE                     u777:	
   652  00CE  0BA0               	decfsz	??_rf_send2,f
   653  00CF  28CE               	goto	u777
   654  00D0  0BA1               	decfsz	??_rf_send2+1,f
   655  00D1  28CE               	goto	u777
   656  00D2  3200               	nop2
   657                           
   658                           ;main.c: 193: RC2 = 0;
   659  00D3  0020               	movlb	0	; select bank0
   660  00D4  110E               	bcf	14,2	;volatile
   661                           
   662                           ;main.c: 194: _delay((unsigned long)((500)*(8000000/4000000.0)));
   663  00D5  30F9               	movlw	249
   664  00D6  00A0               	movwf	??_rf_send2
   665  00D7                     u787:	
   666  00D7  0000               	nop
   667  00D8  0BA0               	decfsz	??_rf_send2,f
   668  00D9  28D7               	goto	u787
   669  00DA  3200               	nop2	;nop
   670  00DB  0000               	nop
   671                           
   672                           ;main.c: 196: for (i = 0; i < 8; i++)
   673  00DC  0020               	movlb	0	; select bank0
   674  00DD  01A3               	clrf	rf_send2@i
   675  00DE  3008               	movlw	8
   676  00DF  0223               	subwf	rf_send2@i,w
   677  00E0  1803               	btfsc	3,0
   678  00E1  2916               	goto	l105
   679  00E2                     l842:	
   680                           
   681                           ;main.c: 197: {
   682                           ;main.c: 198: if (((podatak) & (1 << (i))))
   683  00E2  3001               	movlw	1
   684  00E3  00A0               	movwf	??_rf_send2
   685  00E4  0A23               	incf	rf_send2@i,w
   686  00E5  28E7               	goto	u484
   687  00E6                     u485:	
   688  00E6  35A0               	lslf	??_rf_send2,f
   689  00E7                     u484:	
   690  00E7  0B89               	decfsz	9,f
   691  00E8  28E6               	goto	u485
   692  00E9  0820               	movf	??_rf_send2,w
   693  00EA  0522               	andwf	rf_send2@podatak,w
   694  00EB  1903               	btfsc	3,2
   695  00EC  28EF               	goto	l106
   696                           
   697                           ;main.c: 199: RC2 = 1;
   698  00ED  150E               	bsf	14,2	;volatile
   699  00EE  28F0               	goto	l846
   700  00EF                     l106:	
   701                           
   702                           ;main.c: 200: else
   703                           ;main.c: 201: RC2 = 0;
   704  00EF  110E               	bcf	14,2	;volatile
   705  00F0                     l846:	
   706                           
   707                           ;main.c: 202: _delay((unsigned long)((500)*(8000000/4000000.0)));
   708  00F0  30F9               	movlw	249
   709  00F1  00A0               	movwf	??_rf_send2
   710  00F2                     u797:	
   711  00F2  0000               	nop
   712  00F3  0BA0               	decfsz	??_rf_send2,f
   713  00F4  28F2               	goto	u797
   714  00F5  3200               	nop2	;nop
   715  00F6  0000               	nop
   716                           
   717                           ;main.c: 204: if (((podatak) & (1 << (i))))
   718  00F7  3001               	movlw	1
   719  00F8  0020               	movlb	0	; select bank0
   720  00F9  00A0               	movwf	??_rf_send2
   721  00FA  0A23               	incf	rf_send2@i,w
   722  00FB  28FD               	goto	u504
   723  00FC                     u505:	
   724  00FC  35A0               	lslf	??_rf_send2,f
   725  00FD                     u504:	
   726  00FD  0B89               	decfsz	9,f
   727  00FE  28FC               	goto	u505
   728  00FF  0820               	movf	??_rf_send2,w
   729  0100  0522               	andwf	rf_send2@podatak,w
   730  0101  1903               	btfsc	3,2
   731  0102  2905               	goto	l108
   732                           
   733                           ;main.c: 205: RC2 = 0;
   734  0103  110E               	bcf	14,2	;volatile
   735  0104  2906               	goto	l852
   736  0105                     l108:	
   737                           
   738                           ;main.c: 206: else
   739                           ;main.c: 207: RC2 = 1;
   740  0105  150E               	bsf	14,2	;volatile
   741  0106                     l852:	
   742                           
   743                           ;main.c: 208: _delay((unsigned long)((500)*(8000000/4000000.0)));
   744  0106  30F9               	movlw	249
   745  0107  00A0               	movwf	??_rf_send2
   746  0108                     u807:	
   747  0108  0000               	nop
   748  0109  0BA0               	decfsz	??_rf_send2,f
   749  010A  2908               	goto	u807
   750  010B  3200               	nop2	;nop
   751  010C  0000               	nop
   752  010D  3001               	movlw	1
   753  010E  0020               	movlb	0	; select bank0
   754  010F  00A0               	movwf	??_rf_send2
   755  0110  0820               	movf	??_rf_send2,w
   756  0111  07A3               	addwf	rf_send2@i,f
   757  0112  3008               	movlw	8
   758  0113  0223               	subwf	rf_send2@i,w
   759  0114  1C03               	skipc
   760  0115  28E2               	goto	l842
   761  0116                     l105:	
   762                           
   763                           ;main.c: 209: }
   764                           ;main.c: 211: RC2 = 0;
   765  0116  110E               	bcf	14,2	;volatile
   766  0117  0008               	return
   767  0118                     __end_of_rf_send2:	
   768                           
   769                           	psect	text2
   770  01E5                     __ptext2:	
   771 ;; *************** function _init_serial *****************
   772 ;; Defined at:
   773 ;;		line 164 in file "main.c"
   774 ;; Parameters:    Size  Location     Type
   775 ;;		None
   776 ;; Auto vars:     Size  Location     Type
   777 ;;		None
   778 ;; Return value:  Size  Location     Type
   779 ;;		None               void
   780 ;; Registers used:
   781 ;;		wreg, status,2
   782 ;; Tracked objects:
   783 ;;		On entry : 0/0
   784 ;;		On exit  : 0/0
   785 ;;		Unchanged: 0/0
   786 ;; Data sizes:     COMMON   BANK0   BANK1   BANK2   BANK3   BANK4   BANK5   BANK6   BANK7   BANK8   BANK9  BANK10  BANK1
      +1  BANK12
   787 ;;      Params:         0       0       0       0       0       0       0       0       0       0       0       0       
      +0       0
   788 ;;      Locals:         0       0       0       0       0       0       0       0       0       0       0       0       
      +0       0
   789 ;;      Temps:          0       0       0       0       0       0       0       0       0       0       0       0       
      +0       0
   790 ;;      Totals:         0       0       0       0       0       0       0       0       0       0       0       0       
      +0       0
   791 ;;Total ram usage:        0 bytes
   792 ;; Hardware stack levels used:    1
   793 ;; Hardware stack levels required when called:    3
   794 ;; This function calls:
   795 ;;		Nothing
   796 ;; This function is called by:
   797 ;;		_main
   798 ;; This function uses a non-reentrant model
   799 ;;
   800                           
   801                           
   802                           ;psect for function _init_serial
   803  01E5                     _init_serial:	
   804                           
   805                           ;main.c: 165: SPEN = 1;
   806                           
   807                           ;incstack = 0
   808                           ; Regs used in _init_serial: [wreg+status,2]
   809  01E5  0023               	movlb	3	; select bank3
   810  01E6  179D               	bsf	29,7	;volatile
   811                           
   812                           ;main.c: 166: SYNC = 0;
   813  01E7  121E               	bcf	30,4	;volatile
   814                           
   815                           ;main.c: 167: BRG16 = 0;
   816  01E8  119F               	bcf	31,3	;volatile
   817                           
   818                           ;main.c: 168: BRGH = 1;
   819  01E9  151E               	bsf	30,2	;volatile
   820                           
   821                           ;main.c: 169: SPBRGH = 0x00;
   822  01EA  019C               	clrf	28	;volatile
   823                           
   824                           ;main.c: 170: SPBRGL = 51;
   825  01EB  3033               	movlw	51
   826  01EC  009B               	movwf	27	;volatile
   827                           
   828                           ;main.c: 171: CREN = 1;
   829  01ED  161D               	bsf	29,4	;volatile
   830                           
   831                           ;main.c: 172: SREN = 1;
   832  01EE  169D               	bsf	29,5	;volatile
   833                           
   834                           ;main.c: 173: TXEN = 1;
   835  01EF  169E               	bsf	30,5	;volatile
   836  01F0  0008               	return
   837  01F1                     __end_of_init_serial:	
   838                           
   839                           	psect	text3
   840  01D4                     __ptext3:	
   841 ;; *************** function _init *****************
   842 ;; Defined at:
   843 ;;		line 115 in file "main.c"
   844 ;; Parameters:    Size  Location     Type
   845 ;;		None
   846 ;; Auto vars:     Size  Location     Type
   847 ;;		None
   848 ;; Return value:  Size  Location     Type
   849 ;;		None               void
   850 ;; Registers used:
   851 ;;		wreg
   852 ;; Tracked objects:
   853 ;;		On entry : 0/0
   854 ;;		On exit  : 0/0
   855 ;;		Unchanged: 0/0
   856 ;; Data sizes:     COMMON   BANK0   BANK1   BANK2   BANK3   BANK4   BANK5   BANK6   BANK7   BANK8   BANK9  BANK10  BANK1
      +1  BANK12
   857 ;;      Params:         0       0       0       0       0       0       0       0       0       0       0       0       
      +0       0
   858 ;;      Locals:         0       0       0       0       0       0       0       0       0       0       0       0       
      +0       0
   859 ;;      Temps:          0       0       0       0       0       0       0       0       0       0       0       0       
      +0       0
   860 ;;      Totals:         0       0       0       0       0       0       0       0       0       0       0       0       
      +0       0
   861 ;;Total ram usage:        0 bytes
   862 ;; Hardware stack levels used:    1
   863 ;; Hardware stack levels required when called:    3
   864 ;; This function calls:
   865 ;;		Nothing
   866 ;; This function is called by:
   867 ;;		_main
   868 ;; This function uses a non-reentrant model
   869 ;;
   870                           
   871                           
   872                           ;psect for function _init
   873  01D4                     _init:	
   874                           
   875                           ;main.c: 117: TRISCbits.TRISC2 = 0;
   876                           
   877                           ;incstack = 0
   878                           ; Regs used in _init: [wreg]
   879  01D4  0021               	movlb	1	; select bank1
   880  01D5  110E               	bcf	14,2	;volatile
   881                           
   882                           ;main.c: 118: RC2 = 1;
   883  01D6  0020               	movlb	0	; select bank0
   884  01D7  150E               	bsf	14,2	;volatile
   885                           
   886                           ;main.c: 119: TRISDbits.TRISD4 = 0;
   887  01D8  0021               	movlb	1	; select bank1
   888  01D9  120F               	bcf	15,4	;volatile
   889                           
   890                           ;main.c: 124: T0CS = 0;
   891  01DA  1295               	bcf	21,5	;volatile
   892                           
   893                           ;main.c: 125: T0SE = 1;
   894  01DB  1615               	bsf	21,4	;volatile
   895                           
   896                           ;main.c: 126: PSA = 0;
   897  01DC  1195               	bcf	21,3	;volatile
   898                           
   899                           ;main.c: 127: PS2 = 0;
   900  01DD  1115               	bcf	21,2	;volatile
   901                           
   902                           ;main.c: 128: PS1 = 0;
   903  01DE  1095               	bcf	21,1	;volatile
   904                           
   905                           ;main.c: 129: PS0 = 1;
   906  01DF  1415               	bsf	21,0	;volatile
   907                           
   908                           ;main.c: 130: TMR0 = 6;
   909  01E0  3006               	movlw	6
   910  01E1  0020               	movlb	0	; select bank0
   911  01E2  0095               	movwf	21	;volatile
   912                           
   913                           ;main.c: 131: TMR0IE = 1;
   914  01E3  168B               	bsf	11,5	;volatile
   915  01E4  0008               	return
   916  01E5                     __end_of_init:	
   917                           
   918                           	psect	intentry
   919  0004                     __pintentry:	
   920 ;; *************** function _prekidna_rutina *****************
   921 ;; Defined at:
   922 ;;		line 105 in file "main.c"
   923 ;; Parameters:    Size  Location     Type
   924 ;;		None
   925 ;; Auto vars:     Size  Location     Type
   926 ;;		None
   927 ;; Return value:  Size  Location     Type
   928 ;;		None               void
   929 ;; Registers used:
   930 ;;		wreg, status,2, status,0, pclath, cstack
   931 ;; Tracked objects:
   932 ;;		On entry : 0/0
   933 ;;		On exit  : 0/0
   934 ;;		Unchanged: 0/0
   935 ;; Data sizes:     COMMON   BANK0   BANK1   BANK2   BANK3   BANK4   BANK5   BANK6   BANK7   BANK8   BANK9  BANK10  BANK1
      +1  BANK12
   936 ;;      Params:         0       0       0       0       0       0       0       0       0       0       0       0       
      +0       0
   937 ;;      Locals:         0       0       0       0       0       0       0       0       0       0       0       0       
      +0       0
   938 ;;      Temps:          1       0       0       0       0       0       0       0       0       0       0       0       
      +0       0
   939 ;;      Totals:         1       0       0       0       0       0       0       0       0       0       0       0       
      +0       0
   940 ;;Total ram usage:        1 bytes
   941 ;; Hardware stack levels used:    1
   942 ;; Hardware stack levels required when called:    2
   943 ;; This function calls:
   944 ;;		_rf_send
   945 ;; This function is called by:
   946 ;;		Interrupt level 1
   947 ;; This function uses a non-reentrant model
   948 ;;
   949                           
   950  0004                     _prekidna_rutina:	
   951                           
   952                           ;incstack = 0
   953                           ; Regs used in _prekidna_rutina: [wreg+status,2+status,0+pclath+cstack]
   954  0004  147E               	bsf	126,0	;set compiler interrupt flag (level 1)
   955  0005  3180               	pagesel	$
   956  0006  0020               	movlb	0	; select bank0
   957  0007  087F               	movf	127,w
   958  0008  00FC               	movwf	??_prekidna_rutina
   959                           
   960                           ;main.c: 107: if(TMR0IE && TMR0IF)
   961  0009  1A8B               	btfsc	11,5	;volatile
   962  000A  1D0B               	btfss	11,2	;volatile
   963  000B  2811               	goto	i1l72
   964                           
   965                           ;main.c: 108: {
   966                           ;main.c: 109: TMR0 = 6;
   967  000C  3006               	movlw	6
   968  000D  0095               	movwf	21	;volatile
   969                           
   970                           ;main.c: 110: TMR0IF = 0;
   971  000E  110B               	bcf	11,2	;volatile
   972                           
   973                           ;main.c: 111: rf_send();
   974  000F  3181  2118         	fcall	_rf_send
   975  0011                     i1l72:	
   976  0011  087C               	movf	??_prekidna_rutina,w
   977  0012  0020               	movlb	0	; select bank0
   978  0013  00FF               	movwf	127
   979  0014  107E               	bcf	126,0	;clear compiler interrupt flag (level 1)
   980  0015  0009               	retfie
   981  0016                     __end_of_prekidna_rutina:	
   982                           
   983                           	psect	text5
   984  0118                     __ptext5:	
   985 ;; *************** function _rf_send *****************
   986 ;; Defined at:
   987 ;;		line 134 in file "main.c"
   988 ;; Parameters:    Size  Location     Type
   989 ;;		None
   990 ;; Auto vars:     Size  Location     Type
   991 ;;		None
   992 ;; Return value:  Size  Location     Type
   993 ;;		None               void
   994 ;; Registers used:
   995 ;;		wreg, status,2, status,0, pclath, cstack
   996 ;; Tracked objects:
   997 ;;		On entry : 0/0
   998 ;;		On exit  : 0/0
   999 ;;		Unchanged: 0/0
  1000 ;; Data sizes:     COMMON   BANK0   BANK1   BANK2   BANK3   BANK4   BANK5   BANK6   BANK7   BANK8   BANK9  BANK10  BANK1
      +1  BANK12
  1001 ;;      Params:         0       0       0       0       0       0       0       0       0       0       0       0       
      +0       0
  1002 ;;      Locals:         0       0       0       0       0       0       0       0       0       0       0       0       
      +0       0
  1003 ;;      Temps:          3       0       0       0       0       0       0       0       0       0       0       0       
      +0       0
  1004 ;;      Totals:         3       0       0       0       0       0       0       0       0       0       0       0       
      +0       0
  1005 ;;Total ram usage:        3 bytes
  1006 ;; Hardware stack levels used:    1
  1007 ;; Hardware stack levels required when called:    1
  1008 ;; This function calls:
  1009 ;;		___awdiv
  1010 ;; This function is called by:
  1011 ;;		_prekidna_rutina
  1012 ;; This function uses a non-reentrant model
  1013 ;;
  1014                           
  1015                           
  1016                           ;psect for function _rf_send
  1017  0118                     _rf_send:	
  1018                           
  1019                           ;main.c: 136: if (t == 0) RC2 = 1;
  1020                           
  1021                           ;incstack = 0
  1022                           ; Regs used in _rf_send: [wreg+status,2+status,0+pclath+cstack]
  1023  0118  087D               	movf	_t,w
  1024  0119  1903               	btfsc	3,2
  1025  011A  2927               	goto	i1l868
  1026                           
  1027                           ;main.c: 137: else if (t < 10) RC2 = !RC2;
  1028  011B  300A               	movlw	10
  1029  011C  027D               	subwf	_t,w
  1030  011D  1803               	skipnc
  1031  011E  2923               	goto	i1l866
  1032  011F  3004               	movlw	4
  1033  0120  0020               	movlb	0	; select bank0
  1034  0121  068E               	xorwf	14,f
  1035  0122  296B               	goto	i1l882
  1036  0123                     i1l866:	
  1037                           
  1038                           ;main.c: 138: else if (t < 16) RC2 = 1;
  1039  0123  3010               	movlw	16
  1040  0124  027D               	subwf	_t,w
  1041  0125  1803               	skipnc
  1042  0126  2929               	goto	i1l870
  1043  0127                     i1l868:	
  1044  0127  0020               	movlb	0	; select bank0
  1045  0128  296A               	goto	i1l90
  1046  0129                     i1l870:	
  1047                           
  1048                           ;main.c: 139: else if (t < 17) RC2 = 0;
  1049  0129  3011               	movlw	17
  1050  012A  027D               	subwf	_t,w
  1051  012B  1803               	skipnc
  1052  012C  292F               	goto	i1l84
  1053  012D  0020               	movlb	0	; select bank0
  1054  012E  2968               	goto	i1l880
  1055  012F                     i1l84:	
  1056                           
  1057                           ;main.c: 140: else
  1058                           ;main.c: 141: {
  1059                           ;main.c: 142: if (t%2 == 1)
  1060  012F  1C7D               	btfss	_t,0
  1061  0130  294D               	goto	i1l878
  1062                           
  1063                           ;main.c: 143: {
  1064                           ;main.c: 144: if (((pod) & (1 << ((t - 17)/2)))) RC2 = 1;
  1065  0131  3001               	movlw	1
  1066  0132  00F9               	movwf	??_rf_send
  1067  0133  3002               	movlw	2
  1068  0134  00F0               	movwf	___awdiv@divisor
  1069  0135  3000               	movlw	0
  1070  0136  00F1               	movwf	___awdiv@divisor+1
  1071  0137  087D               	movf	_t,w
  1072  0138  3EEF               	addlw	239
  1073  0139  00F2               	movwf	___awdiv@dividend
  1074  013A  30FF               	movlw	255
  1075  013B  1803               	skipnc
  1076  013C  3000               	movlw	0
  1077  013D  00F3               	movwf	___awdiv@dividend+1
  1078  013E  3181  2183  3181   	fcall	___awdiv
  1079  0141  0870               	movf	?___awdiv,w
  1080  0142  0A89               	incf	9,f
  1081  0143  2945               	goto	u58_24
  1082  0144                     u58_25:	
  1083  0144  35F9               	lslf	??_rf_send,f
  1084  0145                     u58_24:	
  1085  0145  0B89               	decfsz	9,f
  1086  0146  2944               	goto	u58_25
  1087  0147  0879               	movf	??_rf_send,w
  1088  0148  0020               	movlb	0	; select bank0
  1089  0149  0528               	andwf	_pod,w
  1090  014A  1903               	btfsc	3,2
  1091  014B  2968               	goto	i1l880
  1092  014C  296A               	goto	i1l90
  1093  014D                     i1l878:	
  1094                           ;main.c: 146: }
  1095                           
  1096                           ;main.c: 145: else RC2 = 0;
  1097                           
  1098                           
  1099                           ;main.c: 147: else
  1100                           ;main.c: 148: {
  1101                           ;main.c: 149: if (((pod) & (1 << ((t - 17)/2)))) RC2 = 0;
  1102  014D  3001               	movlw	1
  1103  014E  00F9               	movwf	??_rf_send
  1104  014F  3002               	movlw	2
  1105  0150  00F0               	movwf	___awdiv@divisor
  1106  0151  3000               	movlw	0
  1107  0152  00F1               	movwf	___awdiv@divisor+1
  1108  0153  087D               	movf	_t,w
  1109  0154  3EEF               	addlw	239
  1110  0155  00F2               	movwf	___awdiv@dividend
  1111  0156  30FF               	movlw	255
  1112  0157  1803               	skipnc
  1113  0158  3000               	movlw	0
  1114  0159  00F3               	movwf	___awdiv@dividend+1
  1115  015A  3181  2183  3181   	fcall	___awdiv
  1116  015D  0870               	movf	?___awdiv,w
  1117  015E  0A89               	incf	9,f
  1118  015F  2961               	goto	u60_24
  1119  0160                     u60_25:	
  1120  0160  35F9               	lslf	??_rf_send,f
  1121  0161                     u60_24:	
  1122  0161  0B89               	decfsz	9,f
  1123  0162  2960               	goto	u60_25
  1124  0163  0879               	movf	??_rf_send,w
  1125  0164  0020               	movlb	0	; select bank0
  1126  0165  0528               	andwf	_pod,w
  1127  0166  1903               	btfsc	3,2
  1128  0167  296A               	goto	i1l90
  1129  0168                     i1l880:	
  1130  0168  110E               	bcf	14,2	;volatile
  1131  0169  296B               	goto	i1l882
  1132  016A                     i1l90:	
  1133                           
  1134                           ;main.c: 150: else RC2 = 1;
  1135  016A  150E               	bsf	14,2	;volatile
  1136  016B                     i1l882:	
  1137                           
  1138                           ;main.c: 151: }
  1139                           ;main.c: 152: }
  1140                           ;main.c: 153: t++;
  1141  016B  3001               	movlw	1
  1142  016C  00F9               	movwf	??_rf_send
  1143  016D  0879               	movf	??_rf_send,w
  1144  016E  07FD               	addwf	_t,f
  1145                           
  1146                           ;main.c: 154: if (t == 34)
  1147  016F  3022               	movlw	34
  1148  0170  067D               	xorwf	_t,w
  1149  0171  1D03               	btfss	3,2
  1150  0172  0008               	return
  1151                           
  1152                           ;main.c: 155: {
  1153                           ;main.c: 156: RC2 = 0;
  1154  0173  110E               	bcf	14,2	;volatile
  1155                           
  1156                           ;main.c: 157: t = 0;
  1157  0174  01FD               	clrf	_t
  1158                           
  1159                           ;main.c: 158: _delay((unsigned long)((300)*(8000000/4000.0)));
  1160  0175  3004               	movlw	4
  1161  0176  00FB               	movwf	??_rf_send+2
  1162  0177  300C               	movlw	12
  1163  0178  00FA               	movwf	??_rf_send+1
  1164  0179  3035               	movlw	53
  1165  017A  00F9               	movwf	??_rf_send
  1166  017B                     u81_27:	
  1167  017B  0BF9               	decfsz	??_rf_send,f
  1168  017C  297B               	goto	u81_27
  1169  017D  0BFA               	decfsz	??_rf_send+1,f
  1170  017E  297B               	goto	u81_27
  1171  017F  0BFB               	decfsz	??_rf_send+2,f
  1172  0180  297B               	goto	u81_27
  1173  0181  3200               	nop2
  1174  0182  0008               	return
  1175  0183                     __end_of_rf_send:	
  1176                           
  1177                           	psect	text6
  1178  0183                     __ptext6:	
  1179 ;; *************** function ___awdiv *****************
  1180 ;; Defined at:
  1181 ;;		line 6 in file "C:\Program Files (x86)\Microchip\xc8\v1.35\sources\common\awdiv.c"
  1182 ;; Parameters:    Size  Location     Type
  1183 ;;  divisor         2    0[COMMON] int 
  1184 ;;  dividend        2    2[COMMON] int 
  1185 ;; Auto vars:     Size  Location     Type
  1186 ;;  quotient        2    7[COMMON] int 
  1187 ;;  sign            1    6[COMMON] unsigned char 
  1188 ;;  counter         1    5[COMMON] unsigned char 
  1189 ;; Return value:  Size  Location     Type
  1190 ;;                  2    0[COMMON] int 
  1191 ;; Registers used:
  1192 ;;		wreg, status,2, status,0
  1193 ;; Tracked objects:
  1194 ;;		On entry : 0/0
  1195 ;;		On exit  : 0/0
  1196 ;;		Unchanged: 0/0
  1197 ;; Data sizes:     COMMON   BANK0   BANK1   BANK2   BANK3   BANK4   BANK5   BANK6   BANK7   BANK8   BANK9  BANK10  BANK1
      +1  BANK12
  1198 ;;      Params:         4       0       0       0       0       0       0       0       0       0       0       0       
      +0       0
  1199 ;;      Locals:         4       0       0       0       0       0       0       0       0       0       0       0       
      +0       0
  1200 ;;      Temps:          1       0       0       0       0       0       0       0       0       0       0       0       
      +0       0
  1201 ;;      Totals:         9       0       0       0       0       0       0       0       0       0       0       0       
      +0       0
  1202 ;;Total ram usage:        9 bytes
  1203 ;; Hardware stack levels used:    1
  1204 ;; This function calls:
  1205 ;;		Nothing
  1206 ;; This function is called by:
  1207 ;;		_rf_send
  1208 ;; This function uses a non-reentrant model
  1209 ;;
  1210                           
  1211                           
  1212                           ;psect for function ___awdiv
  1213  0183                     ___awdiv:	
  1214                           
  1215                           ;incstack = 0
  1216                           ; Regs used in ___awdiv: [wreg+status,2+status,0]
  1217  0183  01F6               	clrf	___awdiv@sign
  1218  0184  1FF1               	btfss	___awdiv@divisor+1,7
  1219  0185  298D               	goto	i1l764
  1220  0186  09F0               	comf	___awdiv@divisor,f
  1221  0187  09F1               	comf	___awdiv@divisor+1,f
  1222  0188  0AF0               	incf	___awdiv@divisor,f
  1223  0189  1903               	skipnz
  1224  018A  0AF1               	incf	___awdiv@divisor+1,f
  1225  018B  01F6               	clrf	___awdiv@sign
  1226  018C  0AF6               	incf	___awdiv@sign,f
  1227  018D                     i1l764:	
  1228  018D  1FF3               	btfss	___awdiv@dividend+1,7
  1229  018E  2998               	goto	i1l770
  1230  018F  09F2               	comf	___awdiv@dividend,f
  1231  0190  09F3               	comf	___awdiv@dividend+1,f
  1232  0191  0AF2               	incf	___awdiv@dividend,f
  1233  0192  1903               	skipnz
  1234  0193  0AF3               	incf	___awdiv@dividend+1,f
  1235  0194  3001               	movlw	1
  1236  0195  00F4               	movwf	??___awdiv
  1237  0196  0874               	movf	??___awdiv,w
  1238  0197  06F6               	xorwf	___awdiv@sign,f
  1239  0198                     i1l770:	
  1240  0198  01F7               	clrf	___awdiv@quotient
  1241  0199  01F8               	clrf	___awdiv@quotient+1
  1242  019A  0870               	movf	___awdiv@divisor,w
  1243  019B  0471               	iorwf	___awdiv@divisor+1,w
  1244  019C  1903               	btfsc	3,2
  1245  019D  29C7               	goto	i1l792
  1246  019E  01F5               	clrf	___awdiv@counter
  1247  019F  0AF5               	incf	___awdiv@counter,f
  1248  01A0                     i1l780:	
  1249  01A0  1BF1               	btfsc	___awdiv@divisor+1,7
  1250  01A1  29AC               	goto	i1l782
  1251  01A2  3001               	movlw	1
  1252  01A3                     u38_25:	
  1253  01A3  35F0               	lslf	___awdiv@divisor,f
  1254  01A4  0DF1               	rlf	___awdiv@divisor+1,f
  1255  01A5  0B89               	decfsz	9,f
  1256  01A6  29A3               	goto	u38_25
  1257  01A7  3001               	movlw	1
  1258  01A8  00F4               	movwf	??___awdiv
  1259  01A9  0874               	movf	??___awdiv,w
  1260  01AA  07F5               	addwf	___awdiv@counter,f
  1261  01AB  29A0               	goto	i1l780
  1262  01AC                     i1l782:	
  1263  01AC  3001               	movlw	1
  1264  01AD                     u40_25:	
  1265  01AD  35F7               	lslf	___awdiv@quotient,f
  1266  01AE  0DF8               	rlf	___awdiv@quotient+1,f
  1267  01AF  0B89               	decfsz	9,f
  1268  01B0  29AD               	goto	u40_25
  1269  01B1  0871               	movf	___awdiv@divisor+1,w
  1270  01B2  0273               	subwf	___awdiv@dividend+1,w
  1271  01B3  1D03               	skipz
  1272  01B4  29B7               	goto	u41_25
  1273  01B5  0870               	movf	___awdiv@divisor,w
  1274  01B6  0272               	subwf	___awdiv@dividend,w
  1275  01B7                     u41_25:	
  1276  01B7  1C03               	skipc
  1277  01B8  29BE               	goto	i1l788
  1278  01B9  0870               	movf	___awdiv@divisor,w
  1279  01BA  02F2               	subwf	___awdiv@dividend,f
  1280  01BB  0871               	movf	___awdiv@divisor+1,w
  1281  01BC  3BF3               	subwfb	___awdiv@dividend+1,f
  1282  01BD  1477               	bsf	___awdiv@quotient,0
  1283  01BE                     i1l788:	
  1284  01BE  3001               	movlw	1
  1285  01BF                     u42_25:	
  1286  01BF  36F1               	lsrf	___awdiv@divisor+1,f
  1287  01C0  0CF0               	rrf	___awdiv@divisor,f
  1288  01C1  0B89               	decfsz	9,f
  1289  01C2  29BF               	goto	u42_25
  1290  01C3  3001               	movlw	1
  1291  01C4  02F5               	subwf	___awdiv@counter,f
  1292  01C5  1D03               	btfss	3,2
  1293  01C6  29AC               	goto	i1l782
  1294  01C7                     i1l792:	
  1295  01C7  0876               	movf	___awdiv@sign,w
  1296  01C8  1903               	btfsc	3,2
  1297  01C9  29CF               	goto	i1l796
  1298  01CA  09F7               	comf	___awdiv@quotient,f
  1299  01CB  09F8               	comf	___awdiv@quotient+1,f
  1300  01CC  0AF7               	incf	___awdiv@quotient,f
  1301  01CD  1903               	skipnz
  1302  01CE  0AF8               	incf	___awdiv@quotient+1,f
  1303  01CF                     i1l796:	
  1304  01CF  0878               	movf	___awdiv@quotient+1,w
  1305  01D0  00F1               	movwf	?___awdiv+1
  1306  01D1  0877               	movf	___awdiv@quotient,w
  1307  01D2  00F0               	movwf	?___awdiv
  1308  01D3  0008               	return
  1309  01D4                     __end_of___awdiv:	
  1310  007E                     btemp	set	126	;btemp
  1311  007E                     int$flags	set	126
  1312  007E                     wtemp	set	126
  1313  007E                     wtemp0	set	126
  1314  0080                     wtemp1	set	128
  1315  0082                     wtemp2	set	130
  1316  0084                     wtemp3	set	132
  1317  0086                     wtemp4	set	134
  1318  0088                     wtemp5	set	136
  1319  007F                     wtemp6	set	127
  1320  007E                     ttemp	set	126
  1321  007E                     ttemp0	set	126
  1322  0081                     ttemp1	set	129
  1323  0084                     ttemp2	set	132
  1324  0087                     ttemp3	set	135
  1325  007F                     ttemp4	set	127
  1326  007E                     ltemp	set	126
  1327  007E                     ltemp0	set	126
  1328  0082                     ltemp1	set	130
  1329  0086                     ltemp2	set	134
  1330  0080                     ltemp3	set	128


Data Sizes:
    Strings     0
    Constant    0
    Data        1
    BSS         1
    Persistent  0
    Stack       0

Auto Spaces:
    Space          Size  Autos    Used
    COMMON           14     13      14
    BANK0            80      8       9
    BANK1            80      0       0
    BANK2            80      0       0
    BANK3            80      0       0
    BANK4            80      0       0
    BANK5            80      0       0
    BANK6            80      0       0
    BANK7            80      0       0
    BANK8            80      0       0
    BANK9            80      0       0
    BANK10           80      0       0
    BANK11           80      0       0
    BANK12           48      0       0

Pointer List with Targets:

    None.

Critical Paths under _main in COMMON

    None.

Critical Paths under _prekidna_rutina in COMMON

    _prekidna_rutina->_rf_send
    _rf_send->___awdiv

Critical Paths under _main in BANK0

    _main->_rf_send2

Critical Paths under _prekidna_rutina in BANK0

    None.

Critical Paths under _main in BANK1

    None.

Critical Paths under _prekidna_rutina in BANK1

    None.

Critical Paths under _main in BANK2

    None.

Critical Paths under _prekidna_rutina in BANK2

    None.

Critical Paths under _main in BANK3

    None.

Critical Paths under _prekidna_rutina in BANK3

    None.

Critical Paths under _main in BANK4

    None.

Critical Paths under _prekidna_rutina in BANK4

    None.

Critical Paths under _main in BANK5

    None.

Critical Paths under _prekidna_rutina in BANK5

    None.

Critical Paths under _main in BANK6

    None.

Critical Paths under _prekidna_rutina in BANK6

    None.

Critical Paths under _main in BANK7

    None.

Critical Paths under _prekidna_rutina in BANK7

    None.

Critical Paths under _main in BANK8

    None.

Critical Paths under _prekidna_rutina in BANK8

    None.

Critical Paths under _main in BANK9

    None.

Critical Paths under _prekidna_rutina in BANK9

    None.

Critical Paths under _main in BANK10

    None.

Critical Paths under _prekidna_rutina in BANK10

    None.

Critical Paths under _main in BANK11

    None.

Critical Paths under _prekidna_rutina in BANK11

    None.

Critical Paths under _main in BANK12

    None.

Critical Paths under _prekidna_rutina in BANK12

    None.

Call Graph Tables:

 ---------------------------------------------------------------------------------
 (Depth) Function   	        Calls       Base Space   Used Autos Params    Refs
 ---------------------------------------------------------------------------------
 (0) _main                                                 4     4      0     273
                                              4 BANK0      4     4      0
                               _init
                        _init_serial
                           _rf_send2
 ---------------------------------------------------------------------------------
 (1) _rf_send2                                             4     4      0     180
                                              0 BANK0      4     4      0
 ---------------------------------------------------------------------------------
 (1) _init_serial                                          0     0      0       0
 ---------------------------------------------------------------------------------
 (1) _init                                                 0     0      0       0
 ---------------------------------------------------------------------------------
 Estimated maximum stack depth 1
 ---------------------------------------------------------------------------------
 (Depth) Function   	        Calls       Base Space   Used Autos Params    Refs
 ---------------------------------------------------------------------------------
 (2) _prekidna_rutina                                      1     1      0     512
                                             12 COMMON     1     1      0
                            _rf_send
 ---------------------------------------------------------------------------------
 (3) _rf_send                                              3     3      0     512
                                              9 COMMON     3     3      0
                            ___awdiv
 ---------------------------------------------------------------------------------
 (4) ___awdiv                                              9     5      4     512
                                              0 COMMON     9     5      4
 ---------------------------------------------------------------------------------
 Estimated maximum stack depth 4
 ---------------------------------------------------------------------------------

 Call Graph Graphs:

 _main (ROOT)
   _init
   _init_serial
   _rf_send2

 _prekidna_rutina (ROOT)
   _rf_send
     ___awdiv

 Address spaces:
Name               Size   Autos  Total    Cost      Usage
BIGRAM             3F0      0       0       0        0.0%
EEDATA             100      0       0       0        0.0%
NULL                 0      0       0       0        0.0%
CODE                 0      0       0       0        0.0%
BITCOMMON            E      0       0       1        0.0%
BITSFR0              0      0       0       1        0.0%
SFR0                 0      0       0       1        0.0%
COMMON               E      D       E       2      100.0%
BITSFR1              0      0       0       2        0.0%
SFR1                 0      0       0       2        0.0%
BITSFR2              0      0       0       3        0.0%
SFR2                 0      0       0       3        0.0%
STACK                0      0       0       3        0.0%
BITBANK0            50      0       0       4        0.0%
BITSFR3              0      0       0       4        0.0%
SFR3                 0      0       0       4        0.0%
BANK0               50      8       9       5       11.3%
BITSFR4              0      0       0       5        0.0%
SFR4                 0      0       0       5        0.0%
BITBANK1            50      0       0       6        0.0%
BITSFR5              0      0       0       6        0.0%
SFR5                 0      0       0       6        0.0%
BANK1               50      0       0       7        0.0%
BITSFR6              0      0       0       7        0.0%
SFR6                 0      0       0       7        0.0%
BITBANK2            50      0       0       8        0.0%
BITSFR7              0      0       0       8        0.0%
SFR7                 0      0       0       8        0.0%
BANK2               50      0       0       9        0.0%
BITSFR8              0      0       0       9        0.0%
SFR8                 0      0       0       9        0.0%
BITBANK3            50      0       0      10        0.0%
BITSFR9              0      0       0      10        0.0%
SFR9                 0      0       0      10        0.0%
BANK3               50      0       0      11        0.0%
BITSFR10             0      0       0      11        0.0%
SFR10                0      0       0      11        0.0%
BITBANK4            50      0       0      12        0.0%
BITSFR11             0      0       0      12        0.0%
SFR11                0      0       0      12        0.0%
BANK4               50      0       0      13        0.0%
BITSFR12             0      0       0      13        0.0%
SFR12                0      0       0      13        0.0%
BITBANK5            50      0       0      14        0.0%
BITSFR13             0      0       0      14        0.0%
SFR13                0      0       0      14        0.0%
BANK5               50      0       0      15        0.0%
BITSFR14             0      0       0      15        0.0%
SFR14                0      0       0      15        0.0%
BITBANK6            50      0       0      16        0.0%
BITSFR15             0      0       0      16        0.0%
SFR15                0      0       0      16        0.0%
BANK6               50      0       0      17        0.0%
BITSFR16             0      0       0      17        0.0%
SFR16                0      0       0      17        0.0%
BITBANK7            50      0       0      18        0.0%
BITSFR17             0      0       0      18        0.0%
SFR17                0      0       0      18        0.0%
BANK7               50      0       0      19        0.0%
BITSFR18             0      0       0      19        0.0%
SFR18                0      0       0      19        0.0%
BITSFR19             0      0       0      20        0.0%
SFR19                0      0       0      20        0.0%
ABS                  0      0      17      20        0.0%
BITBANK8            50      0       0      21        0.0%
BITSFR20             0      0       0      21        0.0%
SFR20                0      0       0      21        0.0%
BANK8               50      0       0      22        0.0%
BITSFR21             0      0       0      22        0.0%
SFR21                0      0       0      22        0.0%
BITBANK9            50      0       0      23        0.0%
BITSFR22             0      0       0      23        0.0%
SFR22                0      0       0      23        0.0%
BANK9               50      0       0      24        0.0%
BITSFR23             0      0       0      24        0.0%
SFR23                0      0       0      24        0.0%
BITBANK10           50      0       0      25        0.0%
BITSFR24             0      0       0      25        0.0%
SFR24                0      0       0      25        0.0%
BANK10              50      0       0      26        0.0%
BITSFR25             0      0       0      26        0.0%
SFR25                0      0       0      26        0.0%
BITBANK11           50      0       0      27        0.0%
BITSFR26             0      0       0      27        0.0%
SFR26                0      0       0      27        0.0%
BANK11              50      0       0      28        0.0%
BITSFR27             0      0       0      28        0.0%
SFR27                0      0       0      28        0.0%
BITBANK12           30      0       0      29        0.0%
BITSFR28             0      0       0      29        0.0%
SFR28                0      0       0      29        0.0%
BANK12              30      0       0      30        0.0%
BITSFR29             0      0       0      30        0.0%
SFR29                0      0       0      30        0.0%
BITSFR30             0      0       0      31        0.0%
SFR30                0      0       0      31        0.0%
DATA                 0      0      17      31        0.0%
BITSFR31             0      0       0      32        0.0%
SFR31                0      0       0      32        0.0%


Microchip Technology PIC Macro Assembler V1.35 build -356382666 
Symbol Table                                                                                   Fri Apr 22 11:10:04 2016

                       _t 007D               __CFG_CP$OFF 0000              ___awdiv@sign 0076  
                     l102 00AF                       l103 00C9                       l105 0116  
                     l106 00EF                       l108 0105                       l900 002D  
                     l910 005A                       l842 00E2                       l852 0106  
                     l846 00F0                       l918 006D                       l928 009A  
                     l892 0026                       _RC2 0072                       _PS0 04A8  
                     _PS1 04A9                       u504 00FD                       _PS2 04AA  
                     u505 00FC              __CFG_CPD$OFF 0000                       u707 004A  
                     u484 00E7                       u485 00E6                       u717 0060  
                     u807 0108                       u727 0078                       _PSA 04AB  
                     u737 008A                       u747 00A0                       u757 00B2  
                     u767 00BB                       u777 00CE                       u697 0038  
                     u787 00D7                       u797 00F2                       _pod 0028  
            __CFG_BORV$LO 0000                       wreg 0009              __CFG_FOSC$HS 0000  
            __CFG_LVP$OFF 0000                      _BRGH 0CF2                      _CREN 0CEC  
                    _T0CS 04AD                      _T0SE 04AC                      i1l72 0011  
                    i1l90 016A                      i1l84 012F                      _TMR0 0015  
                    _SPEN 0CEF                      _SREN 0CED                      _TXEN 0CF5  
                    _SYNC 0CF4              __CFG_WRT$OFF 0000                      _main 0020  
                    _init 01D4                      btemp 007E                      ltemp 007E  
                    start 0016                      ttemp 007E                      wtemp 007E  
           __CFG_IESO$OFF 0000             __CFG_MCLRE$ON 0000                     ?_main 0070  
                   ?_init 0070           __end_of___awdiv 01D4                     _BRG16 0CFB  
           __CFG_WDTE$OFF 0000           ___awdiv@divisor 0070                     i1l770 0198  
                   i1l780 01A0                     i1l764 018D                     i1l782 01AC  
                   i1l870 0129                     i1l792 01C7                     i1l880 0168  
                   i1l866 0123                     i1l882 016B                     i1l796 01CF  
                   i1l788 01BE                     i1l868 0127                     i1l878 014D  
         ___awdiv@counter 0075                     u40_25 01AD                     u41_25 01B7  
                   u42_25 01BF                     u60_24 0161                     u60_25 0160  
                   u38_25 01A3                     u81_27 017B                     _SSPEN 10AD  
                   u58_24 0145                     u58_25 0144              ?_init_serial 0070  
          __CFG_FCMEN$OFF 0000           __end_of_rf_send 0183                     main@k 0027  
          __CFG_BOREN$OFF 0000                     ltemp0 007E                     ltemp1 0082  
                   ltemp2 0086                     ltemp3 0080                     ttemp0 007E  
                   ttemp1 0081                     ttemp2 0084                     ttemp3 0087  
                   ttemp4 007F                     status 0003                     wtemp0 007E  
                   wtemp1 0080                     wtemp2 0082                     wtemp3 0084  
                   wtemp4 0086                     wtemp5 0088                     wtemp6 007F  
         __initialization 0018              __end_of_main 00A8              __end_of_init 01E5  
                  ??_main 0024                    ??_init 0020            __CFG_PLLEN$OFF 0000  
        ___awdiv@dividend 0072                    _TMR0IE 005D                    _TMR0IF 005A  
                  _SPBRGH 019C                    _SPBRGL 019B            __CFG_PWRTE$OFF 0000  
               ??___awdiv 0074           _prekidna_rutina 0004          ___awdiv@quotient 0077  
        __end_of_rf_send2 0118                 ??_rf_send 0079   __end_of__initialization 001C  
          __pcstackCOMMON 0070              __pidataBANK0 01F1      __size_of_init_serial 000C  
         __CFG_VCAPEN$OFF 0000   __end_of_prekidna_rutina 0016                __pmaintext 0020  
              __pintentry 0004                 ?_rf_send2 0070                   ___awdiv 0183  
         __CFG_STVREN$OFF 0000                   __ptext1 00A8                   __ptext2 01E5  
                 __ptext3 01D4                   __ptext5 0118                   __ptext6 0183  
                 _rf_send 0118      end_of_initialization 001C                ??_rf_send2 0020  
        ?_prekidna_rutina 0070                 _TRISCbits 008E                 _TRISDbits 008F  
     start_initialization 0018               __pdataBANK0 0028             ??_init_serial 0020  
             __pbssCOMMON 007D                 ___latbits 0003             __pcstackBANK0 0020  
       __size_of_rf_send2 0070                  ?___awdiv 0070                  ?_rf_send 0070  
     __end_of_init_serial 01F1           rf_send2@podatak 0022          __size_of___awdiv 0051  
__size_of_prekidna_rutina 0012                 rf_send2@i 0023               _init_serial 01E5  
        __size_of_rf_send 006B             __size_of_main 0088             __size_of_init 0011  
                _rf_send2 00A8                  int$flags 007E                  intlevel1 0000  
       __CFG_CLKOUTEN$OFF 0000         ??_prekidna_rutina 007C  
