

Microchip Technology PIC LITE Macro Assembler V1.35 build -356382666 
                                                                                               Sat Jun 18 18:23:25 2016

Microchip Technology Omniscient Code Generator v1.35 (Free mode) build 201507080246
     1                           	processor	16F877A
     2                           	opt	pw 120
     3                           	opt	lm
     4                           	psect	idataCOMMON,global,class=CODE,delta=2
     5                           	psect	nvBANK0,global,class=BANK0,space=1,delta=1
     6                           	psect	cinit,global,class=CODE,merge=1,delta=2
     7                           	psect	bssCOMMON,global,class=COMMON,space=1,delta=1
     8                           	psect	dataCOMMON,global,class=COMMON,space=1,delta=1
     9                           	psect	bssBANK0,global,class=BANK0,space=1,delta=1
    10                           	psect	cstackCOMMON,global,class=COMMON,space=1,delta=1
    11                           	psect	cstackBANK0,global,class=BANK0,space=1,delta=1
    12                           	psect	maintext,global,class=CODE,split=1,delta=2
    13                           	psect	text1,local,class=CODE,merge=1,delta=2
    14                           	psect	text2,local,class=CODE,merge=1,delta=2
    15                           	psect	text3,local,class=CODE,merge=1,delta=2
    16                           	psect	text4,local,class=CODE,merge=1,delta=2
    17                           	psect	text5,local,class=CODE,merge=1,delta=2
    18                           	psect	text6,local,class=CODE,merge=1,delta=2
    19                           	psect	text7,local,class=CODE,merge=1,delta=2
    20                           	psect	intentry,global,class=CODE,delta=2
    21                           	psect	text8,local,class=CODE,merge=1,delta=2
    22                           	psect	text9,local,class=CODE,merge=1,delta=2
    23                           	psect	text10,local,class=CODE,merge=1,delta=2
    24                           	dabs	1,0x7E,2
    25  0000                     	;# 
    26  0001                     	;# 
    27  0002                     	;# 
    28  0003                     	;# 
    29  0004                     	;# 
    30  0005                     	;# 
    31  0006                     	;# 
    32  0007                     	;# 
    33  0008                     	;# 
    34  0009                     	;# 
    35  000A                     	;# 
    36  000B                     	;# 
    37  000C                     	;# 
    38  000D                     	;# 
    39  000E                     	;# 
    40  000E                     	;# 
    41  000F                     	;# 
    42  0010                     	;# 
    43  0011                     	;# 
    44  0012                     	;# 
    45  0013                     	;# 
    46  0014                     	;# 
    47  0015                     	;# 
    48  0015                     	;# 
    49  0016                     	;# 
    50  0017                     	;# 
    51  0018                     	;# 
    52  0019                     	;# 
    53  001A                     	;# 
    54  001B                     	;# 
    55  001B                     	;# 
    56  001C                     	;# 
    57  001D                     	;# 
    58  001E                     	;# 
    59  001F                     	;# 
    60  0081                     	;# 
    61  0085                     	;# 
    62  0086                     	;# 
    63  0087                     	;# 
    64  0088                     	;# 
    65  0089                     	;# 
    66  008C                     	;# 
    67  008D                     	;# 
    68  008E                     	;# 
    69  0091                     	;# 
    70  0092                     	;# 
    71  0093                     	;# 
    72  0094                     	;# 
    73  0098                     	;# 
    74  0099                     	;# 
    75  009C                     	;# 
    76  009D                     	;# 
    77  009E                     	;# 
    78  009F                     	;# 
    79  010C                     	;# 
    80  010D                     	;# 
    81  010E                     	;# 
    82  010F                     	;# 
    83  018C                     	;# 
    84  018D                     	;# 
    85                           
    86                           	psect	idataCOMMON
    87  0241                     __pidataCOMMON:	
    88                           
    89                           ;initializer for _pagerID
    90  0241  344B               	retlw	75
    91                           
    92                           	psect	nvBANK0
    93  002B                     __pnvBANK0:	
    94  002B                     _BATERIJA:	
    95  002B                     	ds	1
    96  001E                     _ADRESH	set	30
    97  0001                     _TMR0	set	1
    98  0019                     _TXREG	set	25
    99  00FE                     _ADCS0	set	254
   100  00FF                     _ADCS1	set	255
   101  0066                     _ADIF	set	102
   102  00F8                     _ADON	set	248
   103  00FB                     _CHS0	set	251
   104  00FC                     _CHS1	set	252
   105  00FD                     _CHS2	set	253
   106  005F                     _GIE	set	95
   107  00FA                     _GO	set	250
   108  005C                     _INTE	set	92
   109  0059                     _INTF	set	89
   110  005E                     _PEIE	set	94
   111  002D                     _RA5	set	45
   112  0030                     _RB0	set	48
   113  003B                     _RC3	set	59
   114  0040                     _RD0	set	64
   115  0041                     _RD1	set	65
   116  0042                     _RD2	set	66
   117  0043                     _RD3	set	67
   118  0044                     _RD4	set	68
   119  0045                     _RD5	set	69
   120  0046                     _RD6	set	70
   121  00C7                     _SPEN	set	199
   122  0084                     _T1CKPS0	set	132
   123  0085                     _T1CKPS1	set	133
   124  0083                     _T1OSCEN	set	131
   125  0090                     _T2CKPS0	set	144
   126  0091                     _T2CKPS1	set	145
   127  005D                     _TMR0IE	set	93
   128  005A                     _TMR0IF	set	90
   129  0081                     _TMR1CS	set	129
   130  0060                     _TMR1IF	set	96
   131  0080                     _TMR1ON	set	128
   132  0061                     _TMR2IF	set	97
   133  0092                     _TMR2ON	set	146
   134  0092                     _PR2	set	146
   135  0099                     _SPBRG	set	153
   136  0085                     _TRISAbits	set	133
   137  0086                     _TRISBbits	set	134
   138  0087                     _TRISCbits	set	135
   139  0088                     _TRISD	set	136
   140  04FE                     _ADCS2	set	1278
   141  04FF                     _ADFM	set	1279
   142  0466                     _ADIE	set	1126
   143  04C2                     _BRGH	set	1218
   144  040E                     _INTEDG	set	1038
   145  04F8                     _PCFG0	set	1272
   146  04F9                     _PCFG1	set	1273
   147  04FA                     _PCFG2	set	1274
   148  04FB                     _PCFG3	set	1275
   149  0408                     _PS0	set	1032
   150  0409                     _PS1	set	1033
   151  040A                     _PS2	set	1034
   152  040B                     _PSA	set	1035
   153  04C4                     _SYNC	set	1220
   154  040D                     _T0CS	set	1037
   155  0460                     _TMR1IE	set	1120
   156  0461                     _TMR2IE	set	1121
   157  04C5                     _TXEN	set	1221
   158                           
   159                           ; #config settings
   160  0000                     
   161                           	psect	cinit
   162  0015                     start_initialization:	
   163  0015                     __initialization:	
   164                           
   165                           ; Clear objects allocated to COMMON
   166  0015  01F8               	clrf	__pbssCOMMON& (0+127)
   167  0016  01F9               	clrf	(__pbssCOMMON+1)& (0+127)
   168  0017  01FA               	clrf	(__pbssCOMMON+2)& (0+127)
   169  0018  01FB               	clrf	(__pbssCOMMON+3)& (0+127)
   170  0019  01FC               	clrf	(__pbssCOMMON+4)& (0+127)
   171                           
   172                           ; Clear objects allocated to BANK0
   173  001A  01A0               	clrf	__pbssBANK0& (0+127)
   174  001B  01A1               	clrf	(__pbssBANK0+1)& (0+127)
   175  001C  01A2               	clrf	(__pbssBANK0+2)& (0+127)
   176  001D  01A3               	clrf	(__pbssBANK0+3)& (0+127)
   177  001E  01A4               	clrf	(__pbssBANK0+4)& (0+127)
   178  001F  01A5               	clrf	(__pbssBANK0+5)& (0+127)
   179  0020  01A6               	clrf	(__pbssBANK0+6)& (0+127)
   180  0021  01A7               	clrf	(__pbssBANK0+7)& (0+127)
   181  0022  01A8               	clrf	(__pbssBANK0+8)& (0+127)
   182                           
   183                           ; Initialize objects allocated to COMMON
   184  0023  120A  118A  2241   	fcall	__pidataCOMMON	;fetch initializer
   185  0026  00FD               	movwf	__pdataCOMMON& (0+127)
   186  0027                     end_of_initialization:	
   187                           ;End of C runtime variable initialization code
   188                           
   189  0027                     __end_of__initialization:	
   190  0027  0183               	clrf	3
   191  0028  120A  118A  2931   	ljmp	_main	;jump to C main() function
   192                           
   193                           	psect	bssCOMMON
   194  0078                     __pbssCOMMON:	
   195  0078                     _rf_data:	
   196  0078                     	ds	2
   197  007A                     _STANJE:	
   198  007A                     	ds	1
   199  007B                     _i:	
   200  007B                     	ds	1
   201  007C                     _play:	
   202  007C                     	ds	1
   203                           
   204                           	psect	dataCOMMON
   205  007D                     __pdataCOMMON:	
   206  007D                     _pagerID:	
   207  007D                     	ds	1
   208                           
   209                           	psect	bssBANK0
   210  0020                     __pbssBANK0:	
   211  0020                     _brojacLED:	
   212  0020                     	ds	1
   213  0021                     _brojacVIB:	
   214  0021                     	ds	1
   215  0022                     _kod:	
   216  0022                     	ds	1
   217  0023                     _kodKraj:	
   218  0023                     	ds	1
   219  0024                     _loop:	
   220  0024                     	ds	1
   221  0025                     _opsegID:	
   222  0025                     	ds	1
   223  0026                     _prijem:	
   224  0026                     	ds	1
   225  0027                     _t:	
   226  0027                     	ds	1
   227  0028                     _visoko:	
   228  0028                     	ds	1
   229                           
   230                           	psect	cstackCOMMON
   231  0070                     __pcstackCOMMON:	
   232  0070                     ?_init:	
   233  0070                     ?_led_show:	
   234                           ; 0 bytes @ 0x0
   235                           
   236  0070                     ??_led_show:	
   237                           ; 0 bytes @ 0x0
   238                           
   239  0070                     ?_noPrijem:	
   240                           ; 0 bytes @ 0x0
   241                           
   242  0070                     ??_noPrijem:	
   243                           ; 0 bytes @ 0x0
   244                           
   245  0070                     ?_Prijem:	
   246                           ; 0 bytes @ 0x0
   247                           
   248  0070                     ??_Prijem:	
   249                           ; 0 bytes @ 0x0
   250                           
   251  0070                     ?_init_analog:	
   252                           ; 0 bytes @ 0x0
   253                           
   254  0070                     ?_init_buzz:	
   255                           ; 0 bytes @ 0x0
   256                           
   257  0070                     ?_init_batt:	
   258                           ; 0 bytes @ 0x0
   259                           
   260  0070                     ?_init_rf:	
   261                           ; 0 bytes @ 0x0
   262                           
   263  0070                     ?_init_debug:	
   264                           ; 0 bytes @ 0x0
   265                           
   266  0070                     ?_main:	
   267                           ; 0 bytes @ 0x0
   268                           
   269  0070                     ?_prekidna_rutina:	
   270                           ; 0 bytes @ 0x0
   271                           
   272                           
   273                           ; 0 bytes @ 0x0
   274  0070                     	ds	2
   275  0072                     Prijem@k:	
   276                           
   277                           ; 1 bytes @ 0x2
   278  0072                     	ds	1
   279  0073                     ??_prekidna_rutina:	
   280                           
   281                           ; 0 bytes @ 0x3
   282  0073                     	ds	5
   283                           
   284                           	psect	cstackBANK0
   285  0029                     __pcstackBANK0:	
   286  0029                     ??_init:	
   287  0029                     ??_init_analog:	
   288                           ; 0 bytes @ 0x0
   289                           
   290  0029                     ??_init_buzz:	
   291                           ; 0 bytes @ 0x0
   292                           
   293  0029                     ??_init_batt:	
   294                           ; 0 bytes @ 0x0
   295                           
   296  0029                     ??_init_rf:	
   297                           ; 0 bytes @ 0x0
   298                           
   299  0029                     ??_init_debug:	
   300                           ; 0 bytes @ 0x0
   301                           
   302  0029                     ??_main:	
   303                           ; 0 bytes @ 0x0
   304                           
   305                           
   306                           ; 0 bytes @ 0x0
   307  0029                     	ds	2
   308                           
   309                           	psect	maintext
   310  0131                     __pmaintext:	
   311 ;;
   312 ;;Main: autosize = 0, tempsize = 2, incstack = 0, save=0
   313 ;;
   314 ;; *************** function _main *****************
   315 ;; Defined at:
   316 ;;		line 90 in file "main.c"
   317 ;; Parameters:    Size  Location     Type
   318 ;;		None
   319 ;; Auto vars:     Size  Location     Type
   320 ;;		None
   321 ;; Return value:  Size  Location     Type
   322 ;;		None               void
   323 ;; Registers used:
   324 ;;		wreg, status,2, status,0, pclath, cstack
   325 ;; Tracked objects:
   326 ;;		On entry : B00/0
   327 ;;		On exit  : 0/0
   328 ;;		Unchanged: 0/0
   329 ;; Data sizes:     COMMON   BANK0   BANK1   BANK3   BANK2
   330 ;;      Params:         0       0       0       0       0
   331 ;;      Locals:         0       0       0       0       0
   332 ;;      Temps:          0       2       0       0       0
   333 ;;      Totals:         0       2       0       0       0
   334 ;;Total ram usage:        2 bytes
   335 ;; Hardware stack levels required when called:    4
   336 ;; This function calls:
   337 ;;		_init
   338 ;; This function is called by:
   339 ;;		Startup code after reset
   340 ;; This function uses a non-reentrant model
   341 ;;
   342                           
   343                           
   344                           ;psect for function _main
   345  0131                     _main:	
   346                           
   347                           ;main.c: 91: init();
   348                           
   349                           ;incstack = 0
   350                           ; Regs used in _main: [wreg+status,2+status,0+pclath+cstack]
   351  0131  120A  118A  2193  120A  118A  	fcall	_init
   352  0136  2974               	goto	l1150
   353  0137                     l1152:	
   354                           
   355                           ;main.c: 94: RD4 = 0;
   356  0137  1283               	bcf	3,5	;RP0=0, select bank0
   357  0138  1303               	bcf	3,6	;RP1=0, select bank0
   358  0139  1208               	bcf	8,4	;volatile
   359                           
   360                           ;main.c: 95: RD5 = 1;
   361  013A  1688               	bsf	8,5	;volatile
   362                           
   363                           ;main.c: 96: RD6 = 0;
   364  013B  1308               	bcf	8,6	;volatile
   365                           
   366                           ;main.c: 97: if (play == 1){
   367  013C  037C               	decf	_play,w
   368  013D  1D03               	btfss	3,2
   369  013E  2974               	goto	l1150
   370                           
   371                           ;main.c: 98: RC3 = 1;
   372  013F  1587               	bsf	7,3	;volatile
   373                           
   374                           ;main.c: 99: _delay((unsigned long)((1)*(8000000/4000.0)));
   375  0140  3003               	movlw	3
   376  0141  00AA               	movwf	??_main+1
   377  0142  3097               	movlw	151
   378  0143  00A9               	movwf	??_main
   379  0144                     u897:	
   380  0144  0BA9               	decfsz	??_main,f
   381  0145  2944               	goto	u897
   382  0146  0BAA               	decfsz	??_main+1,f
   383  0147  2944               	goto	u897
   384  0148  2949               	nop2
   385                           
   386                           ;main.c: 100: RC3 = 0;
   387  0149  1283               	bcf	3,5	;RP0=0, select bank0
   388  014A  1303               	bcf	3,6	;RP1=0, select bank0
   389  014B  1187               	bcf	7,3	;volatile
   390                           
   391                           ;main.c: 101: _delay((unsigned long)((1)*(8000000/4000.0)));
   392  014C  3003               	movlw	3
   393  014D  00AA               	movwf	??_main+1
   394  014E  3097               	movlw	151
   395  014F  00A9               	movwf	??_main
   396  0150                     u907:	
   397  0150  0BA9               	decfsz	??_main,f
   398  0151  2950               	goto	u907
   399  0152  0BAA               	decfsz	??_main+1,f
   400  0153  2950               	goto	u907
   401  0154  2955               	nop2
   402                           
   403                           ;main.c: 102: }
   404                           ;main.c: 103: } else if (STANJE == IZVANOPSEGA){
   405  0155  2974               	goto	l1150
   406  0156                     l1164:	
   407                           
   408                           ;main.c: 104: RD4 = 1;
   409  0156  1283               	bcf	3,5	;RP0=0, select bank0
   410  0157  1303               	bcf	3,6	;RP1=0, select bank0
   411  0158  1608               	bsf	8,4	;volatile
   412                           
   413                           ;main.c: 105: RD5 = 0;
   414  0159  1288               	bcf	8,5	;volatile
   415                           
   416                           ;main.c: 106: RD6 = 0;
   417  015A  1308               	bcf	8,6	;volatile
   418                           
   419                           ;main.c: 108: if (play == 1){
   420  015B  037C               	decf	_play,w
   421  015C  1D03               	btfss	3,2
   422  015D  2974               	goto	l1150
   423                           
   424                           ;main.c: 109: RC3 = 1;
   425  015E  1587               	bsf	7,3	;volatile
   426                           
   427                           ;main.c: 110: _delay((unsigned long)((1)*(8000000/4000.0)));
   428  015F  3003               	movlw	3
   429  0160  00AA               	movwf	??_main+1
   430  0161  3097               	movlw	151
   431  0162  00A9               	movwf	??_main
   432  0163                     u917:	
   433  0163  0BA9               	decfsz	??_main,f
   434  0164  2963               	goto	u917
   435  0165  0BAA               	decfsz	??_main+1,f
   436  0166  2963               	goto	u917
   437  0167  2968               	nop2
   438                           
   439                           ;main.c: 111: RC3 = 0;
   440  0168  1283               	bcf	3,5	;RP0=0, select bank0
   441  0169  1303               	bcf	3,6	;RP1=0, select bank0
   442  016A  1187               	bcf	7,3	;volatile
   443                           
   444                           ;main.c: 112: _delay((unsigned long)((1)*(8000000/4000.0)));
   445  016B  3003               	movlw	3
   446  016C  00AA               	movwf	??_main+1
   447  016D  3097               	movlw	151
   448  016E  00A9               	movwf	??_main
   449  016F                     u927:	
   450  016F  0BA9               	decfsz	??_main,f
   451  0170  296F               	goto	u927
   452  0171  0BAA               	decfsz	??_main+1,f
   453  0172  296F               	goto	u927
   454  0173  2974               	nop2
   455  0174                     l1150:	
   456                           ;main.c: 92: while(1) {
   457                           
   458                           ;main.c: 113: }
   459                           ;main.c: 114: } else if (STANJE == CEKANJE){
   460                           
   461                           
   462                           ;main.c: 93: if (STANJE == PROZVAN){
   463  0174  037A               	decf	_STANJE,w
   464  0175  1903               	btfsc	3,2
   465  0176  2937               	goto	l1152
   466  0177  3002               	movlw	2
   467  0178  067A               	xorwf	_STANJE,w
   468  0179  1903               	btfsc	3,2
   469  017A  2956               	goto	l1164
   470  017B  087A               	movf	_STANJE,w
   471  017C  1D03               	btfss	3,2
   472  017D  2974               	goto	l1150
   473                           
   474                           ;main.c: 115: if (BATERIJA == PRAZNA){
   475  017E  1283               	bcf	3,5	;RP0=0, select bank0
   476  017F  1303               	bcf	3,6	;RP1=0, select bank0
   477  0180  082B               	movf	_BATERIJA,w
   478  0181  1D03               	btfss	3,2
   479  0182  298B               	goto	l185
   480                           
   481                           ;main.c: 116: RD4 = 1;
   482  0183  1608               	bsf	8,4	;volatile
   483                           
   484                           ;main.c: 117: RD5 = 0;
   485  0184  1288               	bcf	8,5	;volatile
   486                           
   487                           ;main.c: 118: RD6 = 0;
   488  0185  1308               	bcf	8,6	;volatile
   489                           
   490                           ;main.c: 120: RD0 = 0;
   491  0186  1008               	bcf	8,0	;volatile
   492                           
   493                           ;main.c: 121: RD1 = 0;
   494  0187  1088               	bcf	8,1	;volatile
   495                           
   496                           ;main.c: 122: RD2 = 0;
   497  0188  1108               	bcf	8,2	;volatile
   498                           
   499                           ;main.c: 123: RD3 = 0;
   500  0189  1188               	bcf	8,3	;volatile
   501                           
   502                           ;main.c: 124: } else {
   503  018A  2974               	goto	l1150
   504  018B                     l185:	
   505                           
   506                           ;main.c: 125: RD4 = 0;
   507  018B  1208               	bcf	8,4	;volatile
   508                           
   509                           ;main.c: 126: RD5 = 0;
   510  018C  1288               	bcf	8,5	;volatile
   511                           
   512                           ;main.c: 127: RD6 = 0;
   513  018D  1308               	bcf	8,6	;volatile
   514                           
   515                           ;main.c: 129: RD0 = 1;
   516  018E  1408               	bsf	8,0	;volatile
   517                           
   518                           ;main.c: 130: RD1 = 1;
   519  018F  1488               	bsf	8,1	;volatile
   520                           
   521                           ;main.c: 131: RD2 = 1;
   522  0190  1508               	bsf	8,2	;volatile
   523                           
   524                           ;main.c: 132: RD3 = 1;
   525  0191  1588               	bsf	8,3	;volatile
   526  0192  2974               	goto	l1150
   527  0193                     __end_of_main:	
   528                           
   529                           	psect	text1
   530  0193                     __ptext1:	
   531 ;; *************** function _init *****************
   532 ;; Defined at:
   533 ;;		line 253 in file "main.c"
   534 ;; Parameters:    Size  Location     Type
   535 ;;		None
   536 ;; Auto vars:     Size  Location     Type
   537 ;;		None
   538 ;; Return value:  Size  Location     Type
   539 ;;		None               void
   540 ;; Registers used:
   541 ;;		wreg, status,2, status,0, pclath, cstack
   542 ;; Tracked objects:
   543 ;;		On entry : 0/0
   544 ;;		On exit  : 0/0
   545 ;;		Unchanged: 0/0
   546 ;; Data sizes:     COMMON   BANK0   BANK1   BANK3   BANK2
   547 ;;      Params:         0       0       0       0       0
   548 ;;      Locals:         0       0       0       0       0
   549 ;;      Temps:          0       0       0       0       0
   550 ;;      Totals:         0       0       0       0       0
   551 ;;Total ram usage:        0 bytes
   552 ;; Hardware stack levels used:    1
   553 ;; Hardware stack levels required when called:    3
   554 ;; This function calls:
   555 ;;		_init_analog
   556 ;;		_init_batt
   557 ;;		_init_buzz
   558 ;;		_init_debug
   559 ;;		_init_rf
   560 ;; This function is called by:
   561 ;;		_main
   562 ;; This function uses a non-reentrant model
   563 ;;
   564                           
   565                           
   566                           ;psect for function _init
   567  0193                     _init:	
   568                           
   569                           ;main.c: 255: STANJE = CEKANJE;
   570                           
   571                           ;incstack = 0
   572                           ; Regs used in _init: [wreg+status,2+status,0+pclath+cstack]
   573  0193  01FA               	clrf	_STANJE
   574                           
   575                           ;main.c: 258: BATERIJA = NIJEPRAZNA;
   576  0194  1283               	bcf	3,5	;RP0=0, select bank0
   577  0195  1303               	bcf	3,6	;RP1=0, select bank0
   578  0196  01AB               	clrf	_BATERIJA
   579  0197  0AAB               	incf	_BATERIJA,f
   580                           
   581                           ;main.c: 261: TRISD = 0x00;
   582  0198  1683               	bsf	3,5	;RP0=1, select bank1
   583  0199  1303               	bcf	3,6	;RP1=0, select bank1
   584  019A  0188               	clrf	8	;volatile
   585                           
   586                           ;main.c: 262: TRISAbits.TRISA0 = 1;
   587  019B  1405               	bsf	5,0	;volatile
   588                           
   589                           ;main.c: 263: TRISAbits.TRISA5 = 0;
   590  019C  1285               	bcf	5,5	;volatile
   591                           
   592                           ;main.c: 264: TRISCbits.TRISC3 = 0;
   593  019D  1187               	bcf	7,3	;volatile
   594                           
   595                           ;main.c: 265: TRISBbits.TRISB0 = 1;
   596  019E  1406               	bsf	6,0	;volatile
   597                           
   598                           ;main.c: 269: RD0 = 1;
   599  019F  1283               	bcf	3,5	;RP0=0, select bank0
   600  01A0  1303               	bcf	3,6	;RP1=0, select bank0
   601  01A1  1408               	bsf	8,0	;volatile
   602                           
   603                           ;main.c: 270: RD1 = 1;
   604  01A2  1488               	bsf	8,1	;volatile
   605                           
   606                           ;main.c: 271: RD2 = 1;
   607  01A3  1508               	bsf	8,2	;volatile
   608                           
   609                           ;main.c: 272: RD3 = 1;
   610  01A4  1588               	bsf	8,3	;volatile
   611                           
   612                           ;main.c: 273: RD4 = 0;
   613  01A5  1208               	bcf	8,4	;volatile
   614                           
   615                           ;main.c: 274: RD5 = 0;
   616  01A6  1288               	bcf	8,5	;volatile
   617                           
   618                           ;main.c: 275: RD6 = 0;
   619  01A7  1308               	bcf	8,6	;volatile
   620                           
   621                           ;main.c: 277: RA5 = 0;
   622  01A8  1285               	bcf	5,5	;volatile
   623                           
   624                           ;main.c: 278: RC3 = 0;
   625  01A9  1187               	bcf	7,3	;volatile
   626                           
   627                           ;main.c: 281: init_analog();
   628  01AA  120A  118A  21E6  120A  118A  	fcall	_init_analog
   629                           
   630                           ;main.c: 282: init_buzz();
   631  01AF  120A  118A  2212  120A  118A  	fcall	_init_buzz
   632                           
   633                           ;main.c: 283: init_batt();
   634  01B4  120A  118A  222E  120A  118A  	fcall	_init_batt
   635                           
   636                           ;main.c: 284: init_rf();
   637  01B9  120A  118A  2239  120A  118A  	fcall	_init_rf
   638                           
   639                           ;main.c: 285: PEIE = 1;
   640  01BE  170B               	bsf	11,6	;volatile
   641                           
   642                           ;main.c: 287: if (1 == 1)
   643  01BF  178B               	bsf	11,7	;volatile
   644                           
   645                           ;main.c: 288: init_debug();
   646  01C0  120A  118A  2221   	fcall	_init_debug
   647  01C3  0008               	return
   648  01C4                     __end_of_init:	
   649                           
   650                           	psect	text2
   651  0239                     __ptext2:	
   652 ;; *************** function _init_rf *****************
   653 ;; Defined at:
   654 ;;		line 335 in file "main.c"
   655 ;; Parameters:    Size  Location     Type
   656 ;;		None
   657 ;; Auto vars:     Size  Location     Type
   658 ;;		None
   659 ;; Return value:  Size  Location     Type
   660 ;;		None               void
   661 ;; Registers used:
   662 ;;		None
   663 ;; Tracked objects:
   664 ;;		On entry : 0/0
   665 ;;		On exit  : 0/0
   666 ;;		Unchanged: 0/0
   667 ;; Data sizes:     COMMON   BANK0   BANK1   BANK3   BANK2
   668 ;;      Params:         0       0       0       0       0
   669 ;;      Locals:         0       0       0       0       0
   670 ;;      Temps:          0       0       0       0       0
   671 ;;      Totals:         0       0       0       0       0
   672 ;;Total ram usage:        0 bytes
   673 ;; Hardware stack levels used:    1
   674 ;; Hardware stack levels required when called:    2
   675 ;; This function calls:
   676 ;;		Nothing
   677 ;; This function is called by:
   678 ;;		_init
   679 ;; This function uses a non-reentrant model
   680 ;;
   681                           
   682                           
   683                           ;psect for function _init_rf
   684  0239                     _init_rf:	
   685                           
   686                           ;main.c: 336: T0CS = 0;
   687                           
   688                           ;incstack = 0
   689                           ; Regs used in _init_rf: []
   690  0239  1683               	bsf	3,5	;RP0=1, select bank1
   691  023A  1303               	bcf	3,6	;RP1=0, select bank1
   692  023B  1281               	bcf	1,5	;volatile
   693                           
   694                           ;main.c: 338: PSA = 0;
   695  023C  1181               	bcf	1,3	;volatile
   696                           
   697                           ;main.c: 339: PS2 = 0;
   698  023D  1101               	bcf	1,2	;volatile
   699                           
   700                           ;main.c: 340: PS1 = 1;
   701  023E  1481               	bsf	1,1	;volatile
   702                           
   703                           ;main.c: 341: PS0 = 0;
   704  023F  1001               	bcf	1,0	;volatile
   705  0240  0008               	return
   706  0241                     __end_of_init_rf:	
   707                           
   708                           	psect	text3
   709  0221                     __ptext3:	
   710 ;; *************** function _init_debug *****************
   711 ;; Defined at:
   712 ;;		line 345 in file "main.c"
   713 ;; Parameters:    Size  Location     Type
   714 ;;		None
   715 ;; Auto vars:     Size  Location     Type
   716 ;;		None
   717 ;; Return value:  Size  Location     Type
   718 ;;		None               void
   719 ;; Registers used:
   720 ;;		wreg
   721 ;; Tracked objects:
   722 ;;		On entry : 0/0
   723 ;;		On exit  : 0/0
   724 ;;		Unchanged: 0/0
   725 ;; Data sizes:     COMMON   BANK0   BANK1   BANK3   BANK2
   726 ;;      Params:         0       0       0       0       0
   727 ;;      Locals:         0       0       0       0       0
   728 ;;      Temps:          0       0       0       0       0
   729 ;;      Totals:         0       0       0       0       0
   730 ;;Total ram usage:        0 bytes
   731 ;; Hardware stack levels used:    1
   732 ;; Hardware stack levels required when called:    2
   733 ;; This function calls:
   734 ;;		Nothing
   735 ;; This function is called by:
   736 ;;		_init
   737 ;; This function uses a non-reentrant model
   738 ;;
   739                           
   740                           
   741                           ;psect for function _init_debug
   742  0221                     _init_debug:	
   743                           
   744                           ;main.c: 346: BRGH = 1;
   745                           
   746                           ;incstack = 0
   747                           ; Regs used in _init_debug: [wreg]
   748  0221  1683               	bsf	3,5	;RP0=1, select bank1
   749  0222  1303               	bcf	3,6	;RP1=0, select bank1
   750  0223  1518               	bsf	24,2	;volatile
   751                           
   752                           ;main.c: 347: SPBRG = 51;
   753  0224  3033               	movlw	51
   754  0225  0099               	movwf	25	;volatile
   755                           
   756                           ;main.c: 348: SYNC = 0;
   757  0226  1218               	bcf	24,4	;volatile
   758                           
   759                           ;main.c: 349: SPEN = 1;
   760  0227  1283               	bcf	3,5	;RP0=0, select bank0
   761  0228  1303               	bcf	3,6	;RP1=0, select bank0
   762  0229  1798               	bsf	24,7	;volatile
   763                           
   764                           ;main.c: 350: TXEN = 1;
   765  022A  1683               	bsf	3,5	;RP0=1, select bank1
   766  022B  1303               	bcf	3,6	;RP1=0, select bank1
   767  022C  1698               	bsf	24,5	;volatile
   768  022D  0008               	return
   769  022E                     __end_of_init_debug:	
   770                           
   771                           	psect	text4
   772  0212                     __ptext4:	
   773 ;; *************** function _init_buzz *****************
   774 ;; Defined at:
   775 ;;		line 313 in file "main.c"
   776 ;; Parameters:    Size  Location     Type
   777 ;;		None
   778 ;; Auto vars:     Size  Location     Type
   779 ;;		None
   780 ;; Return value:  Size  Location     Type
   781 ;;		None               void
   782 ;; Registers used:
   783 ;;		wreg
   784 ;; Tracked objects:
   785 ;;		On entry : 0/0
   786 ;;		On exit  : 0/0
   787 ;;		Unchanged: 0/0
   788 ;; Data sizes:     COMMON   BANK0   BANK1   BANK3   BANK2
   789 ;;      Params:         0       0       0       0       0
   790 ;;      Locals:         0       0       0       0       0
   791 ;;      Temps:          0       0       0       0       0
   792 ;;      Totals:         0       0       0       0       0
   793 ;;Total ram usage:        0 bytes
   794 ;; Hardware stack levels used:    1
   795 ;; Hardware stack levels required when called:    2
   796 ;; This function calls:
   797 ;;		Nothing
   798 ;; This function is called by:
   799 ;;		_init
   800 ;; This function uses a non-reentrant model
   801 ;;
   802                           
   803                           
   804                           ;psect for function _init_buzz
   805  0212                     _init_buzz:	
   806                           
   807                           ;main.c: 314: T2CKPS1 = 1;
   808                           
   809                           ;incstack = 0
   810                           ; Regs used in _init_buzz: [wreg]
   811  0212  1283               	bcf	3,5	;RP0=0, select bank0
   812  0213  1303               	bcf	3,6	;RP1=0, select bank0
   813  0214  1492               	bsf	18,1	;volatile
   814                           
   815                           ;main.c: 315: T2CKPS0 = 1;
   816  0215  1412               	bsf	18,0	;volatile
   817                           
   818                           ;main.c: 317: PR2 = 125;
   819  0216  307D               	movlw	125
   820  0217  1683               	bsf	3,5	;RP0=1, select bank1
   821  0218  1303               	bcf	3,6	;RP1=0, select bank1
   822  0219  0092               	movwf	18	;volatile
   823                           
   824                           ;main.c: 318: TMR2ON = 1;
   825  021A  1283               	bcf	3,5	;RP0=0, select bank0
   826  021B  1303               	bcf	3,6	;RP1=0, select bank0
   827  021C  1512               	bsf	18,2	;volatile
   828                           
   829                           ;main.c: 319: TMR2IE = 1;
   830  021D  1683               	bsf	3,5	;RP0=1, select bank1
   831  021E  1303               	bcf	3,6	;RP1=0, select bank1
   832  021F  148C               	bsf	12,1	;volatile
   833  0220  0008               	return
   834  0221                     __end_of_init_buzz:	
   835                           
   836                           	psect	text5
   837  022E                     __ptext5:	
   838 ;; *************** function _init_batt *****************
   839 ;; Defined at:
   840 ;;		line 323 in file "main.c"
   841 ;; Parameters:    Size  Location     Type
   842 ;;		None
   843 ;; Auto vars:     Size  Location     Type
   844 ;;		None
   845 ;; Return value:  Size  Location     Type
   846 ;;		None               void
   847 ;; Registers used:
   848 ;;		None
   849 ;; Tracked objects:
   850 ;;		On entry : 0/0
   851 ;;		On exit  : 0/0
   852 ;;		Unchanged: 0/0
   853 ;; Data sizes:     COMMON   BANK0   BANK1   BANK3   BANK2
   854 ;;      Params:         0       0       0       0       0
   855 ;;      Locals:         0       0       0       0       0
   856 ;;      Temps:          0       0       0       0       0
   857 ;;      Totals:         0       0       0       0       0
   858 ;;Total ram usage:        0 bytes
   859 ;; Hardware stack levels used:    1
   860 ;; Hardware stack levels required when called:    2
   861 ;; This function calls:
   862 ;;		Nothing
   863 ;; This function is called by:
   864 ;;		_init
   865 ;; This function uses a non-reentrant model
   866 ;;
   867                           
   868                           
   869                           ;psect for function _init_batt
   870  022E                     _init_batt:	
   871                           
   872                           ;main.c: 324: T1CKPS1 = 1;
   873                           
   874                           ;incstack = 0
   875                           ; Regs used in _init_batt: []
   876  022E  1283               	bcf	3,5	;RP0=0, select bank0
   877  022F  1303               	bcf	3,6	;RP1=0, select bank0
   878  0230  1690               	bsf	16,5	;volatile
   879                           
   880                           ;main.c: 325: T1CKPS0 = 1;
   881  0231  1610               	bsf	16,4	;volatile
   882                           
   883                           ;main.c: 327: T1OSCEN = 0;
   884  0232  1190               	bcf	16,3	;volatile
   885                           
   886                           ;main.c: 328: TMR1CS = 0;
   887  0233  1090               	bcf	16,1	;volatile
   888                           
   889                           ;main.c: 330: TMR1ON = 1;
   890  0234  1410               	bsf	16,0	;volatile
   891                           
   892                           ;main.c: 331: TMR1IE = 1;
   893  0235  1683               	bsf	3,5	;RP0=1, select bank1
   894  0236  1303               	bcf	3,6	;RP1=0, select bank1
   895  0237  140C               	bsf	12,0	;volatile
   896  0238  0008               	return
   897  0239                     __end_of_init_batt:	
   898                           
   899                           	psect	text6
   900  01E6                     __ptext6:	
   901 ;; *************** function _init_analog *****************
   902 ;; Defined at:
   903 ;;		line 292 in file "main.c"
   904 ;; Parameters:    Size  Location     Type
   905 ;;		None
   906 ;; Auto vars:     Size  Location     Type
   907 ;;		None
   908 ;; Return value:  Size  Location     Type
   909 ;;		None               void
   910 ;; Registers used:
   911 ;;		None
   912 ;; Tracked objects:
   913 ;;		On entry : 0/0
   914 ;;		On exit  : 0/0
   915 ;;		Unchanged: 0/0
   916 ;; Data sizes:     COMMON   BANK0   BANK1   BANK3   BANK2
   917 ;;      Params:         0       0       0       0       0
   918 ;;      Locals:         0       0       0       0       0
   919 ;;      Temps:          0       0       0       0       0
   920 ;;      Totals:         0       0       0       0       0
   921 ;;Total ram usage:        0 bytes
   922 ;; Hardware stack levels used:    1
   923 ;; Hardware stack levels required when called:    2
   924 ;; This function calls:
   925 ;;		Nothing
   926 ;; This function is called by:
   927 ;;		_init
   928 ;; This function uses a non-reentrant model
   929 ;;
   930                           
   931                           
   932                           ;psect for function _init_analog
   933  01E6                     _init_analog:	
   934                           
   935                           ;main.c: 293: ADFM = 0;
   936                           
   937                           ;incstack = 0
   938                           ; Regs used in _init_analog: []
   939  01E6  1683               	bsf	3,5	;RP0=1, select bank1
   940  01E7  1303               	bcf	3,6	;RP1=0, select bank1
   941  01E8  139F               	bcf	31,7	;volatile
   942                           
   943                           ;main.c: 295: PCFG3 = 1;
   944  01E9  159F               	bsf	31,3	;volatile
   945                           
   946                           ;main.c: 296: PCFG2 = 1;
   947  01EA  151F               	bsf	31,2	;volatile
   948                           
   949                           ;main.c: 297: PCFG1 = 1;
   950  01EB  149F               	bsf	31,1	;volatile
   951                           
   952                           ;main.c: 298: PCFG0 = 0;
   953  01EC  101F               	bcf	31,0	;volatile
   954                           
   955                           ;main.c: 300: CHS2 = 0;
   956  01ED  1283               	bcf	3,5	;RP0=0, select bank0
   957  01EE  1303               	bcf	3,6	;RP1=0, select bank0
   958  01EF  129F               	bcf	31,5	;volatile
   959                           
   960                           ;main.c: 301: CHS1 = 0;
   961  01F0  121F               	bcf	31,4	;volatile
   962                           
   963                           ;main.c: 302: CHS0 = 0;
   964  01F1  119F               	bcf	31,3	;volatile
   965                           
   966                           ;main.c: 304: ADCS2 = 1;
   967  01F2  1683               	bsf	3,5	;RP0=1, select bank1
   968  01F3  1303               	bcf	3,6	;RP1=0, select bank1
   969  01F4  171F               	bsf	31,6	;volatile
   970                           
   971                           ;main.c: 305: ADCS1 = 1;
   972  01F5  1283               	bcf	3,5	;RP0=0, select bank0
   973  01F6  1303               	bcf	3,6	;RP1=0, select bank0
   974  01F7  179F               	bsf	31,7	;volatile
   975                           
   976                           ;main.c: 306: ADCS0 = 1;
   977  01F8  171F               	bsf	31,6	;volatile
   978                           
   979                           ;main.c: 308: ADON = 1;
   980  01F9  141F               	bsf	31,0	;volatile
   981                           
   982                           ;main.c: 309: ADIE = 1;
   983  01FA  1683               	bsf	3,5	;RP0=1, select bank1
   984  01FB  1303               	bcf	3,6	;RP1=0, select bank1
   985  01FC  170C               	bsf	12,6	;volatile
   986  01FD  0008               	return
   987  01FE                     __end_of_init_analog:	
   988                           
   989                           	psect	text7
   990  002B                     __ptext7:	
   991 ;; *************** function _prekidna_rutina *****************
   992 ;; Defined at:
   993 ;;		line 138 in file "main.c"
   994 ;; Parameters:    Size  Location     Type
   995 ;;		None
   996 ;; Auto vars:     Size  Location     Type
   997 ;;		None
   998 ;; Return value:  Size  Location     Type
   999 ;;		None               void
  1000 ;; Registers used:
  1001 ;;		wreg, fsr0l, fsr0h, status,2, status,0, pclath, cstack
  1002 ;; Tracked objects:
  1003 ;;		On entry : 0/0
  1004 ;;		On exit  : 0/0
  1005 ;;		Unchanged: 0/0
  1006 ;; Data sizes:     COMMON   BANK0   BANK1   BANK3   BANK2
  1007 ;;      Params:         0       0       0       0       0
  1008 ;;      Locals:         0       0       0       0       0
  1009 ;;      Temps:          5       0       0       0       0
  1010 ;;      Totals:         5       0       0       0       0
  1011 ;;Total ram usage:        5 bytes
  1012 ;; Hardware stack levels used:    1
  1013 ;; Hardware stack levels required when called:    1
  1014 ;; This function calls:
  1015 ;;		_Prijem
  1016 ;;		_led_show
  1017 ;;		_noPrijem
  1018 ;; This function is called by:
  1019 ;;		Interrupt level 1
  1020 ;; This function uses a non-reentrant model
  1021 ;;
  1022                           
  1023                           
  1024                           ;psect for function _prekidna_rutina
  1025  002B                     _prekidna_rutina:	
  1026                           
  1027                           ;main.c: 139: if(TMR2IE && TMR2IF){
  1028  002B  1683               	bsf	3,5	;RP0=1, select bank1
  1029  002C  1303               	bcf	3,6	;RP1=0, select bank1
  1030  002D  1C8C               	btfss	12,1	;volatile
  1031  002E  285E               	goto	i1l192
  1032  002F  1283               	bcf	3,5	;RP0=0, select bank0
  1033  0030  1303               	bcf	3,6	;RP1=0, select bank0
  1034  0031  1C8C               	btfss	12,1	;volatile
  1035  0032  285E               	goto	i1l192
  1036                           
  1037                           ;main.c: 140: TMR2IF = 0;
  1038  0033  108C               	bcf	12,1	;volatile
  1039                           
  1040                           ;main.c: 141: brojacLED++;
  1041  0034  3001               	movlw	1
  1042  0035  00F3               	movwf	??_prekidna_rutina
  1043  0036  0873               	movf	??_prekidna_rutina,w
  1044  0037  07A0               	addwf	_brojacLED,f
  1045                           
  1046                           ;main.c: 142: if(brojacLED == 250){
  1047  0038  30FA               	movlw	250
  1048  0039  0620               	xorwf	_brojacLED,w
  1049  003A  1D03               	btfss	3,2
  1050  003B  28A9               	goto	i1l214
  1051                           
  1052                           ;main.c: 143: brojacLED = 0;
  1053  003C  01A0               	clrf	_brojacLED
  1054                           
  1055                           ;main.c: 144: brojacVIB++;
  1056  003D  3001               	movlw	1
  1057  003E  00F3               	movwf	??_prekidna_rutina
  1058  003F  0873               	movf	??_prekidna_rutina,w
  1059  0040  07A1               	addwf	_brojacVIB,f
  1060                           
  1061                           ;main.c: 145: if (STANJE == PROZVAN || STANJE == IZVANOPSEGA){
  1062  0041  037A               	decf	_STANJE,w
  1063  0042  1903               	btfsc	3,2
  1064  0043  2848               	goto	i1l1196
  1065  0044  3002               	movlw	2
  1066  0045  067A               	xorwf	_STANJE,w
  1067  0046  1D03               	btfss	3,2
  1068  0047  28A9               	goto	i1l214
  1069  0048                     i1l1196:	
  1070                           
  1071                           ;main.c: 146: led_show();
  1072  0048  120A  118A  21FE  120A  118A  	fcall	_led_show
  1073                           
  1074                           ;main.c: 147: if(brojacVIB == 2){
  1075  004D  3002               	movlw	2
  1076  004E  1283               	bcf	3,5	;RP0=0, select bank0
  1077  004F  1303               	bcf	3,6	;RP1=0, select bank0
  1078  0050  0621               	xorwf	_brojacVIB,w
  1079  0051  1D03               	btfss	3,2
  1080  0052  2856               	goto	i1l1202
  1081                           
  1082                           ;main.c: 148: play = 1;
  1083  0053  01FC               	clrf	_play
  1084  0054  0AFC               	incf	_play,f
  1085                           
  1086                           ;main.c: 149: RA5 = 0;
  1087  0055  1285               	bcf	5,5	;volatile
  1088  0056                     i1l1202:	
  1089                           
  1090                           ;main.c: 150: }
  1091                           ;main.c: 151: if(brojacVIB == 5){
  1092  0056  3005               	movlw	5
  1093  0057  0621               	xorwf	_brojacVIB,w
  1094  0058  1D03               	btfss	3,2
  1095  0059  28A9               	goto	i1l214
  1096                           
  1097                           ;main.c: 152: RA5 = 1;
  1098  005A  1685               	bsf	5,5	;volatile
  1099                           
  1100                           ;main.c: 153: brojacVIB = 0;
  1101  005B  01A1               	clrf	_brojacVIB
  1102                           
  1103                           ;main.c: 154: play = 0;
  1104  005C  01FC               	clrf	_play
  1105                           
  1106                           ;main.c: 155: }
  1107                           ;main.c: 156: }
  1108                           ;main.c: 157: }
  1109                           ;main.c: 158: } else if (INTE && INTF){
  1110  005D  28A9               	goto	i1l214
  1111  005E                     i1l192:	
  1112  005E  1A0B               	btfsc	11,4	;volatile
  1113  005F  1C8B               	btfss	11,1	;volatile
  1114  0060  2866               	goto	i1l200
  1115                           
  1116                           ;main.c: 160: INTE = 0;
  1117  0061  120B               	bcf	11,4	;volatile
  1118                           
  1119                           ;main.c: 161: INTF = 0;
  1120  0062  108B               	bcf	11,1	;volatile
  1121                           
  1122                           ;main.c: 163: TMR0IE = 1;
  1123  0063  168B               	bsf	11,5	;volatile
  1124                           
  1125                           ;main.c: 164: TMR0IF = 0;
  1126  0064  110B               	bcf	11,2	;volatile
  1127                           
  1128                           ;main.c: 165: } else if (TMR0IE && TMR0IF){
  1129  0065  28A9               	goto	i1l214
  1130  0066                     i1l200:	
  1131  0066  1A8B               	btfsc	11,5	;volatile
  1132  0067  1D0B               	btfss	11,2	;volatile
  1133  0068  287A               	goto	i1l202
  1134                           
  1135                           ;main.c: 166: TMR0IF = 0;
  1136  0069  110B               	bcf	11,2	;volatile
  1137                           
  1138                           ;main.c: 167: if (prijem == 0) noPrijem();
  1139  006A  1283               	bcf	3,5	;RP0=0, select bank0
  1140  006B  0826               	movf	_prijem,w
  1141  006C  1D03               	btfss	3,2
  1142  006D  2874               	goto	i1l1220
  1143  006E  120A  118A  21C4  120A  118A  	fcall	_noPrijem
  1144  0073  28A9               	goto	i1l214
  1145  0074                     i1l1220:	
  1146                           
  1147                           ;main.c: 168: else Prijem();
  1148  0074  120A  118A  20B6  120A  118A  	fcall	_Prijem
  1149                           
  1150                           ;main.c: 169: } else if (TMR1IE && TMR1IF){
  1151  0079  28A9               	goto	i1l214
  1152  007A                     i1l202:	
  1153  007A  1683               	bsf	3,5	;RP0=1, select bank1
  1154  007B  1303               	bcf	3,6	;RP1=0, select bank1
  1155  007C  1C0C               	btfss	12,0	;volatile
  1156  007D  2898               	goto	i1l206
  1157  007E  1283               	bcf	3,5	;RP0=0, select bank0
  1158  007F  1303               	bcf	3,6	;RP1=0, select bank0
  1159  0080  1C0C               	btfss	12,0	;volatile
  1160  0081  2898               	goto	i1l206
  1161                           
  1162                           ;main.c: 170: TMR1IF = 0;
  1163  0082  100C               	bcf	12,0	;volatile
  1164                           
  1165                           ;main.c: 171: loop++;
  1166  0083  3001               	movlw	1
  1167  0084  00F3               	movwf	??_prekidna_rutina
  1168  0085  0873               	movf	??_prekidna_rutina,w
  1169  0086  07A4               	addwf	_loop,f
  1170                           
  1171                           ;main.c: 172: if (loop == 37){
  1172  0087  3025               	movlw	37
  1173  0088  0624               	xorwf	_loop,w
  1174  0089  1D03               	btfss	3,2
  1175  008A  28A9               	goto	i1l214
  1176                           
  1177                           ;main.c: 173: if (opsegID == 0x00)
  1178  008B  0825               	movf	_opsegID,w
  1179  008C  1D03               	btfss	3,2
  1180  008D  2893               	goto	i1l1232
  1181                           
  1182                           ;main.c: 174: STANJE = IZVANOPSEGA;
  1183  008E  3002               	movlw	2
  1184  008F  00F3               	movwf	??_prekidna_rutina
  1185  0090  0873               	movf	??_prekidna_rutina,w
  1186  0091  00FA               	movwf	_STANJE
  1187  0092  2895               	goto	i1l209
  1188  0093                     i1l1232:	
  1189                           
  1190                           ;main.c: 175: else {
  1191                           ;main.c: 176: STANJE = CEKANJE;
  1192  0093  01FA               	clrf	_STANJE
  1193                           
  1194                           ;main.c: 177: opsegID = 0x00;
  1195  0094  01A5               	clrf	_opsegID
  1196  0095                     i1l209:	
  1197                           
  1198                           ;main.c: 178: }
  1199                           ;main.c: 179: loop = 0;
  1200  0095  01A4               	clrf	_loop
  1201                           
  1202                           ;main.c: 180: GO = 1;
  1203  0096  151F               	bsf	31,2	;volatile
  1204                           
  1205                           ;main.c: 181: }
  1206                           ;main.c: 182: } else if (ADIE && ADIF){
  1207  0097  28A9               	goto	i1l214
  1208  0098                     i1l206:	
  1209  0098  1683               	bsf	3,5	;RP0=1, select bank1
  1210  0099  1303               	bcf	3,6	;RP1=0, select bank1
  1211  009A  1F0C               	btfss	12,6	;volatile
  1212  009B  28A9               	goto	i1l214
  1213  009C  1283               	bcf	3,5	;RP0=0, select bank0
  1214  009D  1303               	bcf	3,6	;RP1=0, select bank0
  1215  009E  1F0C               	btfss	12,6	;volatile
  1216  009F  28A9               	goto	i1l214
  1217                           
  1218                           ;main.c: 183: ADIF = 0;
  1219  00A0  130C               	bcf	12,6	;volatile
  1220                           
  1221                           ;main.c: 184: if (ADRESH > 60) BATERIJA = PRAZNA;
  1222  00A1  303D               	movlw	61
  1223  00A2  021E               	subwf	30,w	;volatile
  1224  00A3  1C03               	skipc
  1225  00A4  28A7               	goto	i1l212
  1226  00A5  01AB               	clrf	_BATERIJA
  1227  00A6  28A9               	goto	i1l214
  1228  00A7                     i1l212:	
  1229                           
  1230                           ;main.c: 185: else BATERIJA = NIJEPRAZNA;
  1231  00A7  01AB               	clrf	_BATERIJA
  1232  00A8  0AAB               	incf	_BATERIJA,f
  1233  00A9                     i1l214:	
  1234  00A9  0877               	movf	??_prekidna_rutina+4,w
  1235  00AA  1283               	bcf	3,5	;RP0=0, select bank0
  1236  00AB  1303               	bcf	3,6	;RP1=0, select bank0
  1237  00AC  00FF               	movwf	127
  1238  00AD  0876               	movf	??_prekidna_rutina+3,w
  1239  00AE  008A               	movwf	10
  1240  00AF  0875               	movf	??_prekidna_rutina+2,w
  1241  00B0  0084               	movwf	4
  1242  00B1  0E74               	swapf	(??_prekidna_rutina+1)^(0+-128),w
  1243  00B2  0083               	movwf	3
  1244  00B3  0EFE               	swapf	126,f
  1245  00B4  0E7E               	swapf	126,w
  1246  00B5  0009               	retfie
  1247  00B6                     __end_of_prekidna_rutina:	
  1248                           
  1249                           	psect	intentry
  1250  0004                     __pintentry:	
  1251                           ;incstack = 0
  1252                           ; Regs used in _prekidna_rutina: [wreg-fsr0h+status,2+status,0+pclath+cstack]
  1253                           
  1254  0004                     interrupt_function:	
  1255  007E                     saved_w	set	btemp
  1256  0004  00FE               	movwf	btemp
  1257  0005  0E03               	swapf	3,w
  1258  0006  00F4               	movwf	??_prekidna_rutina+1
  1259  0007  0804               	movf	4,w
  1260  0008  00F5               	movwf	??_prekidna_rutina+2
  1261  0009  080A               	movf	10,w
  1262  000A  00F6               	movwf	??_prekidna_rutina+3
  1263  000B  1283               	bcf	3,5	;RP0=0, select bank0
  1264  000C  1303               	bcf	3,6	;RP1=0, select bank0
  1265  000D  087F               	movf	btemp+1,w
  1266  000E  00F7               	movwf	??_prekidna_rutina+4
  1267  000F  120A  118A  282B   	ljmp	_prekidna_rutina
  1268                           
  1269                           	psect	text8
  1270  01C4                     __ptext8:	
  1271 ;; *************** function _noPrijem *****************
  1272 ;; Defined at:
  1273 ;;		line 189 in file "main.c"
  1274 ;; Parameters:    Size  Location     Type
  1275 ;;		None
  1276 ;; Auto vars:     Size  Location     Type
  1277 ;;		None
  1278 ;; Return value:  Size  Location     Type
  1279 ;;		None               void
  1280 ;; Registers used:
  1281 ;;		wreg, status,2, status,0
  1282 ;; Tracked objects:
  1283 ;;		On entry : 0/0
  1284 ;;		On exit  : 0/0
  1285 ;;		Unchanged: 0/0
  1286 ;; Data sizes:     COMMON   BANK0   BANK1   BANK3   BANK2
  1287 ;;      Params:         0       0       0       0       0
  1288 ;;      Locals:         0       0       0       0       0
  1289 ;;      Temps:          1       0       0       0       0
  1290 ;;      Totals:         1       0       0       0       0
  1291 ;;Total ram usage:        1 bytes
  1292 ;; Hardware stack levels used:    1
  1293 ;; This function calls:
  1294 ;;		Nothing
  1295 ;; This function is called by:
  1296 ;;		_prekidna_rutina
  1297 ;; This function uses a non-reentrant model
  1298 ;;
  1299                           
  1300                           
  1301                           ;psect for function _noPrijem
  1302  01C4                     _noPrijem:	
  1303                           
  1304                           ;main.c: 190: TMR0 = 206;
  1305                           
  1306                           ;incstack = 0
  1307                           ; Regs used in _noPrijem: [wreg+status,2+status,0]
  1308  01C4  30CE               	movlw	206
  1309  01C5  1283               	bcf	3,5	;RP0=0, select bank0
  1310  01C6  1303               	bcf	3,6	;RP1=0, select bank0
  1311  01C7  0081               	movwf	1	;volatile
  1312                           
  1313                           ;main.c: 191: if(RB0 == 1){
  1314  01C8  1C06               	btfss	6,0	;volatile
  1315  01C9  29DE               	goto	i1l1078
  1316                           
  1317                           ;main.c: 192: visoko++;
  1318  01CA  3001               	movlw	1
  1319  01CB  00F0               	movwf	??_noPrijem
  1320  01CC  0870               	movf	??_noPrijem,w
  1321  01CD  07A8               	addwf	_visoko,f
  1322                           
  1323                           ;main.c: 193: if (visoko == 13){
  1324  01CE  300D               	movlw	13
  1325  01CF  0628               	xorwf	_visoko,w
  1326  01D0  1D03               	btfss	3,2
  1327  01D1  0008               	return
  1328                           
  1329                           ;main.c: 194: visoko = 0;
  1330  01D2  01A8               	clrf	_visoko
  1331                           
  1332                           ;main.c: 195: INTE = 1;
  1333  01D3  160B               	bsf	11,4	;volatile
  1334                           
  1335                           ;main.c: 196: INTF = 0;
  1336  01D4  108B               	bcf	11,1	;volatile
  1337                           
  1338                           ;main.c: 198: INTEDG = 0;
  1339  01D5  1683               	bsf	3,5	;RP0=1, select bank1
  1340  01D6  1303               	bcf	3,6	;RP1=0, select bank1
  1341  01D7  1301               	bcf	1,6	;volatile
  1342                           
  1343                           ;main.c: 200: TMR0IE = 0;
  1344  01D8  128B               	bcf	11,5	;volatile
  1345                           
  1346                           ;main.c: 201: prijem = 1;
  1347  01D9  1283               	bcf	3,5	;RP0=0, select bank0
  1348  01DA  1303               	bcf	3,6	;RP1=0, select bank0
  1349  01DB  01A6               	clrf	_prijem
  1350  01DC  0AA6               	incf	_prijem,f
  1351                           
  1352                           ;main.c: 202: }
  1353                           ;main.c: 203: } else {
  1354  01DD  0008               	return
  1355  01DE                     i1l1078:	
  1356                           
  1357                           ;main.c: 204: visoko = 0;
  1358  01DE  01A8               	clrf	_visoko
  1359                           
  1360                           ;main.c: 205: TMR0IE = 0;
  1361  01DF  128B               	bcf	11,5	;volatile
  1362                           
  1363                           ;main.c: 206: INTE = 1;
  1364  01E0  160B               	bsf	11,4	;volatile
  1365                           
  1366                           ;main.c: 207: INTF = 0;
  1367  01E1  108B               	bcf	11,1	;volatile
  1368                           
  1369                           ;main.c: 208: INTEDG = 1;
  1370  01E2  1683               	bsf	3,5	;RP0=1, select bank1
  1371  01E3  1303               	bcf	3,6	;RP1=0, select bank1
  1372  01E4  1701               	bsf	1,6	;volatile
  1373  01E5  0008               	return
  1374  01E6                     __end_of_noPrijem:	
  1375                           
  1376                           	psect	text9
  1377  01FE                     __ptext9:	
  1378 ;; *************** function _led_show *****************
  1379 ;; Defined at:
  1380 ;;		line 354 in file "main.c"
  1381 ;; Parameters:    Size  Location     Type
  1382 ;;		None
  1383 ;; Auto vars:     Size  Location     Type
  1384 ;;		None
  1385 ;; Return value:  Size  Location     Type
  1386 ;;		None               void
  1387 ;; Registers used:
  1388 ;;		None
  1389 ;; Tracked objects:
  1390 ;;		On entry : 0/0
  1391 ;;		On exit  : 0/0
  1392 ;;		Unchanged: 0/0
  1393 ;; Data sizes:     COMMON   BANK0   BANK1   BANK3   BANK2
  1394 ;;      Params:         0       0       0       0       0
  1395 ;;      Locals:         0       0       0       0       0
  1396 ;;      Temps:          0       0       0       0       0
  1397 ;;      Totals:         0       0       0       0       0
  1398 ;;Total ram usage:        0 bytes
  1399 ;; Hardware stack levels used:    1
  1400 ;; This function calls:
  1401 ;;		Nothing
  1402 ;; This function is called by:
  1403 ;;		_prekidna_rutina
  1404 ;; This function uses a non-reentrant model
  1405 ;;
  1406                           
  1407                           
  1408                           ;psect for function _led_show
  1409  01FE                     _led_show:	
  1410                           
  1411                           ;main.c: 355: if (RD0 == 0) {
  1412                           
  1413                           ;incstack = 0
  1414                           ; Regs used in _led_show: []
  1415  01FE  1283               	bcf	3,5	;RP0=0, select bank0
  1416  01FF  1303               	bcf	3,6	;RP1=0, select bank0
  1417  0200  1808               	btfsc	8,0	;volatile
  1418  0201  2A05               	goto	i1l258
  1419                           
  1420                           ;main.c: 356: RD0 = 1;
  1421  0202  1408               	bsf	8,0	;volatile
  1422                           
  1423                           ;main.c: 357: RD1 = 0;
  1424  0203  1088               	bcf	8,1	;volatile
  1425                           
  1426                           ;main.c: 358: } else if(RD1 == 0) {
  1427  0204  0008               	return
  1428  0205                     i1l258:	
  1429  0205  1888               	btfsc	8,1	;volatile
  1430  0206  2A0A               	goto	i1l260
  1431                           
  1432                           ;main.c: 359: RD1 = 1;
  1433  0207  1488               	bsf	8,1	;volatile
  1434                           
  1435                           ;main.c: 360: RD2 = 0;
  1436  0208  1108               	bcf	8,2	;volatile
  1437                           
  1438                           ;main.c: 361: } else if(RD2 == 0) {
  1439  0209  0008               	return
  1440  020A                     i1l260:	
  1441  020A  1908               	btfsc	8,2	;volatile
  1442  020B  2A0F               	goto	i1l262
  1443                           
  1444                           ;main.c: 362: RD2 = 1;
  1445  020C  1508               	bsf	8,2	;volatile
  1446                           
  1447                           ;main.c: 363: RD3 = 0;
  1448  020D  1188               	bcf	8,3	;volatile
  1449                           
  1450                           ;main.c: 364: } else {
  1451  020E  0008               	return
  1452  020F                     i1l262:	
  1453                           
  1454                           ;main.c: 365: RD3 = 1;
  1455  020F  1588               	bsf	8,3	;volatile
  1456                           
  1457                           ;main.c: 366: RD0 = 0;
  1458  0210  1008               	bcf	8,0	;volatile
  1459  0211  0008               	return
  1460  0212                     __end_of_led_show:	
  1461                           
  1462                           	psect	text10
  1463  00B6                     __ptext10:	
  1464 ;; *************** function _Prijem *****************
  1465 ;; Defined at:
  1466 ;;		line 212 in file "main.c"
  1467 ;; Parameters:    Size  Location     Type
  1468 ;;		None
  1469 ;; Auto vars:     Size  Location     Type
  1470 ;;  k               1    2[COMMON] unsigned char 
  1471 ;; Return value:  Size  Location     Type
  1472 ;;		None               void
  1473 ;; Registers used:
  1474 ;;		wreg, fsr0l, fsr0h, status,2, status,0
  1475 ;; Tracked objects:
  1476 ;;		On entry : 0/0
  1477 ;;		On exit  : 0/0
  1478 ;;		Unchanged: 0/0
  1479 ;; Data sizes:     COMMON   BANK0   BANK1   BANK3   BANK2
  1480 ;;      Params:         0       0       0       0       0
  1481 ;;      Locals:         1       0       0       0       0
  1482 ;;      Temps:          2       0       0       0       0
  1483 ;;      Totals:         3       0       0       0       0
  1484 ;;Total ram usage:        3 bytes
  1485 ;; Hardware stack levels used:    1
  1486 ;; This function calls:
  1487 ;;		Nothing
  1488 ;; This function is called by:
  1489 ;;		_prekidna_rutina
  1490 ;; This function uses a non-reentrant model
  1491 ;;
  1492                           
  1493                           
  1494                           ;psect for function _Prijem
  1495  00B6                     _Prijem:	
  1496                           
  1497                           ;main.c: 213: TMR0 = 6;
  1498                           
  1499                           ;incstack = 0
  1500                           ; Regs used in _Prijem: [wreg-fsr0h+status,2+status,0]
  1501  00B6  3006               	movlw	6
  1502  00B7  1283               	bcf	3,5	;RP0=0, select bank0
  1503  00B8  1303               	bcf	3,6	;RP1=0, select bank0
  1504  00B9  0081               	movwf	1	;volatile
  1505                           
  1506                           ;main.c: 214: TMR0IF = 0;
  1507  00BA  110B               	bcf	11,2	;volatile
  1508                           
  1509                           ;main.c: 215: char k = 0;
  1510  00BB  01F2               	clrf	Prijem@k
  1511                           
  1512                           ;main.c: 217: if(rf_data[0] == 0x00) k = 0;
  1513  00BC  0878               	movf	_rf_data,w
  1514  00BD  1D03               	btfss	3,2
  1515  00BE  28C1               	goto	i1l223
  1516  00BF  01F2               	clrf	Prijem@k
  1517  00C0  28C3               	goto	i1l224
  1518  00C1                     i1l223:	
  1519                           
  1520                           ;main.c: 218: else k = 1;
  1521  00C1  01F2               	clrf	Prijem@k
  1522  00C2  0AF2               	incf	Prijem@k,f
  1523  00C3                     i1l224:	
  1524                           
  1525                           ;main.c: 220: if(RB0 == 1) ((rf_data[k]) |= (1 << (i)));
  1526  00C3  1C06               	btfss	6,0	;volatile
  1527  00C4  28D6               	goto	i1l1100
  1528  00C5  3001               	movlw	1
  1529  00C6  00F0               	movwf	??_Prijem
  1530  00C7  0A7B               	incf	_i,w
  1531  00C8  28CB               	goto	u52_24
  1532  00C9                     u52_25:	
  1533  00C9  1003               	clrc
  1534  00CA  0DF0               	rlf	??_Prijem,f
  1535  00CB                     u52_24:	
  1536  00CB  3EFF               	addlw	-1
  1537  00CC  1D03               	skipz
  1538  00CD  28C9               	goto	u52_25
  1539  00CE  0870               	movf	??_Prijem,w
  1540  00CF  00F1               	movwf	??_Prijem+1
  1541  00D0  0872               	movf	Prijem@k,w
  1542  00D1  3E78               	addlw	(low (_rf_data| 0))& (0+255)
  1543  00D2  0084               	movwf	4
  1544  00D3  0871               	movf	??_Prijem+1,w
  1545  00D4  0480               	iorwf	0,f
  1546  00D5  28E7               	goto	i1l1102
  1547  00D6                     i1l1100:	
  1548                           
  1549                           ;main.c: 221: else ((rf_data[k]) &= ~(1 << (i)));
  1550  00D6  3001               	movlw	1
  1551  00D7  00F0               	movwf	??_Prijem
  1552  00D8  0A7B               	incf	_i,w
  1553  00D9  28DC               	goto	u53_24
  1554  00DA                     u53_25:	
  1555  00DA  1003               	clrc
  1556  00DB  0DF0               	rlf	??_Prijem,f
  1557  00DC                     u53_24:	
  1558  00DC  3EFF               	addlw	-1
  1559  00DD  1D03               	skipz
  1560  00DE  28DA               	goto	u53_25
  1561  00DF  0870               	movf	??_Prijem,w
  1562  00E0  3AFF               	xorlw	255
  1563  00E1  00F1               	movwf	??_Prijem+1
  1564  00E2  0872               	movf	Prijem@k,w
  1565  00E3  3E78               	addlw	(low (_rf_data| 0))& (0+255)
  1566  00E4  0084               	movwf	4
  1567  00E5  0871               	movf	??_Prijem+1,w
  1568  00E6  0580               	andwf	0,f
  1569  00E7                     i1l1102:	
  1570                           
  1571                           ;main.c: 222: i++;
  1572  00E7  3001               	movlw	1
  1573  00E8  00F0               	movwf	??_Prijem
  1574  00E9  0870               	movf	??_Prijem,w
  1575  00EA  07FB               	addwf	_i,f
  1576                           
  1577                           ;main.c: 223: if(i == 8){
  1578  00EB  3008               	movlw	8
  1579  00EC  067B               	xorwf	_i,w
  1580  00ED  1D03               	btfss	3,2
  1581  00EE  0008               	return
  1582                           
  1583                           ;main.c: 224: i = 0;
  1584  00EF  01FB               	clrf	_i
  1585                           
  1586                           ;main.c: 225: prijem = 0;
  1587  00F0  01A6               	clrf	_prijem
  1588                           
  1589                           ;main.c: 226: INTE = 1;
  1590  00F1  160B               	bsf	11,4	;volatile
  1591                           
  1592                           ;main.c: 227: INTF = 0;
  1593  00F2  108B               	bcf	11,1	;volatile
  1594                           
  1595                           ;main.c: 228: INTEDG = 1;
  1596  00F3  1683               	bsf	3,5	;RP0=1, select bank1
  1597  00F4  1303               	bcf	3,6	;RP1=0, select bank1
  1598  00F5  1701               	bsf	1,6	;volatile
  1599                           
  1600                           ;main.c: 231: if(1 == 1){
  1601  00F6  128B               	bcf	11,5	;volatile
  1602                           
  1603                           ;main.c: 232: TXREG = rf_data[k];
  1604  00F7  0872               	movf	Prijem@k,w
  1605  00F8  3E78               	addlw	(low (_rf_data| 0))& (0+255)
  1606  00F9  0084               	movwf	4
  1607  00FA  0800               	movf	0,w
  1608  00FB  1283               	bcf	3,5	;RP0=0, select bank0
  1609  00FC  1303               	bcf	3,6	;RP1=0, select bank0
  1610  00FD  0099               	movwf	25	;volatile
  1611                           
  1612                           ;main.c: 233: }
  1613                           ;main.c: 235: if (k == 1){
  1614  00FE  0372               	decf	Prijem@k,w
  1615  00FF  1D03               	btfss	3,2
  1616  0100  0008               	return
  1617                           
  1618                           ;main.c: 236: if(rf_data[0] == '*' && rf_data[1] == pagerID) kod++;
  1619  0101  302A               	movlw	42
  1620  0102  0678               	xorwf	_rf_data,w
  1621  0103  1D03               	btfss	3,2
  1622  0104  290E               	goto	i1l1126
  1623  0105  0879               	movf	_rf_data+1,w
  1624  0106  067D               	xorwf	_pagerID,w
  1625  0107  1D03               	skipz
  1626  0108  290E               	goto	i1l1126
  1627  0109  3001               	movlw	1
  1628  010A  00F0               	movwf	??_Prijem
  1629  010B  0870               	movf	??_Prijem,w
  1630  010C  07A2               	addwf	_kod,f
  1631  010D  290F               	goto	i1l1128
  1632  010E                     i1l1126:	
  1633                           
  1634                           ;main.c: 237: else kod = 0;
  1635  010E  01A2               	clrf	_kod
  1636  010F                     i1l1128:	
  1637                           
  1638                           ;main.c: 239: if(rf_data[0] == '#' && rf_data[1] == pagerID) kodKraj++;
  1639  010F  3023               	movlw	35
  1640  0110  0678               	xorwf	_rf_data,w
  1641  0111  1D03               	btfss	3,2
  1642  0112  291C               	goto	i1l1134
  1643  0113  0879               	movf	_rf_data+1,w
  1644  0114  067D               	xorwf	_pagerID,w
  1645  0115  1D03               	skipz
  1646  0116  291C               	goto	i1l1134
  1647  0117  3001               	movlw	1
  1648  0118  00F0               	movwf	??_Prijem
  1649  0119  0870               	movf	??_Prijem,w
  1650  011A  07A3               	addwf	_kodKraj,f
  1651  011B  291D               	goto	i1l1136
  1652  011C                     i1l1134:	
  1653                           
  1654                           ;main.c: 240: else kodKraj = 0;
  1655  011C  01A3               	clrf	_kodKraj
  1656  011D                     i1l1136:	
  1657                           
  1658                           ;main.c: 242: if(kod == 3 && STANJE == CEKANJE) STANJE = PROZVAN;
  1659  011D  3003               	movlw	3
  1660  011E  0622               	xorwf	_kod,w
  1661  011F  1D03               	btfss	3,2
  1662  0120  2926               	goto	i1l1142
  1663  0121  087A               	movf	_STANJE,w
  1664  0122  1D03               	btfss	3,2
  1665  0123  2926               	goto	i1l1142
  1666  0124  01FA               	clrf	_STANJE
  1667  0125  0AFA               	incf	_STANJE,f
  1668  0126                     i1l1142:	
  1669                           
  1670                           ;main.c: 243: if(kodKraj == 2 && STANJE == PROZVAN) STANJE = CEKANJE;
  1671  0126  3002               	movlw	2
  1672  0127  0623               	xorwf	_kodKraj,w
  1673  0128  1D03               	btfss	3,2
  1674  0129  292E               	goto	i1l235
  1675  012A  037A               	decf	_STANJE,w
  1676  012B  1D03               	btfss	3,2
  1677  012C  292E               	goto	i1l235
  1678  012D  01FA               	clrf	_STANJE
  1679  012E                     i1l235:	
  1680                           
  1681                           ;main.c: 245: rf_data[0] = 0x00;
  1682  012E  01F8               	clrf	_rf_data
  1683                           
  1684                           ;main.c: 246: rf_data[1] = 0x00;
  1685  012F  01F9               	clrf	_rf_data+1
  1686  0130  0008               	return
  1687  0131                     __end_of_Prijem:	
  1688  007E                     btemp	set	126	;btemp
  1689  007E                     wtemp	set	126
  1690  007E                     wtemp0	set	126
  1691  0080                     wtemp1	set	128
  1692  0082                     wtemp2	set	130
  1693  0084                     wtemp3	set	132
  1694  0086                     wtemp4	set	134
  1695  0088                     wtemp5	set	136
  1696  007F                     wtemp6	set	127
  1697  007E                     ttemp	set	126
  1698  007E                     ttemp0	set	126
  1699  0081                     ttemp1	set	129
  1700  0084                     ttemp2	set	132
  1701  0087                     ttemp3	set	135
  1702  007F                     ttemp4	set	127
  1703  007E                     ltemp	set	126
  1704  007E                     ltemp0	set	126
  1705  0082                     ltemp1	set	130
  1706  0086                     ltemp2	set	134
  1707  0080                     ltemp3	set	128


Data Sizes:
    Strings     0
    Constant    0
    Data        1
    BSS         14
    Persistent  1
    Stack       0

Auto Spaces:
    Space          Size  Autos    Used
    COMMON           14      8      14
    BANK0            80      2      12
    BANK1            80      0       0
    BANK3            96      0       0
    BANK2            96      0       0

Pointer List with Targets:

    None.

Critical Paths under _main in COMMON

    None.

Critical Paths under _prekidna_rutina in COMMON

    _prekidna_rutina->_Prijem

Critical Paths under _main in BANK0

    None.

Critical Paths under _prekidna_rutina in BANK0

    None.

Critical Paths under _main in BANK1

    None.

Critical Paths under _prekidna_rutina in BANK1

    None.

Critical Paths under _main in BANK3

    None.

Critical Paths under _prekidna_rutina in BANK3

    None.

Critical Paths under _main in BANK2

    None.

Critical Paths under _prekidna_rutina in BANK2

    None.

Call Graph Tables:

 ---------------------------------------------------------------------------------
 (Depth) Function   	        Calls       Base Space   Used Autos Params    Refs
 ---------------------------------------------------------------------------------
 (0) _main                                                 2     2      0       0
                                              0 BANK0      2     2      0
                               _init
 ---------------------------------------------------------------------------------
 (1) _init                                                 0     0      0       0
                        _init_analog
                          _init_batt
                          _init_buzz
                         _init_debug
                            _init_rf
 ---------------------------------------------------------------------------------
 (2) _init_rf                                              0     0      0       0
 ---------------------------------------------------------------------------------
 (2) _init_debug                                           0     0      0       0
 ---------------------------------------------------------------------------------
 (2) _init_buzz                                            0     0      0       0
 ---------------------------------------------------------------------------------
 (2) _init_batt                                            0     0      0       0
 ---------------------------------------------------------------------------------
 (2) _init_analog                                          0     0      0       0
 ---------------------------------------------------------------------------------
 Estimated maximum stack depth 2
 ---------------------------------------------------------------------------------
 (Depth) Function   	        Calls       Base Space   Used Autos Params    Refs
 ---------------------------------------------------------------------------------
 (3) _prekidna_rutina                                      5     5      0      91
                                              3 COMMON     5     5      0
                             _Prijem
                           _led_show
                           _noPrijem
 ---------------------------------------------------------------------------------
 (4) _noPrijem                                             1     1      0       0
                                              0 COMMON     1     1      0
 ---------------------------------------------------------------------------------
 (4) _led_show                                             0     0      0       0
 ---------------------------------------------------------------------------------
 (4) _Prijem                                               3     3      0      91
                                              0 COMMON     3     3      0
 ---------------------------------------------------------------------------------
 Estimated maximum stack depth 4
 ---------------------------------------------------------------------------------

 Call Graph Graphs:

 _main (ROOT)
   _init
     _init_analog
     _init_batt
     _init_buzz
     _init_debug
     _init_rf

 _prekidna_rutina (ROOT)
   _Prijem
   _led_show
   _noPrijem

 Address spaces:
Name               Size   Autos  Total    Cost      Usage
BANK3               60      0       0       9        0.0%
BITBANK3            60      0       0       8        0.0%
SFR3                 0      0       0       4        0.0%
BITSFR3              0      0       0       4        0.0%
BANK2               60      0       0      11        0.0%
BITBANK2            60      0       0      10        0.0%
SFR2                 0      0       0       5        0.0%
BITSFR2              0      0       0       5        0.0%
BANK1               50      0       0       7        0.0%
BITBANK1            50      0       0       6        0.0%
SFR1                 0      0       0       2        0.0%
BITSFR1              0      0       0       2        0.0%
BANK0               50      2       C       5       15.0%
BITBANK0            50      0       0       4        0.0%
SFR0                 0      0       0       1        0.0%
BITSFR0              0      0       0       1        0.0%
COMMON               E      8       E       1      100.0%
BITCOMMON            E      0       0       0        0.0%
CODE                 0      0       0       0        0.0%
DATA                 0      0      1A      12        0.0%
ABS                  0      0      1A       3        0.0%
NULL                 0      0       0       0        0.0%
STACK                0      0       0       2        0.0%
EEDATA             100      0       0       0        0.0%


Microchip Technology PIC Macro Assembler V1.35 build -356382666 
Symbol Table                                                                                   Sat Jun 18 18:23:25 2016

                       _i 007B                         _t 0027               __CFG_CP$OFF 0000  
                      _GO 00FA                       l185 018B                       _GIE 005F  
                     _RB0 0030                       _RA5 002D                       _RD0 0040  
                     _RD1 0041                       _RC3 003B                       _RD2 0042  
                     _RD3 0043                       _RD4 0044                       _RD5 0045  
                     _RD6 0046                       _PS0 0408                       _PR2 0092  
                     _PS1 0409                       _PS2 040A              __CFG_CPD$OFF 0000  
                     _PSA 040B                       u907 0150                       u917 0163  
                     u927 016F                       u897 0144                       _kod 0022  
                     fsr0 0004                       indf 0000              __CFG_FOSC$HS 0000  
            __CFG_LVP$OFF 0000                      l1150 0174                      l1152 0137  
                    l1164 0156                      _ADIE 0466                      _ADIF 0066  
                    _ADFM 04FF                      _ADON 00F8                      _CHS0 00FB  
                    _CHS1 00FC                      _CHS2 00FD                      _BRGH 04C2  
                    _T0CS 040D                      _PEIE 005E                      _INTE 005C  
                    _INTF 0059                      _TMR0 0001                      _SPEN 00C7  
                    _TXEN 04C5                      _SYNC 04C4              __CFG_WRT$OFF 0000  
                    _main 0131                      _init 0193                      _loop 0024  
                    _play 007C                      btemp 007E                      ltemp 007E  
                    start 0012                      ttemp 007E                      wtemp 007E  
                   _ADCS0 00FE                     _ADCS1 00FF                     _ADCS2 04FE  
                   ?_main 0070                     ?_init 0070             __CFG_WDTE$OFF 0000  
            ?_init_analog 0070                     _PCFG0 04F8                     _PCFG1 04F9  
                   _PCFG2 04FA                     _PCFG3 04FB                     i1l200 0066  
                   i1l202 007A                     i1l212 00A7                     i1l206 0098  
                   i1l214 00A9                     i1l223 00C1                     i1l224 00C3  
                   i1l209 0095                     i1l235 012E                     i1l260 020A  
                   i1l262 020F                     i1l192 005E                     i1l258 0205  
                   _SPBRG 0099                     u52_24 00CB                     u52_25 00C9  
                   u53_24 00DC                     u53_25 00DA                     _TRISD 0088  
                   _TXREG 0019           __end_of_init_rf 0241            __CFG_BOREN$OFF 0000  
                   pclath 000A                     ltemp0 007E                     ltemp1 0082  
                   ltemp2 0086                     ltemp3 0080                     ttemp0 007E  
                   ttemp1 0081                     ttemp2 0084                     ttemp3 0087  
                   ttemp4 007F                     status 0003                     wtemp0 007E  
                   wtemp1 0080                     wtemp2 0082                     wtemp3 0084  
                   wtemp4 0086                     wtemp5 0088                     wtemp6 007F  
         __initialization 0015              __end_of_main 0193              __end_of_init 01C4  
                  ??_main 0029                    ??_init 0029                    _ADRESH 001E  
                  i1l1100 00D6                    i1l1102 00E7                    i1l1202 0056  
                  i1l1220 0074                    i1l1142 0126                    i1l1134 011C  
                  i1l1126 010E                    i1l1136 011D                    i1l1128 010F  
                  i1l1232 0093                    i1l1078 01DE                    i1l1196 0048  
                  _INTEDG 040E                    _TMR0IE 005D                    _TMR0IF 005A  
                  _TMR1IE 0460                    _TMR1IF 0060                    _TMR1CS 0081  
                  _TMR2IE 0461                    _TMR2IF 0061                    _TMR1ON 0080  
                  _TMR2ON 0092                    _STANJE 007A            __CFG_PWRTE$OFF 0000  
                  _Prijem 00B6          __end_of_led_show 0212           _prekidna_rutina 002B  
        __end_of_noPrijem 01E6                    _prijem 0026                    _visoko 0028  
               ??_init_rf 0029              __pdataCOMMON 007D                    saved_w 007E  
 __end_of__initialization 0027            __pcstackCOMMON 0070      __size_of_init_analog 0018  
              __pbssBANK0 0020        __size_of_init_batt 000B   __end_of_prekidna_rutina 00B6  
      __size_of_init_buzz 000F                __pmaintext 0131                   ?_Prijem 0070  
              __pintentry 0004                   _T1CKPS0 0084                   _T1CKPS1 0085  
                 _T2CKPS0 0090                   _T2CKPS1 0091                   _T1OSCEN 0083  
               ?_led_show 0070                 ?_noPrijem 0070                   Prijem@k 0072  
         __size_of_Prijem 007B                _init_debug 0221                   __ptext1 0193  
                 __ptext2 0239                   __ptext3 0221                   __ptext4 0212  
                 __ptext5 022E                   __ptext6 01E6                   __ptext7 002B  
                 __ptext8 01C4                   __ptext9 01FE                   _kodKraj 0023  
                 _pagerID 007D         __end_of_init_batt 0239                   _init_rf 0239  
                 _rf_data 0078         __end_of_init_buzz 0221                   _opsegID 0025  
    end_of_initialization 0027                ??_led_show 0070                ??_noPrijem 0070  
        ?_prekidna_rutina 0070                 _TRISAbits 0085                 _TRISBbits 0086  
               _TRISCbits 0087            __end_of_Prijem 0131               ?_init_debug 0070  
           __pidataCOMMON 0241       start_initialization 0015                  ??_Prijem 0070  
           ??_init_analog 0029               __pbssCOMMON 0078                 ___latbits 0002  
           __pcstackBANK0 0029       __size_of_init_debug 000D         __size_of_led_show 0014  
               __pnvBANK0 002B         __size_of_noPrijem 0022                 _brojacLED 0020  
               _brojacVIB 0021                  ?_init_rf 0070                  _BATERIJA 002B  
     __end_of_init_analog 01FE                 _init_batt 022E                 _init_buzz 0212  
       interrupt_function 0004                ?_init_batt 0070                ?_init_buzz 0070  
            ??_init_debug 0029  __size_of_prekidna_rutina 008B               _init_analog 01E6  
        __size_of_init_rf 0008                  __ptext10 00B6                  _led_show 01FE  
      __end_of_init_debug 022E                  _noPrijem 01C4             __size_of_main 0062  
           __size_of_init 0031               ??_init_batt 0029               ??_init_buzz 0029  
                intlevel1 0000         ??_prekidna_rutina 0073  
