

Microchip Technology PIC LITE Macro Assembler V1.35 build -356382666 
                                                                                               Sun Jan 17 21:02:09 2016

Microchip Technology Omniscient Code Generator v1.35 (Free mode) build 201507080246
     1                           	processor	16F877A
     2                           	opt	pw 120
     3                           	opt	lm
     4                           	psect	cinit,global,class=CODE,merge=1,delta=2
     5                           	psect	cstackCOMMON,global,class=COMMON,space=1,delta=1
     6                           	psect	maintext,global,class=CODE,split=1,delta=2
     7                           	dabs	1,0x7E,2
     8  0000                     	;# 
     9  0001                     	;# 
    10  0002                     	;# 
    11  0003                     	;# 
    12  0004                     	;# 
    13  0005                     	;# 
    14  0006                     	;# 
    15  0007                     	;# 
    16  0008                     	;# 
    17  0009                     	;# 
    18  000A                     	;# 
    19  000B                     	;# 
    20  000C                     	;# 
    21  000D                     	;# 
    22  000E                     	;# 
    23  000E                     	;# 
    24  000F                     	;# 
    25  0010                     	;# 
    26  0011                     	;# 
    27  0012                     	;# 
    28  0013                     	;# 
    29  0014                     	;# 
    30  0015                     	;# 
    31  0015                     	;# 
    32  0016                     	;# 
    33  0017                     	;# 
    34  0018                     	;# 
    35  0019                     	;# 
    36  001A                     	;# 
    37  001B                     	;# 
    38  001B                     	;# 
    39  001C                     	;# 
    40  001D                     	;# 
    41  001E                     	;# 
    42  001F                     	;# 
    43  0081                     	;# 
    44  0085                     	;# 
    45  0086                     	;# 
    46  0087                     	;# 
    47  0088                     	;# 
    48  0089                     	;# 
    49  008C                     	;# 
    50  008D                     	;# 
    51  008E                     	;# 
    52  0091                     	;# 
    53  0092                     	;# 
    54  0093                     	;# 
    55  0094                     	;# 
    56  0098                     	;# 
    57  0099                     	;# 
    58  009C                     	;# 
    59  009D                     	;# 
    60  009E                     	;# 
    61  009F                     	;# 
    62  010C                     	;# 
    63  010D                     	;# 
    64  010E                     	;# 
    65  010F                     	;# 
    66  018C                     	;# 
    67  018D                     	;# 
    68  0030                     _RB0	set	48
    69  0040                     _RD0	set	64
    70  0041                     _RD1	set	65
    71  0042                     _RD2	set	66
    72  0043                     _RD3	set	67
    73  0044                     _RD4	set	68
    74  0086                     _TRISBbits	set	134
    75  0088                     _TRISD	set	136
    76                           
    77                           ; #config settings
    78  0000                     
    79                           	psect	cinit
    80  07FC                     start_initialization:	
    81  07FC                     __initialization:	
    82  07FC                     end_of_initialization:	
    83                           ;End of C runtime variable initialization code
    84                           
    85  07FC                     __end_of__initialization:	
    86  07FC  0183               	clrf	3
    87  07FD  120A  118A  2FD5   	ljmp	_main	;jump to C main() function
    88                           
    89                           	psect	cstackCOMMON
    90  0070                     __pcstackCOMMON:	
    91  0070                     ?_main:	
    92  0070                     ??_main:	
    93                           ; 0 bytes @ 0x0
    94                           
    95                           
    96                           ; 0 bytes @ 0x0
    97  0070                     	ds	2
    98                           
    99                           	psect	maintext
   100  07D5                     __pmaintext:	
   101 ;;
   102 ;;Main: autosize = 0, tempsize = 2, incstack = 0, save=0
   103 ;;
   104 ;; *************** function _main *****************
   105 ;; Defined at:
   106 ;;		line 21 in file "main.c"
   107 ;; Parameters:    Size  Location     Type
   108 ;;		None
   109 ;; Auto vars:     Size  Location     Type
   110 ;;		None
   111 ;; Return value:  Size  Location     Type
   112 ;;		None               void
   113 ;; Registers used:
   114 ;;		wreg, status,2
   115 ;; Tracked objects:
   116 ;;		On entry : B00/0
   117 ;;		On exit  : 0/0
   118 ;;		Unchanged: 0/0
   119 ;; Data sizes:     COMMON   BANK0   BANK1   BANK3   BANK2
   120 ;;      Params:         0       0       0       0       0
   121 ;;      Locals:         0       0       0       0       0
   122 ;;      Temps:          2       0       0       0       0
   123 ;;      Totals:         2       0       0       0       0
   124 ;;Total ram usage:        2 bytes
   125 ;; This function calls:
   126 ;;		Nothing
   127 ;; This function is called by:
   128 ;;		Startup code after reset
   129 ;; This function uses a non-reentrant model
   130 ;;
   131                           
   132                           
   133                           ;psect for function _main
   134  07D5                     _main:	
   135                           
   136                           ;main.c: 22: TRISD = 0x00;
   137                           
   138                           ;incstack = 0
   139                           ; Regs used in _main: [wreg+status,2]
   140  07D5  1683               	bsf	3,5	;RP0=1, select bank1
   141  07D6  1303               	bcf	3,6	;RP1=0, select bank1
   142  07D7  0188               	clrf	8	;volatile
   143                           
   144                           ;main.c: 23: RD0 = 1;
   145  07D8  1283               	bcf	3,5	;RP0=0, select bank0
   146  07D9  1303               	bcf	3,6	;RP1=0, select bank0
   147  07DA  1408               	bsf	8,0	;volatile
   148                           
   149                           ;main.c: 24: RD1 = 1;
   150  07DB  1488               	bsf	8,1	;volatile
   151                           
   152                           ;main.c: 25: RD2 = 1;
   153  07DC  1508               	bsf	8,2	;volatile
   154                           
   155                           ;main.c: 26: RD3 = 1;
   156  07DD  1588               	bsf	8,3	;volatile
   157                           
   158                           ;main.c: 27: RD4 = 1;
   159  07DE  1608               	bsf	8,4	;volatile
   160                           
   161                           ;main.c: 29: TRISBbits.TRISB0 = 1;
   162  07DF  1683               	bsf	3,5	;RP0=1, select bank1
   163  07E0  1303               	bcf	3,6	;RP1=0, select bank1
   164  07E1  1406               	bsf	6,0	;volatile
   165  07E2  2FED               	goto	l500
   166  07E3                     l502:	
   167                           
   168                           ;main.c: 34: {
   169                           ;main.c: 35: RD0 = 0;
   170  07E3  1008               	bcf	8,0	;volatile
   171                           
   172                           ;main.c: 36: _delay((unsigned long)((10)*(8000000/4000.0)));
   173  07E4  301A               	movlw	26
   174  07E5  00F1               	movwf	??_main+1
   175  07E6  30F8               	movlw	248
   176  07E7  00F0               	movwf	??_main
   177  07E8                     u27:	
   178  07E8  0BF0               	decfsz	??_main,f
   179  07E9  2FE8               	goto	u27
   180  07EA  0BF1               	decfsz	??_main+1,f
   181  07EB  2FE8               	goto	u27
   182  07EC  0000               	nop
   183  07ED                     l500:	
   184                           ;main.c: 31: while(1)
   185                           
   186                           ;main.c: 37: }
   187                           
   188                           
   189                           ;main.c: 32: {
   190                           ;main.c: 33: if(RB0)
   191  07ED  1283               	bcf	3,5	;RP0=0, select bank0
   192  07EE  1303               	bcf	3,6	;RP1=0, select bank0
   193  07EF  1806               	btfsc	6,0	;volatile
   194  07F0  2FE3               	goto	l502
   195                           
   196                           ;main.c: 38: else
   197                           ;main.c: 39: {
   198                           ;main.c: 40: RD0 = 1;
   199  07F1  1408               	bsf	8,0	;volatile
   200                           
   201                           ;main.c: 41: _delay((unsigned long)((10)*(8000000/4000.0)));
   202  07F2  301A               	movlw	26
   203  07F3  00F1               	movwf	??_main+1
   204  07F4  30F8               	movlw	248
   205  07F5  00F0               	movwf	??_main
   206  07F6                     u37:	
   207  07F6  0BF0               	decfsz	??_main,f
   208  07F7  2FF6               	goto	u37
   209  07F8  0BF1               	decfsz	??_main+1,f
   210  07F9  2FF6               	goto	u37
   211  07FA  0000               	nop
   212  07FB  2FED               	goto	l500
   213  07FC                     __end_of_main:	
   214                           ;main.c: 42: }
   215                           ;main.c: 43: }
   216                           ;main.c: 44: return;
   217                           
   218  007E                     btemp	set	126	;btemp
   219  007E                     wtemp	set	126
   220  007E                     wtemp0	set	126
   221  0080                     wtemp1	set	128
   222  0082                     wtemp2	set	130
   223  0084                     wtemp3	set	132
   224  0086                     wtemp4	set	134
   225  0088                     wtemp5	set	136
   226  007F                     wtemp6	set	127
   227  007E                     ttemp	set	126
   228  007E                     ttemp0	set	126
   229  0081                     ttemp1	set	129
   230  0084                     ttemp2	set	132
   231  0087                     ttemp3	set	135
   232  007F                     ttemp4	set	127
   233  007E                     ltemp	set	126
   234  007E                     ltemp0	set	126
   235  0082                     ltemp1	set	130
   236  0086                     ltemp2	set	134
   237  0080                     ltemp3	set	128


Data Sizes:
    Strings     0
    Constant    0
    Data        0
    BSS         0
    Persistent  0
    Stack       0

Auto Spaces:
    Space          Size  Autos    Used
    COMMON           14      2       2
    BANK0            80      0       0
    BANK1            80      0       0
    BANK3            96      0       0
    BANK2            96      0       0

Pointer List with Targets:

    None.

Critical Paths under _main in COMMON

    None.

Critical Paths under _main in BANK0

    None.

Critical Paths under _main in BANK1

    None.

Critical Paths under _main in BANK3

    None.

Critical Paths under _main in BANK2

    None.

Call Graph Tables:

 ---------------------------------------------------------------------------------
 (Depth) Function   	        Calls       Base Space   Used Autos Params    Refs
 ---------------------------------------------------------------------------------
 (0) _main                                                 2     2      0       0
                                              0 COMMON     2     2      0
 ---------------------------------------------------------------------------------
 Estimated maximum stack depth 0
 ---------------------------------------------------------------------------------

 Call Graph Graphs:

 _main (ROOT)

 Address spaces:
Name               Size   Autos  Total    Cost      Usage
BITCOMMON            E      0       0       0        0.0%
EEDATA             100      0       0       0        0.0%
NULL                 0      0       0       0        0.0%
CODE                 0      0       0       0        0.0%
COMMON               E      2       2       1       14.3%
BITSFR0              0      0       0       1        0.0%
SFR0                 0      0       0       1        0.0%
BITSFR1              0      0       0       2        0.0%
SFR1                 0      0       0       2        0.0%
STACK                0      0       0       2        0.0%
ABS                  0      0       0       3        0.0%
BITBANK0            50      0       0       4        0.0%
BITSFR3              0      0       0       4        0.0%
SFR3                 0      0       0       4        0.0%
BANK0               50      0       0       5        0.0%
BITSFR2              0      0       0       5        0.0%
SFR2                 0      0       0       5        0.0%
BITBANK1            50      0       0       6        0.0%
BANK1               50      0       0       7        0.0%
BITBANK3            60      0       0       8        0.0%
BANK3               60      0       0       9        0.0%
BITBANK2            60      0       0      10        0.0%
BANK2               60      0       0      11        0.0%
DATA                 0      0       0      12        0.0%


Microchip Technology PIC Macro Assembler V1.35 build -356382666 
Symbol Table                                                                                   Sun Jan 17 21:02:09 2016

            __CFG_CP$OFF 0000                       u27 07E8                       u37 07F6  
                    l500 07ED                      l502 07E3                      _RB0 0030  
                    _RD0 0040                      _RD1 0041                      _RD2 0042  
                    _RD3 0043                      _RD4 0044             __CFG_CPD$OFF 0000  
           __CFG_FOSC$HS 0000             __CFG_LVP$OFF 0000             __CFG_WRT$OFF 0000  
                   _main 07D5                     btemp 007E                     ltemp 007E  
                   start 0000                     ttemp 007E                     wtemp 007E  
                  ?_main 0070            __CFG_WDTE$OFF 0000                    _TRISD 0088  
         __CFG_BOREN$OFF 0000                    ltemp0 007E                    ltemp1 0082  
                  ltemp2 0086                    ltemp3 0080                    ttemp0 007E  
                  ttemp1 0081                    ttemp2 0084                    ttemp3 0087  
                  ttemp4 007F                    status 0003                    wtemp0 007E  
                  wtemp1 0080                    wtemp2 0082                    wtemp3 0084  
                  wtemp4 0086                    wtemp5 0088                    wtemp6 007F  
        __initialization 07FC             __end_of_main 07FC                   ??_main 0070  
         __CFG_PWRTE$OFF 0000  __end_of__initialization 07FC           __pcstackCOMMON 0070  
             __pmaintext 07D5     end_of_initialization 07FC                _TRISBbits 0086  
    start_initialization 07FC                ___latbits 0002            __size_of_main 0027  
