

Microchip Technology PIC LITE Macro Assembler V1.35 build -356382666 
                                                                                               Fri Feb 26 09:54:56 2016

Microchip Technology Omniscient Code Generator v1.35 (Free mode) build 201507080246
     1                           	processor	16F877A
     2                           	opt	pw 120
     3                           	opt	lm
     4                           	psect	cinit,global,class=CODE,merge=1,delta=2
     5                           	psect	bssCOMMON,global,class=COMMON,space=1,delta=1
     6                           	psect	cstackCOMMON,global,class=COMMON,space=1,delta=1
     7                           	psect	maintext,global,class=CODE,split=1,delta=2
     8                           	psect	text1,local,class=CODE,merge=1,delta=2
     9                           	psect	text2,local,class=CODE,merge=1,delta=2
    10                           	psect	intentry,global,class=CODE,delta=2
    11                           	dabs	1,0x7E,2
    12  0000                     	;# 
    13  0001                     	;# 
    14  0002                     	;# 
    15  0003                     	;# 
    16  0004                     	;# 
    17  0005                     	;# 
    18  0006                     	;# 
    19  0007                     	;# 
    20  0008                     	;# 
    21  0009                     	;# 
    22  000A                     	;# 
    23  000B                     	;# 
    24  000C                     	;# 
    25  000D                     	;# 
    26  000E                     	;# 
    27  000E                     	;# 
    28  000F                     	;# 
    29  0010                     	;# 
    30  0011                     	;# 
    31  0012                     	;# 
    32  0013                     	;# 
    33  0014                     	;# 
    34  0015                     	;# 
    35  0015                     	;# 
    36  0016                     	;# 
    37  0017                     	;# 
    38  0018                     	;# 
    39  0019                     	;# 
    40  001A                     	;# 
    41  001B                     	;# 
    42  001B                     	;# 
    43  001C                     	;# 
    44  001D                     	;# 
    45  001E                     	;# 
    46  001F                     	;# 
    47  0081                     	;# 
    48  0085                     	;# 
    49  0086                     	;# 
    50  0087                     	;# 
    51  0088                     	;# 
    52  0089                     	;# 
    53  008C                     	;# 
    54  008D                     	;# 
    55  008E                     	;# 
    56  0091                     	;# 
    57  0092                     	;# 
    58  0093                     	;# 
    59  0094                     	;# 
    60  0098                     	;# 
    61  0099                     	;# 
    62  009C                     	;# 
    63  009D                     	;# 
    64  009E                     	;# 
    65  009F                     	;# 
    66  010C                     	;# 
    67  010D                     	;# 
    68  010E                     	;# 
    69  010F                     	;# 
    70  018C                     	;# 
    71  018D                     	;# 
    72  0008                     _PORTD	set	8
    73  0019                     _TXREG	set	25
    74  005F                     _GIE	set	95
    75  005C                     _INTE	set	92
    76  0059                     _INTF	set	89
    77  0030                     _RB0	set	48
    78  00C7                     _SPEN	set	199
    79  005D                     _TMR0IE	set	93
    80  005A                     _TMR0IF	set	90
    81  0099                     _SPBRG	set	153
    82  0086                     _TRISBbits	set	134
    83  0088                     _TRISD	set	136
    84  04C2                     _BRGH	set	1218
    85  040E                     _INTEDG	set	1038
    86  04C4                     _SYNC	set	1220
    87  04C5                     _TXEN	set	1221
    88                           
    89                           ; #config settings
    90  0000                     
    91                           	psect	cinit
    92  0015                     start_initialization:	
    93  0015                     __initialization:	
    94                           
    95                           ; Clear objects allocated to COMMON
    96  0015  01F6               	clrf	__pbssCOMMON& (0+127)
    97  0016  01F7               	clrf	(__pbssCOMMON+1)& (0+127)
    98  0017  01F8               	clrf	(__pbssCOMMON+2)& (0+127)
    99  0018  01F9               	clrf	(__pbssCOMMON+3)& (0+127)
   100  0019                     end_of_initialization:	
   101                           ;End of C runtime variable initialization code
   102                           
   103  0019                     __end_of__initialization:	
   104  0019  0183               	clrf	3
   105  001A  120A  118A  28F5   	ljmp	_main	;jump to C main() function
   106                           
   107                           	psect	bssCOMMON
   108  0076                     __pbssCOMMON:	
   109  0076                     _i:	
   110  0076                     	ds	1
   111  0077                     _kom:	
   112  0077                     	ds	1
   113  0078                     _podatak:	
   114  0078                     	ds	1
   115  0079                     _visoko:	
   116  0079                     	ds	1
   117                           
   118                           	psect	cstackCOMMON
   119  0070                     __pcstackCOMMON:	
   120  0070                     ?_init_regs:	
   121  0070                     ?_main:	
   122                           ; 0 bytes @ 0x0
   123                           
   124  0070                     ?_prekidna_rutina:	
   125                           ; 0 bytes @ 0x0
   126                           
   127  0070                     ??_prekidna_rutina:	
   128                           ; 0 bytes @ 0x0
   129                           
   130                           
   131                           ; 0 bytes @ 0x0
   132  0070                     	ds	6
   133  0076                     ??_init_regs:	
   134  0076                     ??_main:	
   135                           ; 0 bytes @ 0x6
   136                           
   137                           
   138                           	psect	maintext
   139  00F5                     __pmaintext:	
   140                           ; 0 bytes @ 0x6
   141 ;;
   142 ;;Main: autosize = 0, tempsize = 0, incstack = 0, save=0
   143 ;;
   144 ;; *************** function _main *****************
   145 ;; Defined at:
   146 ;;		line 38 in file "main.c"
   147 ;; Parameters:    Size  Location     Type
   148 ;;		None
   149 ;; Auto vars:     Size  Location     Type
   150 ;;		None
   151 ;; Return value:  Size  Location     Type
   152 ;;		None               void
   153 ;; Registers used:
   154 ;;		wreg, status,2, status,0, pclath, cstack
   155 ;; Tracked objects:
   156 ;;		On entry : B00/0
   157 ;;		On exit  : 0/0
   158 ;;		Unchanged: 0/0
   159 ;; Data sizes:     COMMON   BANK0   BANK1   BANK3   BANK2
   160 ;;      Params:         0       0       0       0       0
   161 ;;      Locals:         0       0       0       0       0
   162 ;;      Temps:          0       0       0       0       0
   163 ;;      Totals:         0       0       0       0       0
   164 ;;Total ram usage:        0 bytes
   165 ;; Hardware stack levels required when called:    2
   166 ;; This function calls:
   167 ;;		_init_regs
   168 ;; This function is called by:
   169 ;;		Startup code after reset
   170 ;; This function uses a non-reentrant model
   171 ;;
   172                           
   173                           
   174                           ;psect for function _main
   175  00F5                     _main:	
   176                           
   177                           ;main.c: 39: init_regs();
   178                           
   179                           ;incstack = 0
   180                           ; Regs used in _main: [wreg+status,2+status,0+pclath+cstack]
   181  00F5  120A  118A  20DF  120A  118A  	fcall	_init_regs
   182  00FA                     l47:	
   183                           ;main.c: 40: while(1)
   184                           
   185                           
   186                           ;main.c: 41: {
   187  00FA  28FA               	goto	l47
   188  00FB                     __end_of_main:	
   189                           ;main.c: 42: }
   190                           ;main.c: 43: return;
   191                           
   192                           
   193                           	psect	text1
   194  00DF                     __ptext1:	
   195 ;; *************** function _init_regs *****************
   196 ;; Defined at:
   197 ;;		line 46 in file "main.c"
   198 ;; Parameters:    Size  Location     Type
   199 ;;		None
   200 ;; Auto vars:     Size  Location     Type
   201 ;;		None
   202 ;; Return value:  Size  Location     Type
   203 ;;		None               void
   204 ;; Registers used:
   205 ;;		wreg, status,2
   206 ;; Tracked objects:
   207 ;;		On entry : 0/0
   208 ;;		On exit  : 0/0
   209 ;;		Unchanged: 0/0
   210 ;; Data sizes:     COMMON   BANK0   BANK1   BANK3   BANK2
   211 ;;      Params:         0       0       0       0       0
   212 ;;      Locals:         0       0       0       0       0
   213 ;;      Temps:          0       0       0       0       0
   214 ;;      Totals:         0       0       0       0       0
   215 ;;Total ram usage:        0 bytes
   216 ;; Hardware stack levels used:    1
   217 ;; Hardware stack levels required when called:    1
   218 ;; This function calls:
   219 ;;		Nothing
   220 ;; This function is called by:
   221 ;;		_main
   222 ;; This function uses a non-reentrant model
   223 ;;
   224                           
   225                           
   226                           ;psect for function _init_regs
   227  00DF                     _init_regs:	
   228                           
   229                           ;main.c: 49: TRISBbits.TRISB0 = 1;
   230                           
   231                           ;incstack = 0
   232                           ; Regs used in _init_regs: [wreg+status,2]
   233  00DF  1683               	bsf	3,5	;RP0=1, select bank1
   234  00E0  1303               	bcf	3,6	;RP1=0, select bank1
   235  00E1  1406               	bsf	6,0	;volatile
   236                           
   237                           ;main.c: 50: GIE = 1;
   238  00E2  178B               	bsf	11,7	;volatile
   239                           
   240                           ;main.c: 51: INTE = 1;
   241  00E3  160B               	bsf	11,4	;volatile
   242                           
   243                           ;main.c: 52: INTEDG = 1;
   244  00E4  1701               	bsf	1,6	;volatile
   245                           
   246                           ;main.c: 62: BRGH = 1;
   247  00E5  1518               	bsf	24,2	;volatile
   248                           
   249                           ;main.c: 63: SPBRG = 51;
   250  00E6  3033               	movlw	51
   251  00E7  0099               	movwf	25	;volatile
   252                           
   253                           ;main.c: 64: SYNC = 0;
   254  00E8  1218               	bcf	24,4	;volatile
   255                           
   256                           ;main.c: 65: SPEN = 1;
   257  00E9  1283               	bcf	3,5	;RP0=0, select bank0
   258  00EA  1303               	bcf	3,6	;RP1=0, select bank0
   259  00EB  1798               	bsf	24,7	;volatile
   260                           
   261                           ;main.c: 66: TXEN = 1;
   262  00EC  1683               	bsf	3,5	;RP0=1, select bank1
   263  00ED  1303               	bcf	3,6	;RP1=0, select bank1
   264  00EE  1698               	bsf	24,5	;volatile
   265                           
   266                           ;main.c: 67: TRISD = 0x00;
   267  00EF  0188               	clrf	8	;volatile
   268                           
   269                           ;main.c: 68: PORTD = 0xFF;
   270  00F0  30FF               	movlw	255
   271  00F1  1283               	bcf	3,5	;RP0=0, select bank0
   272  00F2  1303               	bcf	3,6	;RP1=0, select bank0
   273  00F3  0088               	movwf	8	;volatile
   274  00F4  0008               	return
   275  00F5                     __end_of_init_regs:	
   276                           
   277                           	psect	text2
   278  001D                     __ptext2:	
   279 ;; *************** function _prekidna_rutina *****************
   280 ;; Defined at:
   281 ;;		line 72 in file "main.c"
   282 ;; Parameters:    Size  Location     Type
   283 ;;		None
   284 ;; Auto vars:     Size  Location     Type
   285 ;;		None
   286 ;; Return value:  Size  Location     Type
   287 ;;		None               void
   288 ;; Registers used:
   289 ;;		wreg, status,2, status,0
   290 ;; Tracked objects:
   291 ;;		On entry : 0/0
   292 ;;		On exit  : 0/0
   293 ;;		Unchanged: 0/0
   294 ;; Data sizes:     COMMON   BANK0   BANK1   BANK3   BANK2
   295 ;;      Params:         0       0       0       0       0
   296 ;;      Locals:         0       0       0       0       0
   297 ;;      Temps:          6       0       0       0       0
   298 ;;      Totals:         6       0       0       0       0
   299 ;;Total ram usage:        6 bytes
   300 ;; Hardware stack levels used:    1
   301 ;; This function calls:
   302 ;;		Nothing
   303 ;; This function is called by:
   304 ;;		Interrupt level 1
   305 ;; This function uses a non-reentrant model
   306 ;;
   307                           
   308                           
   309                           ;psect for function _prekidna_rutina
   310  001D                     _prekidna_rutina:	
   311                           
   312                           ;main.c: 74: if (INTE && INTF)
   313  001D  1A0B               	btfsc	11,4	;volatile
   314  001E  1C8B               	btfss	11,1	;volatile
   315  001F  2881               	goto	i1l56
   316                           
   317                           ;main.c: 75: {
   318                           ;main.c: 76: INTF = 0;
   319  0020  108B               	bcf	11,1	;volatile
   320                           
   321                           ;main.c: 78: for (i = 0; i < 100; i++)
   322  0021  01F6               	clrf	_i
   323  0022  3064               	movlw	100
   324  0023  0276               	subwf	_i,w
   325  0024  1803               	btfsc	3,0
   326  0025  2836               	goto	i1l61
   327  0026                     i1l568:	
   328                           
   329                           ;main.c: 79: {
   330                           ;main.c: 80: _delay((unsigned long)((20)*(8000000/4000000.0)));
   331  0026  300D               	movlw	13
   332  0027  00F0               	movwf	??_prekidna_rutina
   333  0028                     u22_27:	
   334  0028  0BF0               	decfsz	??_prekidna_rutina,f
   335  0029  2828               	goto	u22_27
   336                           
   337                           ;main.c: 81: if (RB0 == 0) return;
   338  002A  1283               	bcf	3,5	;RP0=0, select bank0
   339  002B  1303               	bcf	3,6	;RP1=0, select bank0
   340  002C  1C06               	btfss	6,0	;volatile
   341  002D  28D2               	goto	i1l60
   342  002E  3001               	movlw	1
   343  002F  00F0               	movwf	??_prekidna_rutina
   344  0030  0870               	movf	??_prekidna_rutina,w
   345  0031  07F6               	addwf	_i,f
   346  0032  3064               	movlw	100
   347  0033  0276               	subwf	_i,w
   348  0034  1C03               	skipc
   349  0035  2826               	goto	i1l568
   350  0036                     i1l61:	
   351                           ;main.c: 82: }
   352                           ;main.c: 84: while(RB0 == 1);
   353                           
   354  0036  1806               	btfsc	6,0	;volatile
   355  0037  2836               	goto	i1l61
   356                           
   357                           ;main.c: 85: _delay((unsigned long)((1050)*(8000000/4000000.0)));
   358  0038  3003               	movlw	3
   359  0039  00F1               	movwf	??_prekidna_rutina+1
   360  003A  30B9               	movlw	185
   361  003B  00F0               	movwf	??_prekidna_rutina
   362  003C                     u23_27:	
   363  003C  0BF0               	decfsz	??_prekidna_rutina,f
   364  003D  283C               	goto	u23_27
   365  003E  0BF1               	decfsz	??_prekidna_rutina+1,f
   366  003F  283C               	goto	u23_27
   367                           
   368                           ;main.c: 87: for(i = 0; i < 8; i++)
   369  0040  01F6               	clrf	_i
   370  0041  3008               	movlw	8
   371  0042  0276               	subwf	_i,w
   372  0043  1803               	btfsc	3,0
   373  0044  2876               	goto	i1l594
   374  0045                     i1l64:	
   375                           
   376                           ;main.c: 88: {
   377                           ;main.c: 89: if(RB0 == 1)
   378  0045  1283               	bcf	3,5	;RP0=0, select bank0
   379  0046  1303               	bcf	3,6	;RP1=0, select bank0
   380  0047  1C06               	btfss	6,0	;volatile
   381  0048  2857               	goto	i1l588
   382                           
   383                           ;main.c: 90: ((podatak) |= (1 << (i)));
   384  0049  3001               	movlw	1
   385  004A  00F0               	movwf	??_prekidna_rutina
   386  004B  0A76               	incf	_i,w
   387  004C  284F               	goto	u9_24
   388  004D                     u9_25:	
   389  004D  1003               	clrc
   390  004E  0DF0               	rlf	??_prekidna_rutina,f
   391  004F                     u9_24:	
   392  004F  3EFF               	addlw	-1
   393  0050  1D03               	skipz
   394  0051  284D               	goto	u9_25
   395  0052  0870               	movf	??_prekidna_rutina,w
   396  0053  00F1               	movwf	??_prekidna_rutina+1
   397  0054  0871               	movf	??_prekidna_rutina+1,w
   398  0055  04F8               	iorwf	_podatak,f
   399  0056  2865               	goto	i1l590
   400  0057                     i1l588:	
   401                           
   402                           ;main.c: 91: else
   403                           ;main.c: 92: ((podatak) &= ~(1 << (i)));
   404  0057  3001               	movlw	1
   405  0058  00F0               	movwf	??_prekidna_rutina
   406  0059  0A76               	incf	_i,w
   407  005A  285D               	goto	u10_24
   408  005B                     u10_25:	
   409  005B  1003               	clrc
   410  005C  0DF0               	rlf	??_prekidna_rutina,f
   411  005D                     u10_24:	
   412  005D  3EFF               	addlw	-1
   413  005E  1D03               	skipz
   414  005F  285B               	goto	u10_25
   415  0060  0870               	movf	??_prekidna_rutina,w
   416  0061  3AFF               	xorlw	255
   417  0062  00F1               	movwf	??_prekidna_rutina+1
   418  0063  0871               	movf	??_prekidna_rutina+1,w
   419  0064  05F8               	andwf	_podatak,f
   420  0065                     i1l590:	
   421                           
   422                           ;main.c: 93: _delay((unsigned long)((1000)*(8000000/4000000.0)));
   423  0065  3003               	movlw	3
   424  0066  00F1               	movwf	??_prekidna_rutina+1
   425  0067  3097               	movlw	151
   426  0068  00F0               	movwf	??_prekidna_rutina
   427  0069                     u24_27:	
   428  0069  0BF0               	decfsz	??_prekidna_rutina,f
   429  006A  2869               	goto	u24_27
   430  006B  0BF1               	decfsz	??_prekidna_rutina+1,f
   431  006C  2869               	goto	u24_27
   432  006D  286E               	nop2
   433  006E  3001               	movlw	1
   434  006F  00F0               	movwf	??_prekidna_rutina
   435  0070  0870               	movf	??_prekidna_rutina,w
   436  0071  07F6               	addwf	_i,f
   437  0072  3008               	movlw	8
   438  0073  0276               	subwf	_i,w
   439  0074  1C03               	skipc
   440  0075  2845               	goto	i1l64
   441  0076                     i1l594:	
   442                           
   443                           ;main.c: 94: }
   444                           ;main.c: 96: if (podatak == '#')
   445  0076  3023               	movlw	35
   446  0077  0678               	xorwf	_podatak,w
   447  0078  1D03               	btfss	3,2
   448  0079  287C               	goto	i1l598
   449                           
   450                           ;main.c: 97: TXREG = 0x0A;
   451  007A  300A               	movlw	10
   452  007B  287D               	goto	L1
   453  007C                     i1l598:	
   454                           
   455                           ;main.c: 98: else
   456                           ;main.c: 99: TXREG = podatak;
   457  007C  0878               	movf	_podatak,w
   458  007D                     L1:	
   459  007D  1283               	bcf	3,5	;RP0=0, select bank0
   460  007E  1303               	bcf	3,6	;RP1=0, select bank0
   461  007F  0099               	movwf	25	;volatile
   462                           
   463                           ;main.c: 102: }
   464  0080  28D2               	goto	i1l60
   465  0081                     i1l56:	
   466                           
   467                           ;main.c: 103: else if (TMR0IE && TMR0IF)
   468  0081  1A8B               	btfsc	11,5	;volatile
   469  0082  1D0B               	btfss	11,2	;volatile
   470  0083  28D2               	goto	i1l60
   471                           
   472                           ;main.c: 104: {
   473                           ;main.c: 105: TMR0IF = 0;
   474  0084  110B               	bcf	11,2	;volatile
   475                           
   476                           ;main.c: 107: i++;
   477  0085  3001               	movlw	1
   478  0086  00F0               	movwf	??_prekidna_rutina
   479  0087  0870               	movf	??_prekidna_rutina,w
   480  0088  07F6               	addwf	_i,f
   481                           
   482                           ;main.c: 108: if (i < 8)
   483  0089  3008               	movlw	8
   484  008A  0276               	subwf	_i,w
   485  008B  1803               	skipnc
   486  008C  28AC               	goto	i1l614
   487                           
   488                           ;main.c: 109: {
   489                           ;main.c: 110: if (RB0 == 1) ((podatak) |= (1 << (i)));
   490  008D  1C06               	btfss	6,0	;volatile
   491  008E  289D               	goto	i1l612
   492  008F  3001               	movlw	1
   493  0090  00F0               	movwf	??_prekidna_rutina
   494  0091  0A76               	incf	_i,w
   495  0092  2895               	goto	u17_24
   496  0093                     u17_25:	
   497  0093  1003               	clrc
   498  0094  0DF0               	rlf	??_prekidna_rutina,f
   499  0095                     u17_24:	
   500  0095  3EFF               	addlw	-1
   501  0096  1D03               	skipz
   502  0097  2893               	goto	u17_25
   503  0098  0870               	movf	??_prekidna_rutina,w
   504  0099  00F1               	movwf	??_prekidna_rutina+1
   505  009A  0871               	movf	??_prekidna_rutina+1,w
   506  009B  04F8               	iorwf	_podatak,f
   507  009C  28D2               	goto	i1l60
   508  009D                     i1l612:	
   509                           
   510                           ;main.c: 111: else ((podatak) &= ~(1 << (i)));
   511  009D  3001               	movlw	1
   512  009E  00F0               	movwf	??_prekidna_rutina
   513  009F  0A76               	incf	_i,w
   514  00A0  28A3               	goto	u18_24
   515  00A1                     u18_25:	
   516  00A1  1003               	clrc
   517  00A2  0DF0               	rlf	??_prekidna_rutina,f
   518  00A3                     u18_24:	
   519  00A3  3EFF               	addlw	-1
   520  00A4  1D03               	skipz
   521  00A5  28A1               	goto	u18_25
   522  00A6  0870               	movf	??_prekidna_rutina,w
   523  00A7  3AFF               	xorlw	255
   524  00A8  00F1               	movwf	??_prekidna_rutina+1
   525  00A9  0871               	movf	??_prekidna_rutina+1,w
   526  00AA  05F8               	andwf	_podatak,f
   527                           
   528                           ;main.c: 112: }
   529  00AB  28D2               	goto	i1l60
   530  00AC                     i1l614:	
   531                           
   532                           ;main.c: 113: else
   533                           ;main.c: 114: {
   534                           ;main.c: 115: PORTD = 0xF0;
   535  00AC  30F0               	movlw	240
   536  00AD  0088               	movwf	8	;volatile
   537                           
   538                           ;main.c: 116: i = 0;
   539  00AE  01F6               	clrf	_i
   540                           
   541                           ;main.c: 117: INTE = 1;
   542  00AF  160B               	bsf	11,4	;volatile
   543                           
   544                           ;main.c: 118: TMR0IE = 0;
   545  00B0  128B               	bcf	11,5	;volatile
   546                           
   547                           ;main.c: 120: for (i = 0; i < 8; i++)
   548  00B1  01F6               	clrf	_i
   549  00B2  3008               	movlw	8
   550  00B3  0276               	subwf	_i,w
   551  00B4  1803               	btfsc	3,0
   552  00B5  28D1               	goto	i1l632
   553  00B6                     i1l626:	
   554                           
   555                           ;main.c: 121: {
   556                           ;main.c: 122: TXREG = ((podatak) & (1 << (i))) + '0';
   557  00B6  3001               	movlw	1
   558  00B7  00F0               	movwf	??_prekidna_rutina
   559  00B8  0A76               	incf	_i,w
   560  00B9  28BC               	goto	u20_24
   561  00BA                     u20_25:	
   562  00BA  1003               	clrc
   563  00BB  0DF0               	rlf	??_prekidna_rutina,f
   564  00BC                     u20_24:	
   565  00BC  3EFF               	addlw	-1
   566  00BD  1D03               	skipz
   567  00BE  28BA               	goto	u20_25
   568  00BF  0870               	movf	??_prekidna_rutina,w
   569  00C0  0578               	andwf	_podatak,w
   570  00C1  3E30               	addlw	48
   571  00C2  1283               	bcf	3,5	;RP0=0, select bank0
   572  00C3  1303               	bcf	3,6	;RP1=0, select bank0
   573  00C4  0099               	movwf	25	;volatile
   574                           
   575                           ;main.c: 123: _delay((unsigned long)((50)*(8000000/4000000.0)));
   576  00C5  3021               	movlw	33
   577  00C6  00F0               	movwf	??_prekidna_rutina
   578  00C7                     u25_27:	
   579  00C7  0BF0               	decfsz	??_prekidna_rutina,f
   580  00C8  28C7               	goto	u25_27
   581  00C9  3001               	movlw	1
   582  00CA  00F0               	movwf	??_prekidna_rutina
   583  00CB  0870               	movf	??_prekidna_rutina,w
   584  00CC  07F6               	addwf	_i,f
   585  00CD  3008               	movlw	8
   586  00CE  0276               	subwf	_i,w
   587  00CF  1C03               	skipc
   588  00D0  28B6               	goto	i1l626
   589  00D1                     i1l632:	
   590                           
   591                           ;main.c: 124: }
   592                           ;main.c: 125: i = 0;
   593  00D1  01F6               	clrf	_i
   594  00D2                     i1l60:	
   595  00D2  0875               	movf	??_prekidna_rutina+5,w
   596  00D3  1283               	bcf	3,5	;RP0=0, select bank0
   597  00D4  1303               	bcf	3,6	;RP1=0, select bank0
   598  00D5  00FF               	movwf	127
   599  00D6  0874               	movf	??_prekidna_rutina+4,w
   600  00D7  008A               	movwf	10
   601  00D8  0873               	movf	??_prekidna_rutina+3,w
   602  00D9  0084               	movwf	4
   603  00DA  0E72               	swapf	(??_prekidna_rutina+2)^(0+-128),w
   604  00DB  0083               	movwf	3
   605  00DC  0EFE               	swapf	126,f
   606  00DD  0E7E               	swapf	126,w
   607  00DE  0009               	retfie
   608  00DF                     __end_of_prekidna_rutina:	
   609  007E                     btemp	set	126	;btemp
   610  007E                     wtemp	set	126
   611  007E                     wtemp0	set	126
   612  0080                     wtemp1	set	128
   613  0082                     wtemp2	set	130
   614  0084                     wtemp3	set	132
   615  0086                     wtemp4	set	134
   616  0088                     wtemp5	set	136
   617  007F                     wtemp6	set	127
   618  007E                     ttemp	set	126
   619  007E                     ttemp0	set	126
   620  0081                     ttemp1	set	129
   621  0084                     ttemp2	set	132
   622  0087                     ttemp3	set	135
   623  007F                     ttemp4	set	127
   624  007E                     ltemp	set	126
   625  007E                     ltemp0	set	126
   626  0082                     ltemp1	set	130
   627  0086                     ltemp2	set	134
   628  0080                     ltemp3	set	128
   629                           
   630                           	psect	intentry
   631  0004                     __pintentry:	
   632                           ;incstack = 0
   633                           ; Regs used in _prekidna_rutina: [wreg+status,2+status,0]
   634                           
   635  0004                     interrupt_function:	
   636  007E                     saved_w	set	btemp
   637  0004  00FE               	movwf	btemp
   638  0005  0E03               	swapf	3,w
   639  0006  00F2               	movwf	??_prekidna_rutina+2
   640  0007  0804               	movf	4,w
   641  0008  00F3               	movwf	??_prekidna_rutina+3
   642  0009  080A               	movf	10,w
   643  000A  00F4               	movwf	??_prekidna_rutina+4
   644  000B  1283               	bcf	3,5	;RP0=0, select bank0
   645  000C  1303               	bcf	3,6	;RP1=0, select bank0
   646  000D  087F               	movf	btemp+1,w
   647  000E  00F5               	movwf	??_prekidna_rutina+5
   648  000F  120A  118A  281D   	ljmp	_prekidna_rutina


Data Sizes:
    Strings     0
    Constant    0
    Data        0
    BSS         4
    Persistent  0
    Stack       0

Auto Spaces:
    Space          Size  Autos    Used
    COMMON           14      6      10
    BANK0            80      0       0
    BANK1            80      0       0
    BANK3            96      0       0
    BANK2            96      0       0

Pointer List with Targets:

    None.

Critical Paths under _main in COMMON

    None.

Critical Paths under _prekidna_rutina in COMMON

    None.

Critical Paths under _main in BANK0

    None.

Critical Paths under _prekidna_rutina in BANK0

    None.

Critical Paths under _main in BANK1

    None.

Critical Paths under _prekidna_rutina in BANK1

    None.

Critical Paths under _main in BANK3

    None.

Critical Paths under _prekidna_rutina in BANK3

    None.

Critical Paths under _main in BANK2

    None.

Critical Paths under _prekidna_rutina in BANK2

    None.

Call Graph Tables:

 ---------------------------------------------------------------------------------
 (Depth) Function   	        Calls       Base Space   Used Autos Params    Refs
 ---------------------------------------------------------------------------------
 (0) _main                                                 0     0      0       0
                          _init_regs
 ---------------------------------------------------------------------------------
 (1) _init_regs                                            0     0      0       0
 ---------------------------------------------------------------------------------
 Estimated maximum stack depth 1
 ---------------------------------------------------------------------------------
 (Depth) Function   	        Calls       Base Space   Used Autos Params    Refs
 ---------------------------------------------------------------------------------
 (2) _prekidna_rutina                                      6     6      0       0
                                              0 COMMON     6     6      0
 ---------------------------------------------------------------------------------
 Estimated maximum stack depth 2
 ---------------------------------------------------------------------------------

 Call Graph Graphs:

 _main (ROOT)
   _init_regs

 _prekidna_rutina (ROOT)

 Address spaces:
Name               Size   Autos  Total    Cost      Usage
BITCOMMON            E      0       0       0        0.0%
EEDATA             100      0       0       0        0.0%
NULL                 0      0       0       0        0.0%
CODE                 0      0       0       0        0.0%
COMMON               E      6       A       1       71.4%
BITSFR0              0      0       0       1        0.0%
SFR0                 0      0       0       1        0.0%
BITSFR1              0      0       0       2        0.0%
SFR1                 0      0       0       2        0.0%
STACK                0      0       0       2        0.0%
ABS                  0      0       A       3        0.0%
BITBANK0            50      0       0       4        0.0%
BITSFR3              0      0       0       4        0.0%
SFR3                 0      0       0       4        0.0%
BANK0               50      0       0       5        0.0%
BITSFR2              0      0       0       5        0.0%
SFR2                 0      0       0       5        0.0%
BITBANK1            50      0       0       6        0.0%
BANK1               50      0       0       7        0.0%
BITBANK3            60      0       0       8        0.0%
BANK3               60      0       0       9        0.0%
BITBANK2            60      0       0      10        0.0%
BANK2               60      0       0      11        0.0%
DATA                 0      0       A      12        0.0%


Microchip Technology PIC Macro Assembler V1.35 build -356382666 
Symbol Table                                                                                   Fri Feb 26 09:54:56 2016

                       _i 0076               __CFG_CP$OFF 0000                        l47 00FA  
                     _GIE 005F                       _RB0 0030              __CFG_CPD$OFF 0000  
                     _kom 0077                       fsr0 0004              __CFG_FOSC$HS 0000  
            __CFG_LVP$OFF 0000                      _BRGH 04C2                      _INTE 005C  
                    _INTF 0059                      i1l60 00D2                      i1l61 0036  
                    i1l64 0045                      i1l56 0081                      _SPEN 00C7  
                    _TXEN 04C5                      _SYNC 04C4                      u9_24 004F  
                    u9_25 004D              __CFG_WRT$OFF 0000                      _main 00F5  
                    btemp 007E                      ltemp 007E                      start 0012  
                    ttemp 007E                      wtemp 007E                     ?_main 0070  
           __CFG_WDTE$OFF 0000                     i1l612 009D                     i1l614 00AC  
                   i1l632 00D1                     i1l626 00B6                     i1l590 0065  
                   i1l568 0026                     i1l594 0076                     i1l588 0057  
                   i1l598 007C                     u10_24 005D                     u10_25 005B  
                   u20_24 00BC                     u20_25 00BA                     u22_27 0028  
                   u23_27 003C                     u24_27 0069                     u17_24 0095  
                   u17_25 0093                     u25_27 00C7                     _SPBRG 0099  
                   u18_24 00A3                     u18_25 00A1                     _PORTD 0008  
                   _TRISD 0088                     _TXREG 0019            __CFG_BOREN$OFF 0000  
                   pclath 000A                     ltemp0 007E                     ltemp1 0082  
                   ltemp2 0086                     ltemp3 0080                     ttemp0 007E  
                   ttemp1 0081                     ttemp2 0084                     ttemp3 0087  
                   ttemp4 007F                     status 0003                     wtemp0 007E  
                   wtemp1 0080                     wtemp2 0082                     wtemp3 0084  
                   wtemp4 0086                     wtemp5 0088                     wtemp6 007F  
         __initialization 0015              __end_of_main 00FB                    ??_main 0076  
                  _INTEDG 040E                    _TMR0IE 005D                    _TMR0IF 005A  
          __CFG_PWRTE$OFF 0000           _prekidna_rutina 001D                    _visoko 0079  
                  saved_w 007E   __end_of__initialization 0019            __pcstackCOMMON 0070  
 __end_of_prekidna_rutina 00DF        __size_of_init_regs 0016                __pmaintext 00F5  
              __pintentry 0004                   __ptext1 00DF                   __ptext2 001D  
       __end_of_init_regs 00F5                   _podatak 0078      end_of_initialization 0019  
        ?_prekidna_rutina 0070                 _TRISBbits 0086       start_initialization 0015  
             __pbssCOMMON 0076                 ___latbits 0002                 _init_regs 00DF  
       interrupt_function 0004                ?_init_regs 0070  __size_of_prekidna_rutina 00C2  
           __size_of_main 0006               ??_init_regs 0076                  intlevel1 0000  
       ??_prekidna_rutina 0070  
